1642089152596	geckodriver	INFO	Listening on 127.0.0.1:53568
1642089155670	mozrunner::runner	INFO	Running command: "C:\\Program Files\\Mozilla Firefox\\firefox.exe" "--marionette" "-headless" "-no-remote" "-profile" "C:\\Users\\hp\\AppData\\Local\\Temp\\rust_mozprofilepYXmfc"
*** You are running in headless mode.
1642089155984	Marionette	INFO	Marionette enabled
[GFX1-]: RenderCompositorSWGL failed mapping default framebuffer, no dt
console.warn: SearchSettings: "get: No settings file exists, new profile?" (new NotFoundError("Could not open the file at C:\\Users\\hp\\AppData\\Local\\Temp\\rust_mozprofilei2XwUB\\search.json.mozlz4", (void 0)))
1642089157821	Marionette	INFO	Listening on port 53600
1642089157856	RemoteAgent	WARN	TLS certificate errors will be ignored for this session
JavaScript error: https://medianews.az/, line 74: SecurityError: Permission denied to access property "document" on cross-origin object
JavaScript error: https://quantcast.mgr.consensu.org/choice/6Fv0cGNfc_bw8/www.themoneytizer.com/choice.js, line 18: TypeError: window.__tcfapi is not a function
JavaScript error: https://quantcast.mgr.consensu.org/tcfv2/cmp2.js?referer=www.themoneytizer.com, line 1: TypeError: window.__tcfapi is not a function
JavaScript warning: https://cdn.ftd.agency/libs/e.js, line 47: WEBGL_debug_renderer_info is deprecated in Firefox and will be removed. Please use RENDERER.
JavaScript warning: https://qaynarinfo.az/theme/frontend/new/style/default/js/jquery.js?ve, line 2: Using //@ to indicate sourceMappingURL pragmas is deprecated. Use //# instead
JavaScript warning: https://cdn.ftd.agency/libs/e.js, line 47:JavaScript warning: https://mc.yandex.ru/metrika/watch.js, line 10: WEBGL_debug_renderer_info is deprecated in Firefox and will be removed. Please use RENDERER.
JavaScript warning: https://mc.yandex.ru/metrika/watch.js, line 10: WEBGL_debug_renderer_info iJavaScript warning: https://www.myjscript.com/ajax/jquery.min.php, JavaScript warning: https://pagead2.googlesyndication.com/bg/u1NYxsmA8ZVAu2sVzPZBh4qj2FMOPiJd8uWeqwBcPdE.js line 1 > eval line 7165 > eval, line 1: WEBGL_debug_renderer_info is deprecated in Firefox and will be removed. Please use RENDERER.
1642089223781	Marionette	WARN	Ignoring event 'pageshow' because document has an invalid reaJavaScript warning: https://pJavaScrconsole.warn: LoginHelper(Content): "Couldn't parse origin for" "about:blank" ({})
JavaScript error: , line 0: uncaught exception: undefined
JavaScript warning: https://cdn.ftd.agency/libs/e.js, line 47: WEBGL_debug_renderer_info is deprecated in Firefox and will be removed. Please use RENDERER.
JavaScript error: https://medianews.az/, line 74: SecurityError: Permission denied to access property "document" on cross-origin object
JavaScript error: https://quantcast.mgr.consensu.org/choice/6Fv0cGNfc_bw8/www.themoneytizer.com/choice.js, line 18: TypeError: window.__tcfapi is not a function
JavaScript warning: https://cdn.ftd.agency/libs/e.js, line 47: WEBGL_debug_renderer_info is deprecated in Firefox and will be removed. Please use RENDERER.
JavaScript warning: https://qaynarinfo.az/theme/frontend/new/style/default/js/jquery.js?ve, line 2: Using //@ to indicate sourceMappingURL pragmas is deprecated. Use //# instead
JavaScript error: https://quantcast.mgr.consensu.org/tcfv2/cmp2.js?referer=www.themoneytizer.com, line 1: TypeError: window.__tcfapi is not a function
JavaJavaScript warning: https://pagead2.googlesyndication.com/bg/u1NYxsmA8ZVAu2sVzPZBh4qj2FMOPiJd8uWeqwBcPdE.js line 1 > eval line 5041 > eval, line 1: WEJavaScript warning: https://pagead2.googlesyndication.com/bg/u1NYxsmA8ZVAu2sVzPZBh4qj2FMOPiJd8uWeqwBcPdE.js line 1 > eval line 2202 > eval, line 1: WEBGL_debug_renderer_info is deprecated in Firefox and will be removed. Please use RENDERER.
JavaScript warning: https://cdn.ftd.agency/libs/e.js, line 47: WEBGL_debug_renderer_info is deprecated in Firefox and will be removed. Please use RENDERER.
JavaScript error: https://medianews.az/, line 74: SecurityError: Permission denied to access property "document" on cross-origin object
JavaScript error: https://quantcast.mgr.consensu.org/choice/6Fv0cGNfc_bw8/www.themoneytizer.com/choice.js, line 18: TypeError: window.__tcfapi is not a function
JavaScript warning: https://qaynarinfo.az/theme/frontend/new/style/default/js/jquery.js?ve, line 2: Using //@ to indicate sourceMappingURL pragmas is deprecated. Use //# instead
JavaScript warning: https://cdn.ftd.agency/libs/e.js, line 47: WEBGL_debug_renderer_info is deprecated in Firefox and will be removed. Please use RENDERER.
JavaScript warning: https://www.myjscript.com/ajax/jquery.min.php, line 3: Using //@ to indicate sourceMappingURL pragmas is deprecated. Use //# instead
JavaScript error: https://quantcast.mgr.consensu.org/tcfv2/cmp2.js?referer=www.themoneytizer.com, line 1: TypeError: window.__tcfapi is not a function
JavaScript warning: https://pagead2.googlesyndication.com/bg/u1NYxsmA8ZVAu2sVzPZBh4qj2FMOPiJd8uWeqwBcPdE.js line 1 > eval line 2341 > eval line 1 > eval, line 1: WEBGL_debug_renderer_info is deprecated in Firefox and will be removed. Please use RENDERER.
console.warn: LoginHelper(Content): "Couldn't parse origin for" "about:blank" ({})
JavaScript warning: https://cdn.ftd.agency/libs/e.js, line 47: WEBGL_debug_renderer_info is deprecated in Firefox and will be removed. Please use RENDERER.
JavaScript warning: https://qaynarinfo.az/theme/frontend/new/style/default/js/jquery.js?ve, line 2: Using //@ to indicate sourceMappingURL pragmas is deprecated. Use //# instead
JavaScript error: https://medianews.az/, line 74: SecurityError: Permission denied to access property "document" on cross-origin object
JavaScript error: https://quantcast.mgr.consensu.org/choice/6Fv0cGNfc_bw8/www.themoneytizer.com/choice.js, line 18: TypeError: window.__tcfapi is not a function
JavaScript warning: https://www.myjscript.com/ajax/jquery.min.php, line 3: Using //@ to indicate sourceMappingURL pragmas is deprecated. Use //# instead
JavaScript error: https://quantcast.mgr.consensu.org/tcfv2/cmp2.js?referer=www.themoneytizer.com, line 1: TypeError: window.__tcfapi is not a function
JavaScript warning: https://cdn.ftd.agency/libs/e.js, line 47: WEBGL_debug_renderer_info is deprecated in Firefox and will be removed. Please use RENDERER.
JavaScript warning: https://pagead2.googlesyndication.com/bg/u1NYxsmA8ZVAu2sVzPZBh4qj2FMOPiJd8uWeqwBcPdE.js line 1 > eval line 2303 > eval, line 1: WEBGL_debug_renderer_info is deprecated in Firefox and will be removed. Please use RENDERER.
JavaScript warning: https://cdn.ftd.agency/libs/e.js, line 47: WEBGL_debug_renderer_info is deprecated in Firefox and will be removed. Please use RENDERER.
JavaScript error: https://medianews.az/, line 74: SecurityError: Permission denied to access property "document" on cross-origin object
JavaScript error: https://quantcast.mgr.consensu.org/choice/6Fv0cGNfc_bw8/www.themoneytizer.com/choice.js, line 18: TypeError: window.__tcfapi is not a function
JavaScript error: https://quantcast.mgr.consensu.org/tcfv2/cmp2.js?referer=www.themoneytizer.com, line 1: TypeError: window.__tcfapi is not a function
JavaScript warning: https://cdn.ftd.agency/libs/e.js, line 47: WEBGL_debug_renderer_info is deprecated in Firefox and will be removed. Please use RENDERER.
JavaScript warning: https://www.myjscript.com/ajax/jquery.min.php, line 3: Using //@ to indicate sourceMappingURL pragmas is deprecated. Use //# instead
JavaScript warning: https://pagead2.googlesyndication.com/bg/u1NYxsmA8ZVAu2sVzPZBh4qj2FMOPiJd8uWeqwBcPdE.js line 1 > eval line 1687 > eval line 1 > eval, line 1: WEBGL_debug_renderer_info is deprecated in Firefox and will be removed. Please use RENDERER.
JavaScript warning: https://cdn.ftd.agency/libs/e.js, line 47: WEBGL_debug_renderer_info is deprecated in Firefox and will be removed. Please use RENDERER.
JavaScript error: https://medianews.az/, line 74: SecurityError: Permission denied to access property "document" on cross-origin object
JavaScript error: https://quantcast.mgr.consensu.org/choice/6Fv0cGNfc_bw8/www.themoneytizer.com/choice.js, line 18: TypeError: window.__tcfapi is not a function
JavaScript warning: https://www.myjscript.com/ajax/jquery.min.php, line 3: Using //@ to indicate sourceMappingURL pragmas is deprecated. Use //# instead
JavaScript error: https://quantcast.mgr.consensu.org/tcfv2/cmp2.js?referer=www.themoneytizer.com, line 1: TypeError: window.__tcfapi is not a function
JavaScript warning: https://cdn.ftd.agency/libs/e.js, line 47: WEBGL_debug_renderer_info is deprecated in Firefox and will be removed. Please use RENDERER.
JavaScript warning: https://pagead2.googlesyndication.com/bg/u1NYxsmA8ZVAu2sVzPZBh4qj2FMOPiJd8uWeqwBcPdE.js line 1 > eval line 541 > eval line 1 > eval, line 1: WEBGL_debug_renderer_info is deprecated in Firefox and will be removed. Please use RENDERER.
JavaScript warning: https://cdn.ftd.agency/libs/e.js, line 47: WEBGL_debug_renderer_info is deprecated in Firefox and will be removed. Please use RENDERER.
JavaScript error: https://medianews.az/, line 74: SecurityError: Permission denied to access property "document" on cross-origin object
JavaScript error: https://quantcast.mgr.consensu.org/choice/6Fv0cGNfc_bw8/www.themoneytizer.com/choice.js, line 18: TypeError: window.__tcfapi is not a function
JavaScript error: https://quantcast.mgr.consensu.org/tcfv2/cmp2.js?referer=www.themoneytizer.com, line 1: TypeError: window.__tcfapi is not a function
JavaScript warning: https://cdn.ftd.agency/libs/e.js, line 47: WEBGL_debug_renderer_info is deprecated in Firefox and will be removed. Please use RENDERER.
JavaScript warning: https://www.myjscript.com/ajax/jquery.min.php, line 3: Using //@ to indicate sourceMappingURL pragmas is deprecated. Use //# instead
JavaScript warning: https://pagead2.googlesyndication.com/bg/u1NYxsmA8ZVAu2sVzPZBh4qj2FMOPiJd8uWeqwBcPdE.js line 1 > eval line 4114 > eval line 1 > eval, line 1: WEBGL_debug_renderer_info is deprecated in Firefox and will be removed. Please use RENDERER.
JavaScript warning: https://cdn.ftd.agency/libs/e.js, line 47: WEBGL_debug_renderer_info is deprecated in Firefox and will be removed. Please use RENDERER.
JavaScript error: https://medianews.az/, line 74: SecurityError: Permission denied to access property "document" on cross-origin object
JavaScript error: https://quantcast.mgr.consensu.org/choice/6Fv0cGNfc_bw8/www.themoneytizer.com/choice.js, line 18: TypeError: window.__tcfapi is not a function
JavaScript warning: https://www.myjscript.com/ajax/jquery.min.php, line 3: Using //@ to indicate sourceMappingURL pragmas is deprecated. Use //# instead
JavaScript error: https://quantcast.mgr.consensu.org/tcfv2/cmp2.js?referer=www.themoneytizer.com, line 1: TypeError: window.__tcfapi is not a function
JavaScript warning: https://cdn.ftd.agency/libs/e.js, line 47: WEBGL_debug_renderer_info is deprecated in Firefox and will be removed. Please use RENDERER.
JavaScript warning: https://pagead2.googlesyndication.com/bg/u1NYxsmA8ZVAu2sVzPZBh4qj2FMOPiJd8uWeqwBcPdE.js line 1 > eval line 3714 > eval, line 1: WEBGL_debug_renderer_info is deprecated in Firefox and will be removed. Please use RENDERER.
JavaScript warning: https://cdn.ftd.agency/libs/e.js, line 47: WEBGL_debug_renderer_info is deprecated in Firefox and will be removed. Please use RENDERER.
JavaScript error: https://medianews.az/, line 74: SecurityError: Permission denied to access property "document" on cross-origin object
JavaScript warning: https://www.myjscript.com/ajax/jquery.min.php, line 3: Using //@ to indicate sourceMappingURL pragmas is deprecated. Use //# instead
JavaScript error: https://quantcast.mgr.consensu.org/choice/6Fv0cGNfc_bw8/www.themoneytizer.com/choice.js, line 18: TypeError: window.__tcfapi is not a function
JavaScript error: https://quantcast.mgr.consensu.org/tcfv2/cmp2.js?referer=www.themoneytizer.com, line 1: TypeError: window.__tcfapi is not a function
JavaScript warning: https://cdn.ftd.agency/libs/e.js, line 47: WEBGL_debug_renderer_info is deprecated in Firefox and will be removed. Please use RENDERER.
JavaScript warning: https://pagead2.googlesyndication.com/bg/u1NYxsmA8ZVAu2sVzPZBh4qj2FMOPiJd8uWeqwBcPdE.js line 1 > eval line 1784 > eval, line 1: WEBGL_debug_renderer_info is deprecated in Firefox and will be removed. Please use RENDERER.
JavaScript warning: https://cdn.ftd.agency/libs/e.js, line 47: WEBGL_debug_renderer_info is deprecated in Firefox and will be removed. Please use RENDERER.
JavaScript error: https://medianews.az/, line 74: SecurityError: Permission denied to access property "document" on cross-origin object
JavaScript error: https://quantcast.mgr.consensu.org/choice/6Fv0cGNfc_bw8/www.themoneytizer.com/choice.js, line 18: TypeError: window.__tcfapi is not a function
JavaScript error: https://quantcast.mgr.consensu.org/tcfv2/cmp2.js?referer=www.themoneytizer.com, line 1: TypeError: window.__tcfapi is not a function
JavaScript warning: https://cdn.ftd.agency/libs/e.js, line 47: WEBGL_debug_renderer_info is deprecated in Firefox and will be removed. Please use RENDERER.
JavaScript warning: https://www.myjscript.com/ajax/jquery.min.php, line 3: Using //@ to indicate sourceMappingURL pragmas is deprecated. Use //# instead
JavaScript warning: https://pagead2.googlesyndication.com/bg/u1NYxsmA8ZVAu2sVzPZBh4qj2FMOPiJd8uWeqwBcPdE.js line 1 > eval line 5430 > eval line 1 > eval, line 1: WEBGL_debug_renderer_info is deprecated in Firefox and will be removed. Please use RENDERER.
JavaScript warning: https://cdn.ftd.agency/libs/e.js, line 47: WEBGL_debug_renderer_info is deprecated in Firefox and will be removed. Please use RENDERER.
JavaScript warning: https://www.myjscript.com/ajax/jquery.min.php, line 3: Using //@ to indicate sourceMappingURL pragmas is deprecated. Use //# instead
JavaScript error: https://medianews.az/, line 74: SecurityError: Permission denied to access property "document" on cross-origin object
JavaScript error: https://quantcast.mgr.consensu.org/choice/6Fv0cGNfc_bw8/www.themoneytizer.com/choice.js, line 18: TypeError: window.__tcfapi is not a function
JavaScript error: https://quantcast.mgr.consensu.org/tcfv2/cmp2.js?referer=www.themoneytizer.com, line 1: TypeError: window.__tcfapi is not a function
JavaScript warning: https://cdn.ftd.agency/libs/e.js, line 47: WEBGL_debug_renderer_info is deprecated in Firefox and will be removed. Please use RENDERER.
JavaScript warning: https://pagead2.googlesyndication.com/bg/u1NYxsmA8ZVAu2sVzPZBh4qj2FMOPiJd8uWeqwBcPdE.js line 1 > eval line 6983 > eval, line 1: WEBGL_debug_renderer_info is deprecated in Firefox and will be removed. Please use RENDERER.
JavaScript warning: https://cdn.ftd.agency/libs/e.js, line 47: WEBGL_debug_renderer_info is deprecated in Firefox and will be removed. Please use RENDERER.
JavaScript error: https://medianews.az/, line 74: SecurityError: Permission denied to access property "document" on cross-origin object
JavaScript error: https://quantcast.mgr.consensu.org/choice/6Fv0cGNfc_bw8/www.themoneytizer.com/choice.js, line 18: TypeError: window.__tcfapi is not a function
JavaScript warning: https://www.myjscript.com/ajax/jquery.min.php, line 3: Using //@ to indicate sourceMappingURL pragmas is deprecated. Use //# instead
JavaScript error: https://quantcast.mgr.consensu.org/tcfv2/cmp2.js?referer=www.themoneytizer.com, line 1: TypeError: window.__tcfapi is not a function
JavaScript warning: https://cdn.ftd.agency/libs/e.js, line 47: WEBGL_debug_renderer_info is deprecated in Firefox and will be removed. Please use RENDERER.
JavaScript warning: https://pagead2.googlesyndication.com/bg/u1NYxsmA8ZVAu2sVzPZBh4qj2FMOPiJd8uWeqwBcPdE.js line 1 > eval line 6218 > eval, line 1: WEBGL_debug_renderer_info is deprecated in Firefox and will be removed. Please use RENDERER.
JavaScript warning: https://cdn.ftd.agency/libs/e.js, line 47: WEBGL_debug_renderer_info is deprecated in Firefox and will be removed. Please use RENDERER.
JavaScript error: https://medianews.az/, line 74: SecurityError: Permission denied to access property "document" on cross-origin object
JavaScript error: https://quantcast.mgr.consensu.org/choice/6Fv0cGNfc_bw8/www.themoneytizer.com/choice.js, line 18: TypeErconsole.warn: LoginHelper(Content): "CouJavaScript warning: https://www.myjscript.coJavaScript warning: https://cdn.ftd.agency/libs/e.js, line 47: WEBGL_debug_renderer_info is deprecated in Firefox and will be removed. Please use RENDERER.
JavaScript warning: https://www.myjscript.com/ajax/jquery.min.php, line 3: Using //@ to indicate sourceMappingURL pragmas is deprecated. Use //# instead
JavaScript error: https://medianews.az/, line 74: SecurityError: Permission denied to access property "documJavaScript warning: https://pagead2.googlesyndication.com/bg/u1NYxsmA8ZVAu2sVzPZBh4qj2FMOPiJd8uWeqwBcPdE.js line 1 > eval line 1645 > eval line 1 > eval, line 1: WEBGL_debug_renderer_info is deprecated in Firefox and will be removed. Please use RENDERER.
JavaScript warning: https://cdn.ftd.agency/libs/e.js, line 47: WEBGL_debug_renderer_info is deprecated in Firefox and will be removed. Please use RENDERER.
JavaScript error: https://medianews.az/, line 74: SecurityError: Permission denied to a1642089332598	Marionette	WARN	Ignoring event 'DOMContentLoaded' because document has an invalid readyState of 'complete'.
JavaScript warning: https://cdn.ftd.agency/libs/e.js, line 47: WEBGL_debug_renderer_info is deprecated in Firefox and will be removed. Please use RENDERER.
JavaScript error: https://medianews.az/, line 74: SecurityError: Permission denied to access property "document" on cross-origin object
JavaScript error: https://quantcast.mgr.consensu.org/choice/6Fv0cGNfc_bw8/www.themoneytizer.com/choice.js, line 18: TypeError: window.__tcfapi is not a function
JavaScript error: https://quantcast.mgr.consensu.org/tcfv2/cmp2.js?referer=www.themoneytizer.comJavaScript warning: https://pagead2.googlesyndication.com/bg/u1NYxsmA8ZVAu2sVzPZBh4qj2FMOPiJd8uWeqwBcPdE.js line 1 > eval line 2270 > eval, line 1: WEBGL_debug_renderer_info is deprecated in Firefox and will be removed. Please use RENDERER.
JavaScript warning: https://cdn.ftd.agency/libs/e.js, line 47: WEBGL_debug_renderer_info is deprecated in Firefox and will beJavaScript warning: https://pagead2.googlesyndication.com/bg/u1NYxsmA8ZVAu2sVzPZBh4qj2FMOPiJd8uWeqwBcPdE.js line 1 > eval line 1180 > eval, line 1: WEBGL_debug_renderer_JavaScript warning: https://www.myjscript.com/ajax/jquery.min.php, line 3JavaScript warning: https://cdn.ftd.agency/libs/e.js, line 47: WEBGL_debug_renderer_info is deprecated in Firefox and will be removed. Please use RENDERER.
JavaScript error: https://medianews.az/, line 74: SecurityError: Permission denied to access property "document" on cross-origin object
JavaScript error: https://quantcast.mgr.consensu.org/choice/6Fv0cGNfc_bw8/www.themoneytizer.com/choice.js, line 18: TypeError: window.__tcfapi is not a function
JavaScript error: https://quantcast.mgr.consensu.org/tcfv2/cmp2.js?referer=www.themoneytizer.comJavaScript warning: https://pagead2.googlesyndication.com/bg/u1NYxsmA8ZVAu2sVzPZBh4qj2FMOPiJd8uWeqwBcPdE.js line 1 > eval lineJavaScript warning: https://cdn.ftd.agency/libs/e.js, line 47: WEBGL_debug_renderer_info is deprecated in Firefox anJavaScript warning: https://cdn.ftd.agency/libs/e.js, line 47: WEBGL_debug_renderer_info is deprecated in Firefox and will be removed. Please use RENDERER.
JavaScript error: https://medianews.az/, line 74: SecurityError: Permission denied to access property "document" on cross-origin object
JavaScript warning: https://www.myjscript.com/ajax/jquery.min.php, line 3: Using //@ to indicate sourceMappingURL pragmas is deprecated. Use //# instead
JavaScript error: https://quantcast.mgr.consensu.org/choice/6Fv0cGNfc_bw8/www.themoneytizer.com/choice.js, line 18: TypeError: window.__tcfapi is not a function
JavaScript error: https://quantcast.mgr.consensu.org/tcfv2/cmp2.js?referer=www.themoneytizer.com, line 1: TypeError: window.__tcfapi is not a function
JavaScript warning: https://cdn.ftd.agency/libs/e.js, line 47: WEBGL_debug_renderer_info is deprecated in Firefox and will be removed. Please use RENDERER.
JavaScript warning: https://cdn.ftd.agency/libs/e.js, line 47: WEBGL_debug_renderer_info is deprecated in Firefox and will be removed. Please use RENDERER.
JavaScript error: https://medianews.az/, line 74: SecurityError: Permission denied to access property "document" on cross-origin object
JavaScript error: https://quantcast.mgr.consensu.org/choice/6Fv0cGNfc_bw8/www.themoneytizer.com/choice.js, line 18: TypeError: window.__tcfapi is not a function
JavaScript error: https://quantcast.mgr.consensu.org/tcfv2/cmp2.js?referer=www.themoneytizer.com, line 1: TypeError: window.__tcfapi is not a function
JavaScript warning: https://www.myjscript.com/ajax/jquery.min.php, line 3: Using //@ to indicate sourceMappingURL pragmas is deprecated. Use //# instead
JavaScript warning: https://cdn.ftd.agency/libs/e.js, line 47: WEBGL_debug_renderer_info is deprecated in Firefox and will be removed. Please use RENDERER.
JavaScript warning: https://pagead2.googlesyndication.com/bg/u1NYxsmA8ZVAu2sVzPZBh4qj2FMOPiJd8uWeqwBcPdE.js line 1 > eval line 1664 > eval, line 1: WEBGL_debug_renderer_info is deprecated in Firefox and will be removed. Please use RENDERER.
JavaScript warning: https://cdn.ftd.agency/libs/e.js, line 47: WEBGL_debug_renderer_info is deprecated in Firefox and will be removed. Please use RENDERER.
JavaScript error: https://medianews.az/, line 74: SecurityError: Permission denied to access property "document" on cross-origin object
JavaScript error: https://quantcast.mgr.consensu.org/choice/6Fv0cGNfc_bw8JavaScript warning: https://pagead2.googlesyndication.com/bg/u1NYxsmA8ZVAu2sVzPZBh4qj2FMOPiJd8uWeqwBcPdE.js line 1 > eval line 4177 > eval, line 1: WEBGL_debug_renderer_info is deprecated in Firefox and will be removed. Please use RENDERER.
JavaScript warning: https://cdn.ftd.agency/libs/e.js, line 47: WEBGL_debug_renderer_info is deprecated in Firefox and will be removed. Please use RENDERER.
JavaScript warning: https://www.myjscript.com/ajax/jquery.min.php, line 3: Using //@ to indicate sourceMappingURL pragmas is deprecated. Use //# insteadJJavaScript error: https://medianews.az/, line 74: SecurityError: Permission denied to access property "document" on cross-origin object
JavaScript error: https://quantcast.mgr.consensu.org/choice/6Fv0cGNfc_bw8/www.themoneytizer.com/choice.js, line 18: TyJavaScript warning: https://cdn.ftd.agency/libs/e.js, line 47: WEBGL_debug_renderer_info is deprecated in Firefox and will be removed. Please use RENDERER.
JavaScript error: https://medianews.az/, line 74: SecurityError: Permission denied to access property "document" on cross-origin object
JavaScript error: https://quantcast.mgr.consensu.org/choiceJavaScript warning: https://cdn.ftd.agency/libs/e.js, line 47: WEBGL_debug_renderer_info is deprecated in Firefox and will be removed. Please use RENDERER.
JavaScript error: https://medianews.az/, line 74: SecurityError: Permission denied to access property "document" on cross-origin object
JavaScript error: https://quantcast.mgr.consensu.org/choice/6Fv0cGNfc_bw8/www.themoneytizer.com/choice.js, line 18: TypeError: window.__tcfapi is not a function
JavaScript error: https://quantcast.mgr.consensu.org/tcfv2/cmp2.js?referer=www.themoneytizer.com, line 1: Type1642089383882	Marionette	INFO	Stopped listening on port 53600
JavaScript warning: https://pagead2.googlesyndication.com/bg/u1NYxsmA8ZVAu2sVzPZBh4qj2FMOPiJd8uWeqwBcPdE.js line 1 > eval line 4512 > eval line 1 > eval, line 1: WEBGL_debug_renderer_info is deprecated in Firefox and will be removed. Please use RENDERER.
[Parent 2112, IPC I/O Parent] WARNING: file /builds/worker/checkouts/gecko/ipc/chromium/src/base/process_util_win.cc:167
[Parent 2112, IPC I/O Parent] WARNING: file /builds/worker/checkouts/gecko/ipc/chromium/src/base/process_util_win.cc:167

###!!! [Parent][MessageChannel1642089385010	Marionette	INFO	Stopped listening on port 53607

###!!! [Parent][MessageChannel] Error: (msgtype=0x3A014F,name=PContent::Reply_DiscardBrowsingContext) Closed channel: cannot send/recv


###!!! [Parent][MessageChannel] Error: (msgtype=0x3A014F,name=PContent::Reply_DiscardBrowsingContext) Closed channel: cannot send/recv


###!!! [Parent][MessageChannel] Error: (msgtype=0x3A014F,name=PContent::Reply_DiscardBrowsingContext) Closed channel: cannot send/recv


###!!! [Parent][MessageChannel] Error: (msgtype=0x3A014F,name=PContent::Reply_DiscardBrowsingContext) Closed channel: cannot send/recv


###!!! [Parent][MessageChannel] Error: (msgtype=0x3A014F,name=PContent::Reply_DiscardBrowsingContext) Closed channel: cannot send/recv


###!!! [Parent][MessageChannel] Error: (msgtype=0x3A014F,name=PContent::Reply_DiscardBrowsingContext) Closed channel: cannot send/recv


###!!! [Parent][MessageChannel] Error: (msgtype=0x3A014F,name=PContent::Reply_DiscardBrowsingContext) Closed channel: cannot send/recv


###!!! [Parent][MessageChannel] Error: (msgtype=0x3A014F,name=PContent::Reply_DiscardBrowsingContext) Closed channel: cannot send/recv


###!!! [Parent][MessageChannel] Error: (msgtype=0x3A014F,name=PContent::Reply_DiscardBrowsingContext) Closed channel: cannot send/recv


###!!! [Parent][MessageChannel] Error: (msgtype=0x3A014F,name=PContent::Reply_DiscardBrowsingContext) Closed channel: cannot send/recv


###!!! [Parent][MessageChannel] Error: (msgtype=0x3A014F,name=PContent::Reply_DiscardBrowsingContext) Closed channel: cannot send/recv


###!!! [Parent][MessageChannel] Error: (msgtype=0x3A014F,name=PContent::Reply_DiscardBrowsingContext) Closed channel: cannot send/recv


###!!! [Parent][MessageChannel] Error: (msgtype=0x3A014F,name=PContent::Reply_DiscardBrowsingContext) Closed channel: cannot send/recv


###!!! [Parent][MessageChannel] Error: (msgtype=0x3A014F,name=PContent::Reply_DiscardBrowsingContext) Closed channel: cannot send/recv


###!!! [Parent][MessageChannel] Error: (msgtype=0x3A014F,name=PContent::Reply_DiscardBrowsingContext) Closed channel: cannot send/recv


###!!! [Parent][MessageChannel] Error: (msgtype=0x3A014F,name=PContent::Reply_DiscardBrowsingContext) Closed channel: cannot send/recv


###!!! [Parent][MessageChannel] Error: (msgtype=0x3A014F,name=PContent::Reply_DiscardBrowsingContext) Closed channel: cannot send/recv


###!!! [Parent][MessageChannel] Error: (msgtype=0x3A014F,name=PContent::Reply_DiscardBrowsingContext) Closed channel: cannot send/recv


###!!! [Parent][MessageChannel] Error: (msgtype=0x3A014F,name=PContent::Reply_DiscardBrowsingContext) Closed channel: cannot send/recv


###!!! [Parent][MessageChannel] Error: (msgtype=0x3A014F,name=PContent::Reply_DiscardBrowsingContext) Closed channel: cannot send/recv


###!!! [Parent][MessageChannel] Error: (msgtype=0x3A014F,name=PContent::Reply_DiscardBrowsingContext) Closed channel: cannot send/recv


###!!! [Parent][MessageChannel] Error: (msgtype=0x3A014F,name=PContent::Reply_DiscardBrowsingContext) Closed channel: cannot send/recv


###!!! [Parent][MessageChannel] Error: (msgtype=0x3A014F,name=PContent::Reply_DiscardBrowsingContext) Closed channel: cannot send/recv


###!!! [Parent][MessageChannel] Error: (msgtype=0x3A014F,name=PContent::Reply_DiscardBrowsingContext) Closed channel: cannot send/recv


###!!! [Parent][MessageChannel] Error: (msgtype=0x3A014F,name=PContent::Reply_DiscardBrowsingContext) Closed channel: cannot send/recv


###!!! [Parent][MessageChannel] Error: (msgtype=0x3A014F,name=PContent::Reply_DiscardBrowsingContext) Closed channel: cannot send/recv


###!!! [Parent][MessageChannel] Error: (msgtype=0x3A014F,name=PContent::Reply_DiscardBrowsingContext) Closed channel: cannot send/recv


###!!! [Parent][MessageChannel] Error: (msgtype=0x3A007A,name=PContent::Msg_DestroyBrowsingContextGroup) Closed channel: cannot send/recv


###!!! [Parent][RunMessage] Error: Channel closing: too late to send/recv, messages will be lost



###!!! [Child][RunMessage] Error: Channel closing: too late to send/recv, messages will be lost


###!!! [Child][RunMessage] Error: Channel closing: too late to send/recv, messages will be lost


###!!! [Child][RunMessage] Error: Channel closing: too late to send/recv, messages will be lost


###!!! [Child][RunMessage] Error: Channel closing: too late to send/recv, messages will be lost


###!!! [Child][RunMessage] Error: Channel closing: too late to send/recv, messages will be lost


###!!! [Child][RunMessage] Error: Channel closing: too late to send/recv, messages will be lost


###!!! [Child][RunMessage] Error: Channel closing: too late to send/recv, messages will be lost


###!!! [Parent][MessageChannel] Error: (msgtype=0x3A007A,name=PContent::Msg_DestroyBrowsingContextGroup) Closed channel: cannot send/recv


###!!! [Child][RunMessage] Error: Channel closing: too late to send/recv, messages will be lost


###!!! [Child][MessageChannel] Error: (msgtype=0x3A0147,name=PContent::Msg_ScriptError) Channel closing: too late to send/recv, messages will be lost


###!!! [Child][MessageChannel] Error: (msgtype=0x3A0147,name=PContent::Msg_ScriptError) Channel closing: too late to send/recv, messages will be lost


###!!! [Child][RunMessage] Error: Channel closing: too late to send/recv, messages will be lost


###!!! [Child][RunMessage] Error: Channel closing: too late to send/recv, messages will be lost


###!!! [Child][RunMessage] Error: Channel closing: too late to send/recv, messages will be lost


###!!! [Child][RunMessage] Error: Channel closing: too late to send/recv, messages will be lost


###!!! [Child][RunMessage] Error: Channel closing: too late to send/recv, messages will be lost


###!!! [Child][RunMessage] Error: Channel closing: too late to send/recv, messages will be lost


###!!! [Child][RunMessage] Error: Channel closing: too late to send/recv, messages will be lost


###!!! [Child][RunMessage] Error: Channel closing: too late to send/recv, messages will be lost


###!!! [Child][RunMessage] Error: Channel closing: too late to send/recv, messages will be lost


###!!! [Child][RunMessage] Error: Channel closing: too late to send/recv, messages will be lost


###!!! [Child][RunMessage] Error: Channel closing: too late to send/recv, messages will be lost


###!!! [Child][RunMessage] Error: Channel closing: too late to send/recv, messages will be lost


###!!! [Child][RunMessage] Error: Channel closing: too late to send/recv, messages will be lost


###!!! [Child][RunMessage] Error: Channel closing: too late to send/recv, messages will be lost


###!!! [Child][RunMessage] Error: Channel closing: too late to send/recv, messages will be lost


###!!! [Child][RunMessage] Error: Channel closing: too late to send/recv, messages will be lost


###!!! [Child][RunMessage] Error: Channel closing: too late to send/recv, messages will be lost


###!!! [Child][RunMessage] Error: Channel closing: too late to send/recv, messages will be lost

Message] Error: Channel closing: too late to send/recv, messages will be lost


###!!! [Child][RunMessage] Error: Channel closing: too late to send/recv, messages will be lost


###!!! [Child][RunMessage] Error: Channel closing: too late to send/recv, messages will be lost


###!!! [Child][MessageChannel] Error: (msgtype=0x3A0147,name=PContent::Msg_ScriptError) Channel closing: too late to send/recv, messages will be lost


###!!! [Parent][RunMessage] Error: Channel closing: too late to send/recv, messages will be lost

!! [Child][RunMessage] Error: Channel closing: too late to send/recv, messages will be lost


###!!! [Child][RunMessage] Error: Channel closing: too late to send/recv, messages will be lost


###!!! [Child][RunMessage] Error: Channel closing: too late to send/recv, messages will be lost


###!!! [Child][RunMessage] Error: Channel closing: too late to send/recv, messages will be lost


###!!! [Child][RunMessage] Error: Channel closing: too late to send/recv, messages will be lost


###!!! [Child][RunMessage] Error: Channel closing: too late to send/recv, messages will be lost


###!!! [Child][RunMessage] Error: Channel closing: too late to send/recv, messages will be lost


###!!! [Child][RunMessage] Error: Channel closing: too late to send/recv, messages will be lost


###!!! [Child][RunMessage] Error: Channel closing: too late to send/recv, messages will be lost


###!!! [Child][RunMessage] Error: Channel closing: too late to send/recv, messages will be lost


###!!! [Child][MessageChannel] Error: (msgtype=0x3A0147,name=PContent::Msg_ScriptError) Channel closing: too late to send/recv, messages will be lost


###!!! [Child][RunMessage] Error: Channel closing: too late to send/recv, messages will be lost


###!!! [Child][RunMessage] Error: Channel closing: too late to send/recv, messages will be lost


###!!! [Child][MessageChannel] Error: (msgtype=0x3A0147,name=PContent::Msg_ScriptError) Channel closing: too late to send/recv, messages will be lost

