1639834947640	geckodriver	INFO	Listening on 127.0.0.1:59252
1639834950721	mozrunner::runner	INFO	Running command: "C:\\Program Files\\Mozilla Firefox\\firefox.exe" "--marionette" "--remote-debugging-port" "59253" "-no-remote" "-profile" "C:\\Users\\hp\\AppData\\Local\\Temp\\rust_mozprofileS1COIj"
1639834951160	Marionette	INFO	Marionette enabled
console.warn: SearchSettings: "get: No settings file exists, new profile?" (new NotFoundError("Could not open the file at C:\\Users\\hp\\AppData\\Local\\Temp\\rust_mozprofileS1COIj\\search.json.mozlz4", (void 0)))
DevTools listening on ws://localhost:59253/devtools/browser/0a826acb-7823-4024-9a6e-1807e8bd90ae
1639834953167	Marionette	INFO	Listening on port 59258
1639834953397	RemoteAgent	WARN	TLS certificate errors will be ignored for this session
JavaScript error: https://pagead2.googlesyndication.com/pagead/js/adsbygoogle.js, line 227: uncaught exception: TagError: adsbygoogle.push() error: No slot size for availableWidth=0
JavaScript error: https://2ip.ru/, line 377: TypeError: document.getElementsByClassName(...)[0] is undefined
JavaScript warning: https://pagead2.googlesyndication.com/bg/EnZy1JEvhtfL3qsMHM2VNqoz8zWnsWCdOjk5wdd4Ig4.js line 1 > eval line 1655 > eval, line 1: WEBGL_debug_renderer_info is deprecated in Firefox and will be removed. Please use RENDERER.
1639834967547	Marionette	INFO	Stopped listening on port 59258
JavaScript error: , line 0: TypeError: NetworkError when attempting to fetch resource.
JavaScript error: , line 0: TypeError: NetworkError when attempting to fetch resource.
JavaScript error: , line 0: TypeError: NetworkError when attempting to fetch resource.
JavaScript error: , line 0: TypeError: NetworkError when attempting to fetch resource.

###!!! [Parent][RunMessage] Error: Channel closing: too late to send/recv, messages will be lost

1639835029468	geckodriver	INFO	Listening on 127.0.0.1:59392
1639835032541	mozrunner::runner	INFO	Running command: "C:\\Program Files\\Mozilla Firefox\\firefox.exe" "--marionette" "-headless" "--remote-debugging-port" "59393" "-no-remote" "-profile" "C:\\Users\\hp\\AppData\\Local\\Temp\\rust_mozprofileK2iUdl"
*** You are running in headless mode.
1639835032787	Marionette	INFO	Marionette enabled
[GFX1-]: RenderCompositorSWGL failed mapping default framebuffer, no dt
console.warn: SearchSettings: "get: No settings file exists, new profile?" (new NotFoundError("Could not open the file at C:\\Users\\hp\\AppData\\Local\\Temp\\rust_mozprofileK2iUdl\\search.json.mozlz4", (void 0)))
DevTools listening on ws://localhost:59393/devtools/browser/589a19eb-5674-4a88-b759-b317dae28204
1639835033708	Marionette	INFO	Listening on port 59399
1639835034078	RemoteAgent	WARN	TLS certificate errors will be ignored for this session
console.warn: TopSitesFeed: Contile endpoint returned unexpected status: 403
JavaScript warning: https://pagead2.googlesyndication.com/bg/EnZy1JEvhtfL3qsMHM2VNqoz8zWnsWCdOjk5wdd4Ig4.js line 1 > eval line 5944 > eval line 1 > eval, line 1: WEBGL_debug_renderer_info is deprecated in Firefox and will be removed. Please use RENDERER.
console.log: WebExtensions: reset-default-search: starting.
console.log: WebExtensions: reset-default-search: No addons in our list are installed.
ts, new profile?" (new NotFoundError("Could not open the file at C:\\Users\\hp\\AppData\\Local\\Temp\\rust_mozprofilemlq0GI\\search.json.mozlz4", (void 0)))
DevTools listening on ws://localhost:59508/devtools/browser/84f29865-3db7-48c7-9d2a-8de3bd657cca
1639835046442	Marionette	INFO	Listening on port 59561
1639835046550	RemoteAgent	WARN	TLS certificate errors will be ignored for this session
console.warn: TopSitesFeed: Contile endpoint returned unexpected status: 403
JavaScript warning: https://pagead2.googlesyndication.com/bg/EnZy1JEvhtfL3qsMHM2VNqoz8zWnsWCdOjk5wdd4Ig4.js line 1 > eval line 6158 > eval, line 1: WEBGL_debug_renderer_info is deprecated in Firefox and will be removed. Please use RENDERER.
1639835060311	Marionette	INFO	Stopped listening on port 59561
JavaScript error: , line 0: TypeError: NetworkError when attempting to fetch resource.
JavaScript error: , line 0: TypeError: NetworkError when attempting to fetch resource.

###!!! [Parent][RunMessage] Error: Channel closing: too late to send/recv, messages will be lost

1639835078129	geckodriver	INFO	Listening on 127.0.0.1:59714
1639835081192	mozrunner::runner	INFO	Running command: "C:\\Program Files\\Mozilla Firefox\\firefox.exe" "--marionette" "--remote-debugging-port" "59715" "-no-remote" "-profile" "C:\\Users\\hp\\AppData\\Local\\Temp\\rust_mozprofilePCJwRs"
1639835081432	Marionette	INFO	Marionette enabled
console.warn: SearchSettings: "get: No settings file exists, new profile?" (new NotFoundError("Could not open the file at C:\\Users\\hp\\AppData\\Local\\Temp\\rust_mozprofilePCJwRs\\search.json.mozlz4", (void 0)))
DevTools listening on ws://localhost:59715/devtools/browser/cfe7bd3f-7dc8-4428-b5e9-f20b44c269dd
1639835083085	Marionette	INFO	Listening on port 59721
1639835083245	RemoteAgent	WARN	TLS certificate errors will be ignored for this session
console.warn: TopSitesFeed: Contile endpoint returned unexpected status: 403
JavaScript warning: https://pagead2.googlesyndication.com/bg1639835094609	mozrunner::runner	INFO	Running command: "C:\\Program Files\\Mozilla Firefox\\firefox.exe" "--marionette" "-headless" "--remote-debugging-port" "59846" "-no-remote" "-profile" "C:\\Us1639835094826	Marionette	INFO	Stopped listening on port 59721
JavaScript error: , line 0: Ty1639835094895	Marionette	INFO	Marionette enabled
[GFX1-]: RenderCompositorSWGL failed mapping default framebuffer, no dt
console.warn: SearchSettings: "get: No settings file exists, new profile?" (new NotFoundError("Could not open the file at C:\\Users\\hp\\AppData\\Local\\Temp\\rust_mozprofile3q8j5P\\search.json.mozlz4", (void 0)))
DevTools listening on ws://localhost:59846/devtools/browser/8b3b0d34-47ff-4f72-920c-085d16f4a8e6
1639835095858	Marionette	INFO	Listening on port 59868
1639835096147	RemoteAgent	WARN	TLS certificate errors will be ignored for this session
console.warn: TopSitesFeed: Contile endpoint returned unexpected status: 403
1639835104950	Marionette	WARN	Ignoring event 'DOMContentLoaded' because document has an invalid readyState of 'complete'.
JavaScript warning: https://pagead2.googlesyndication.com/bg/EnZy1JEvhtfL3qsMHM2VNqoz8zWnsWCdOjk5wdd4Ig4.js line 1 > eval line 4950 > eval line 1 > eval, line 1: WEBGL_debug_renderer_info is deprecated in Firefox and will be removed. Please use RENDERER.
1639835110732	Marionette	INFO	Stopped listening on port 59868
JavaScript error: , line 0: TypeError: NetworkError when attempting to fetch resource.
JavaScript error: , line 0: TypeError: NetworkError when attempting to fetch resource.

###!!! [Parent][RunMessage] Error: Channel closing: too late to send/recv, messages will be lost

1639835945828	geckodriver	INFO	Listening on 127.0.0.1:50007
1639835948904	mozrunner::runner	INFO	Running command: "C:\\Program Files\\Mozilla Firefox\\firefox.exe" "--marionette" "-headless" "--remote-debugging-port" "50008" "-no-remote" "-profile" "C:\\Users\\hp\\AppData\\Local\\Temp\\rust_mozprofilewCn2v9"
*** You are running in headless mode.
1639835949226	Marionette	INFO	Marionette enabled
[GFX1-]: RenderCompositorSWGL failed mapping default framebuffer, no dt
console.warn: SearchSettings: "get: No settings file exists, new profile?" (new NotFoundError("Could not open the file at C:\\Users\\hp\\AppData\\Local\\Temp\\rust_mozprofilewCn2v9\\search.json.mozlz4", (void 0)))
DevTools listening on ws://localhost:50008/devtools/browser/12126f2f-b063-40bc-a740-4a6d15f2fc66
1639835950084	Marionette	INFO	Listening on port 50020
1639835950460	RemoteAgent	WARN	TLS certificate errors will be ignored for this session
console.warn: TopSitesFeed: Contile endpoint returned unexpected status: 403
JavaScript warning: https://cdn.ftd.agency/libs/e.js, line 47: WEBGL_debug_renderer_info is deprecated in Firefox and will be removed. Please use RENDERER.
JavaScript warning: https://cdn.ftd.agency/libs/e.js, line 47: WEBGL_debug_renderer_info is deprecated in Firefox and will be removed. Please use RENDERER.
console.log: WebExtensions: reset-default-search: starting.
console.log: WebExtensions: reset-default-search: No addons in our list are installed.
JavaScript warning: https://cdn.ftd.agency/libs/e.js, line 47: WEBGL_debug_renderer_info is deprecated in Firefox and will be removed. Please use RENDERER.
JavaScript warning: https://cdn.ftd.agency/libs/e.js, line 47: WEBGL_debug_renderer_info is deprecated in Firefox and will be removed. Please use RENDERER.
JavaScript warning: https://cdn.ftd.agency/libs/e.js, line 47: WEBGL_debug_renderer_info is deprecated in Firefox and will be removed. Please use RENDERER.
JavaScript warning: https://cdn.ftd.agency/libs/e.js, line 47: WEBGL_debug_renderer_info is deprecated in Firefox and will be removed. Please use RENDERER.
 ignored for this session
console.warn: TopSitesFeed: Contile endpoint returned unexpected status: 403
JavaScript warning: https://cdn.ftd.agency/libs/e.js, line 47: WEBGL_debug_renderer_info is deprecated in Firefox and will be removed. Please use RENDERER.
JavaScript warning: https://cdn.ftd.agency/libs/e.js, line 47: WEBGL_debug_renderer_info is deprecated in Firefox and will be removed. Please use RENDERER.
JavaScript warning: https://cdn.ftd.agency/libs/e.js, line 47: WEBGL_debug_renderer_info is deprecated in Firefox and will be removed. Please use RENDERER.
JavaScript warning: https://cdn.ftd.agency/libs/e.js, line 47: WEBGL_debug_renderer_info is deprecated in Firefox and will be removed. Please use RENDERER.
JavaScript warning: https://cdn.ftd.agency/libs/e.js, line 47: WEBGL_debug_renderer_info is deprecated in Firefox and will be removed. Please use RENDERER.
1639835987176	Marionette	INFO	Stopped listening on port 50146
console.warn: TopSitesFeed: Failed to fetch data from Contile server: NetworkError when attempting to fetch resource.
JavaScript error: chrome://remote/content/marionette/cert.js, line 55: NS_ERROR_NOT_AVAILABLE: Component returned failure code: 0x80040111 (NS_ERROR_NOT_AVAILABLE) [nsICertOverrideService.setDisableAllSecurityChecksAndLetAttackersInterceptMyData]

###!!! [Parent][RunMessage] Error: Channel closing: too late to send/recv, messages will be lost

1639836016197	geckodriver	INFO	Listening on 127.0.0.1:50277
1639836019263	mozrunner::runner	INFO	Running command: "C:\\Program Files\\Mozilla Firefox\\firefox.exe" "--marionette" "--remote-debugging-port" "50278" "-no-remote" "-profile" "C:\\Users\\hp\\AppData\\Local\\Temp\\rust_mozprofileiSH1nJ"
1639836019512	Marionette	INFO	Marionette enabled
console.warn: SearchSettings: "get: No settings file exists, new profile?" (new NotFoundError("Could not open the file at C:\\Users\\hp\\AppData\\Local\\Temp\\rust_mozprofileiSH1nJ\\search.json.mozlz4", (void 0)))
DevTools listening on ws://localhost:50278/devtools/browser/83edd5e5-812e-49f8-bd84-d05c039499fb
1639836021026	Marionette	INFO	Listening on port 50285
1639836021319	RemoteAgent	WARN	TLS certificate errors will be ignored for this session
console.warn: TopSitesFeed: Contile endpoint returned unexpected status: 403
JavaScript warning: https://cdn.ftd.agency/libs/e.js, line 47: WEBGL_debug_renderer_info is deprecated in Firefox and will be removed. Please use RENDERER.
JavaScript warning: https://cdn.ftd.agency/libs/e.js, line 47: WEBGL_debug_renderer_info is deprecated in Firefox and will be removed. Please use RENDERER.
JavaScript warning: https://cdn.ftd.agency/libs/e.js, line 47: WEBGL_debug_renderer_info is deprecated in Firefox and will be removed. Please use RENDERER.
1639836368124	Marionette	INFO	Stopped listening on port 50285
console.warn: TopSitesFeed: Failed to fetch data from Contile server: NetworkError when attempting to fetch resource.
remote-debugging-port" "50412" "-no-remote" "-profile" "C:\\Users\\hp\\AppData\\Local\\Temp\\rust_mozprofileH2SKVH"
1639836046345	Marionette	INFO	Marionette enabled
console.warn: SearchSettings: "get: No settings file exists, new profile?" (new NotFoundError("Could not open the file at C:\\Users\\hp\\AppData\\Local\\Temp\\rust_mozprofileH2SKVH\\search.json.mozlz4", (void 0)))
DevTools listening on ws://localhost:50412/devtools/browser/e8a3c399-158d-45da-83b9-6833a501edd1
1639836048115	Marionette	INFO	Listening on port 50420
1639836048151	RemoteAgent	WARN	TLS certificate errors will be ignored for this session
console.warn: TopSitesFeed: Contile endpoint returned unexpected status: 403
JavaScript error: https://cdn.onesignal.com/sdks/OneSignalPageSDKES6.js?v=151512, line 1: TypeError: window.safari is undefined
JavaScript warning: https://cdn.ftd.agency/libs/e.js, line 47: WEBGL_debug_renderer_info is deprecated in Firefox and will be removed. Please use RENDERER.
JavaScript warning: https://cdn.ftd.agency/libs/e.js, line 47: WEBGL_debug_renderer_info is deprecated in Firefox and will be removed. Please use RENDERER.
JavaScript error: https://cdn.onesignal.com/sdks/OneSignalPageSDKES6.js?v=151512, line 1: TypeError: window.safari is undefined
JavaScript warning: https://cdn.ftd.agency/libs/e.js, line 47: WEBGL_debug_renderer_info is deprecated in Firefox and will be removed. Please use RENDERER.
JavaScript error: https://cdn.onesignal.com/sdks/OneSignalPageSDKES6.js?v=151512, line 1: TypeError: window.safari is undefined
JavaScript warning: https://cdn.ftd.agency/libs/e.js, line 47: WEBGL_debug_renderer_info is deprecated in Firefox and will be removed. Please use RENDERER.
JavaScript error: https://cdn.onesignal.com/sdks/OneSignalPageSDKES6.js?v=151512, line 1: TypeError: window.safari is undefined
JavaScript warning: https://cdn.ftd.agency/libs/e.js, line 47: WEBGL_debug_renderer_info is deprecated in Firefox and will be removed. Please use RENDERER.
JavaScript error: https://cdn.onesignal.com/sdks/OneSignalPageSDKES6.js?v=151512, line 1: TypeError: window.safari is undefined
JavaScript warning: https://cdn.ftd.agency/libs/e.js, line 47: WEBGL_debug_renderer_info is deprecated in Firefox and will be removed. Please use RENDERER.
JavaScript error: https://cdn.onesignal.com/sdks/OneSignalPageSDKES6.js?v=151512, line 1: TypeError: window.safari is undefined
JavaScript warning: https://cdn.ftd.agency/libs/e.js, line 47: WEBGL_debug_renderer_info is deprecated in Firefox and will be removed. Please use RENDERER.
JavaScript error: https://cdn.onesignal.com/sdks/OneSignalPageSDKES6.js?v=151512, line 1: TypeError: window.safari is undefined
JavaScript warning: https://cdn.ftd.agency/libs/e.js, line 47: WEBGL_debug_renderer_info is deprecated in Firefox and will be removed. Please use RENDERER.
JavaScript error: https://cdn.onesignal.com/sdks/OneSignalPageSDKES6.js?v=151512, line 1: TypeError: window.safari is undefined
JavaScript warning: https://cdn.ftd.agency/libs/e.js, line 47: WEBGL_debug_renderer_info is deprecated in Firefox and will be removed. Please use RENDERER.
JavaScript error: https://cdn.onesignal.com/sdks/OneSignalPageSDKES6.js?v=151512, line 1: TypeError: window.safari is undefined
JavaScript warning: https://cdn.ftd.agency/libs/e.js, line 47: WEBGL_debug_renderer_info is deprecated in Firefox and will be removed. Please use RENDERER.
JavaScript error: https://cdn.onesignal.com/sdks/OneSignalPageSDKES6.js?v=151512, line 1: TypeError: window.safari is undefined
JavaScript warning: https://cdn.ftd.agency/libs/e.js, line 47: WEBGL_debug_renderer_info is deprecated in Firefox and will be removed. Please use RENDERER.
JavaScript error: https://cdn.onesignal.com/sdks/OneSignalPageSDKES6.js?v=151512, line 1: TypeError: window.safari is undefined
JavaScript warning: https://cdn.ftd.agency/libs/e.js, line 47: WEBGL_debug_renderer_info is deprecated in Firefox and will be removed. Please use RENDERER.
JavaScript error: https://cdn.onesignal.com/sdks/OneSignalPageSDKES6.js?v=151512, line 1: TypeError: window.safari is undefined
JavaScript warning: https://cdn.ftd.agency/libs/e.js, line 47: WEBGL_debug_renderer_info is deprecated in Firefox and will be removed. Please use RENDERER.
JavaScript error: https://cdn.onesignal.com/sdks/OneSignalPageSDKES6.js?v=151512, line 1: TypeError: window.safari is undefined
JavaScript warning: https://cdn.ftd.agency/libs/e.js, line 47: WEBGL_debug_renderer_info is deprecated in Firefox and will be removed. Please use RENDERER.
JavaScript error: https://cdn.onesignal.com/sdks/OneSignalPageSDKES6.js?v=151512, line 1: TypeError: window.safari is undefined
JavaScript warning: https://cdn.ftd.agency/libs/e.js, line 47: WEBGL_debug_renderer_info is deprecated in Firefox and will be removed. Please use RENDERER.
JavaScript error: https://cdn.onesignal.com/sdks/OneSignalPageSDKES6.js?v=151512, line 1: TypeError: window.safari is undefined
JavaScript warning: https://cdn.ftd.agency/libs/e.js, line 47: WEBGL_debug_renderer_info is deprecated in Firefox and will be removed. Please use RENDERER.
JavaScript error: https://cdn.onesignal.com/sdks/OneSignalPageSDKES6.js?v=151512, line 1: TypeError: window.safari is undefined
JavaScript warning: https://cdn.ftd.agency/libs/e.js, line 47: WEBGL_debug_renderer_info is deprecated in Firefox and will be removed. Please use RENDERER.
JavaScript error: https://cdn.onesignal.com/sdks/OneSignalPageSDKES6.js?v=151512, line 1: TypeError: window.safari is undefined
JavaScript warning: https://cdn.ftd.agency/libs/e.js, line 47: WEBGL_debug_renderer_info is deprecated in Firefox and will be removed. Please use RENDERER.
JavaScript error: https://cdn.onesignal.com/sdks/OneSignalPageSDKES6.js?v=151512, line 1: TypeError: window.safari is undefined
JavaScript warning: https://cdn.ftd.agency/libs/e.js, line 47: WEBGL_debug_renderer_info is deprecated in Firefox and will be removed. Please use RENDERER.
JavaScript error: https://cdn.onesignal.com/sdks/OneSignalPageSDKES6.js?v=151512, line 1: TypeError: window.safari is undefined
JavaScript warning: https://cdn.ftd.agency/libs/e.js, line 47: WEBGL_debug_renderer_info is deprecated in Firefox and will be removed. Please use RENDERER.
JavaScript error: https://cdn.onesignal.com/sdks/OneSignalPageSDKES6.js?v=151512, line 1: TypeError: window.safari is undefined
JavaScript warning: https://cdn.ftd.agency/libs/e.js, line 47: WEBGL_debug_renderer_info is deprecated in Firefox and will be removed. Please use RENDERER.
JavaScript error: https://cdn.onesignal.com/sdks/OneSignalPageSDKES6.js?v=151512, line 1: TypeError: window.safari is undefined
JavaScript warning: https://cdn.ftd.agency/libs/e.js, line 47: WEBGL_debug_renderer_info is deprecated in Firefox and will be removed. Please use RENDERER.
JavaScript error: https://cdn.onesignal.com/sdks/OneSignalPageSDKES6.js?v=151512, line 1: TypeError: window.safari is undefined
JavaScript warning: https://cdn.ftd.agency/libs/e.js, line 47: WEBGL_debug_renderer_info is deprecated in Firefox and will be removed. Please use RENDERER.
JavaScript error: https://cdn.onesignal.com/sdks/OneSignalPageSDKES6.js?v=151512, line 1: TypeError: window.safari is undefined
JavaScript warning: https://cdn.ftd.agency/libs/e.js, line 47: WEBGL_debug_renderer_info is deprecated in Firefox and will be removed. Please use RENDERER.
JavaScript error: https://cdn.onesignal.com/sdks/OneSignalPageSDKES6.js?v=151512, line 1: TypeError: window.safari is undefined
JavaScript warning: https://cdn.ftd.agency/libs/e.js, line 47: WEBGL_debug_renderer_info is deprecated in Firefox and will be removed. Please use RENDERER.
JavaScript error: https://cdn.onesignal.com/sdks/OneSignalPageSDKES6.js?v=151512, line 1: TypeError: window.safari is undefined
JavaScript warning: https://cdn.ftd.agency/libs/e.js, line 47: WEBGL_debug_renderer_info is deprecated in Firefox and will be removed. Please use RENDERER.
JavaScript error: https://cdn.onesignal.com/sdks/OneSignalPageSDKES6.js?v=151512, line 1: TypeError: window.safari is undefined
JavaScript warning: https://cdn.ftd.agency/libs/e.js, line 47: WEBGL_debug_renderer_info is deprecated in Firefox and will be removed. Please use RENDERER.
JavaScript error: https://cdn.onesignal.com/sdks/OneSignalPageSDKES6.js?v=151512, line 1: TypeError: window.safari is undefined
JavaScript warning: https://cdn.ftd.agency/libs/e.js, line 47: WEBGL_debug_renderer_info is deprecated in Firefox and will be removed. Please use RENDERER.
JavaScript error: https://cdn.onesignal.com/sdks/OneSignalPageSDKES6.js?v=151512, line 1: TypeError: window.safari is undefined
JavaScript warning: https://cdn.ftd.agency/libs/e.js, line 47: WEBGL_debug_renderer_info is deprecated in Firefox and will be removed. Please use RENDERER.
JavaScript error: https://cdn.onesignal.com/sdks/OneSignalPageSDKES6.js?v=151512, line 1: TypeError: window.safari is undefined
JavaScript warning: https://cdn.ftd.agency/libs/e.js, line 47: WEBGL_debug_renderer_info is deprecated in Firefox and will be removed. Please use RENDERER.
JavaScript error: https://cdn.onesignal.com/sdks/OneSignalPageSDKES6.js?v=151512, line 1: TypeError: window.safari is undefined
JavaScript warning: https://cdn.ftd.agency/libs/e.js, line 47: WEBGL_debug_renderer_info is deprecated in Firefox and will be removed. Please use RENDERER.
JavaScript error: https://cdn.onesignal.com/sdks/OneSignalPageSDKES6.js?v=151512, line 1: TypeError: window.safari is undefined
JavaScript warning: https://cdn.ftd.agency/libs/e.js, line 47: WEBGL_debug_renderer_info is deprecated in Firefox and will be removed. Please use RENDERER.
JavaScript error: https://cdn.onesignal.com/sdks/OneSignalPageSDKES6.js?v=151512, line 1: TypeError: window.safari is undefined
JavaScript warning: https://cdn.ftd.agency/libs/e.js, line 47: WEBGL_debug_renderer_info is deprecated in Firefox and will be removed. Please use RENDERER.
JavaScript error: https://cdn.onesignal.com/sdks/OneSignalPageSDKES6.js?v=151512, line 1: TypeError: window.safari is undefined
JavaScript warning: https://cdn.ftd.agency/libs/e.js, line 47: WEBGL_debug_renderer_info is deprecated in Firefox and will be removed. Please use RENDERER.
JavaScript error: https://cdn.onesignal.com/sdks/OneSignalPageSDKES6.js?v=151512, line 1: TypeError: window.safari is undefined
JavaScript warning: https://cdn.ftd.agency/libs/e.js, line 47: WEBGL_debug_renderer_info is deprecated in Firefox and will be removed. Please use RENDERER.
JavaScript error: https://cdn.onesignal.com/sdks/OneSignalPageSDKES6.js?v=151512, line 1: TypeError: window.safari is undefined
JavaScript warning: https://cdn.ftd.agency/libs/e.js, line 47: WEBGL_debug_renderer_info is deprecated in Firefox and will be removed. Please use RENDERER.
JavaScript error: https://cdn.onesignal.com/sdks/OneSignalPageSDKES6.js?v=151512, line 1: TypeError: window.safari is undefined
JavaScript warning: https://cdn.ftd.agency/libs/e.js, line 47: WEBGL_debug_renderer_info is deprecated in Firefox and will be removed. Please use RENDERER.
JavaScript error: https://cdn.onesignal.com/sdks/OneSignalPageSDKES6.js?v=151512, line 1: TypeError: window.safari is undefined
JavaScript warning: https://cdn.ftd.agency/libs/e.js, line 47: WEBGL_debug_renderer_info is deprecated in Firefox and will be removed. Please use RENDERER.
JavaScript error: https://cdn.onesignal.com/sdks/OneSignalPageSDKES6.js?v=151512, line 1: TypeError: window.safari is undefined
JavaScript warning: https://cdn.ftd.agency/libs/e.js, line 47: WEBGL_debug_renderer_info is deprecated in Firefox and will be removed. Please use RENDERER.
JavaScript error: https://cdn.onesignal.com/sdks/OneSignalPageSDKES6.js?v=151512, line 1: TypeError: window.safari is undefined
JavaScript warning: https://cdn.ftd.agency/libs/e.js, line 47: WEBGL_debug_renderer_info is deprecated in Firefox and will be removed. Please use RENDERER.
JavaScript error: https://cdn.onesignal.com/sdks/OneSignalPageSDKES6.js?v=151512, line 1: TypeError: window.safari is undefined
JavaScript warning: https://cdn.ftd.agency/libs/e.js, line 47: WEBGL_debug_renderer_info is deprecated in Firefox and will be removed. Please use RENDERER.
JavaScript error: https://cdn.onesignal.com/sdks/OneSignalPageSDKES6.js?v=151512, line 1: TypeError: window.safari is undefined
JavaScript warning: https://cdn.ftd.agency/libs/e.js, line 47: WEBGL_debug_renderer_info is deprecated in Firefox and will be removed. Please use RENDERER.
JavaScript error: https://cdn.onesignal.com/sdks/OneSignalPageSDKES6.js?v=151512, line 1: TypeError: window.safari is undefined
JavaScript warning: https://cdn.ftd.agency/libs/e.js, line 47: WEBGL_debug_renderer_info is deprecated in Firefox and will be removed. Please use RENDERER.
JavaScript error: https://cdn.onesignal.com/sdks/OneSignalPageSDKES6.js?v=151512, line 1: TypeError: window.safari is undefined
JavaScript warning: https://cdn.ftd.agency/libs/e.js, line 47: WEBGL_debug_renderer_info is deprecated in Firefox and will be removed. Please use RENDERER.
JavaScript error: https://cdn.onesignal.com/sdks/OneSignalPageSDKES6.js?v=151512, line 1: TypeError: window.safari is undefined
JavaScript warning: https://cdn.ftd.agency/libs/e.js, line 47: WEBGL_debug_renderer_info is deprecated in Firefox and will be removed. Please use RENDERER.
JavaScript error: https://cdn.onesignal.com/sdks/OneSignalPageSDKES6.js?v=151512, line 1: TypeError: window.safari is undefined
JavaScript warning: https://cdn.ftd.agency/libs/e.js, line 47: WEBGL_debug_renderer_info is deprecated in Firefox and will be removed. Please use RENDERER.
JavaScript error: https://cdn.onesignal.com/sdks/OneSignalPageSDKES6.js?v=151512, line 1: TypeError: window.safari is undefined
JavaScript warning: https://cdn.ftd.agency/libs/e.js, line 47: WEBGL_debug_renderer_info is deprecated in Firefox and will be removed. Please use RENDERER.
JavaScript error: https://cdn.onesignal.com/sdks/OneSignalPageSDKES6.js?v=151512, line 1: TypeError: window.safari is undefined
JavaScript warning: https://cdn.ftd.agency/libs/e.js, line 47: WEBGL_debug_renderer_info is deprecated in Firefox and will be removed. Please use RENDERER.
JavaScript error: https://cdn.onesignal.com/sdks/OneSignalPageSDKES6.js?v=151512, line 1: TypeError: window.safari is undefined
JavaScript warning: https://cdn.ftd.agency/libs/e.js, line 47: WEBGL_debug_renderer_info is deprecated in Firefox and will be removed. Please use RENDERER.
JavaScript error: https://cdn.onesignal.com/sdks/OneSignalPageSDKES6.js?v=151512, line 1: TypeError: window.safari is undefined
JavaScript warning: https://cdn.ftd.agency/libs/e.js, line 47: WEBGL_debug_renderer_info is deprecated in Firefox and will be removed. Please use RENDERER.
JavaScript error: https://cdn.onesignal.com/sdks/OneSignalPageSDKES6.js?v=151512, line 1: TypeError: window.safari is undefined
JavaScript warning: https://cdn.ftd.agency/libs/e.js, line 47: WEBGL_debug_renderer_info is deprecated in Firefox and will be removed. Please use RENDERER.
JavaScript error: https://cdn.onesignal.com/sdks/OneSignalPageSDKES6.js?v=151512, line 1: TypeError: window.safari is undefined
JavaScript warning: https://cdn.ftd.agency/libs/e.js, line 47: WEBGL_debug_renderer_info is deprecated in Firefox and will be removed. Please use RENDERER.
JavaScript error: https://cdn.onesignal.com/sdks/OneSignalPageSDKES6.js?v=151512, line 1: TypeError: window.safari is undefined
JavaScript warning: https://cdn.ftd.agency/libs/e.js, line 47: WEBGL_debug_renderer_info is deprecated in Firefox and will be removed. Please use RENDERER.
JavaScript error: https://cdn.onesignal.com/sdks/OneSignalPageSDKES6.js?v=151512, line 1: TypeError: window.safari is undefined
JavaScript warning: https://cdn.ftd.agency/libs/e.js, line 47: WEBGL_debug_renderer_info is deprecated in Firefox and will be removed. Please use RENDERER.
JavaScript error: https://cdn.onesignal.com/sdks/OneSignalPageSDKES6.js?v=151512, line 1: TypeError: window.safari is undefined
1639836330287	Marionette	INFO	Stopped listening on port 50420
console.warn: TopSitesFeed: Failed to fetch data from Contile server: NetworkError when attempting to fetch resource.
JavaScript error: chrome://remote/content/marionette/cert.js, line 55: NS_ERROR_NOT_AVAILABLE: Component returned failure code: 0x80040111 (NS_ERROR_NOT_AVAILABLE) [nsICertOverrideService.setDisableAllSecurityChecksAndLetAttackersInterceptMyData]
1639849087063	geckodriver	INFO	Listening on 127.0.0.1:64178
1639849090108	mozrunner::runner	INFO	Running command: "C:\\Program Files\\Mozilla Firefox\\firefox.exe" "--marionette" "--remote-debugging-port" "64179" "-no-remote" "-profile" "C:\\Users\\hp\\AppData\\Local\\Temp\\rust_mozprofileCad9IV"
1639849090730	Marionette	INFO	Marionette enabled
console.warn: SearchSettings: "get: No settings file exists, new profile?" (new NotFoundError("Could not open the file at C:\\Users\\hp\\AppData\\Local\\Temp\\rust_mozprofile8cCBoK\\search.json.mozlz4", (void 0)))
DevTools listening on ws://localhost:64177/devtools/browser/7d2b9947-cb95-45c0-aba9-566b7405b615
1639849093717	Marionette	INFO	Listening on port 64202
1639849093802	RemoteAgent	WARN	TLS certificate errors will be ignored for this session
1639849096365	Marionette	WARN	Ignoring event 'DOMContentLoaded' because document has an invalid readyState of 'complete'.
JavaScript error: https://musavat.com/assets/5ab7a154/scripts/camera.min.js?v=1525379906, line 8: ReferenceError: jQuery is not defined
JavaScript error: https://musavat.com/?d=1, line 2270: TypeError: $(...).camera is not a function
JavaScript warning: https://mc.yandex.ru/metrika/watch.js, line 10: WEBGL_debug_renderer_info is deprecated in Firefox and will be removed. Please use RENDERER.
1639849106697	Marionette	WARN	Ignoring event 'DOMContentLoaded' because document has an invalid readyState of 'complete'.
JavaScript warning: https://mc.yandex.ru/metrika/watch.js, line 10: WEBGL_debug_renderer_info is deprecated in Firefox JavaScript warning: https://mc.yandex.ru/meJavaScript warning: https://pagead2.googlesyndication.com/bg/f8gou5y2Dfq0zn72-W9hYw99gWviw2ua4IRi-orcC1639849127603	Marionette	INFO	Stopped listening on port 64203

###!!! [Parent][RunMessage] Error: Channel closing: too late to send/recv, messages will be lost

BGL_debug_renderer_info is deprecated in Firefox and will be removed. Please use RENDERER.
1639849124633	Marionette	INFO	Stopped listening on port 64199
JavaScript error: , line 0: TypeError: NetworkError when attempting to fetch resource.
JavaScript error: , line 0: TypeError: NetworkError when attempting to fetch resource.
JavaScript error: , line 0: TypeError: NetworkError when attempting to fetch resource.
JavaScript error: , line 0: TypeError: NetworkError when attempting to fetch resource.
[Parent 20040, IPC I/O Parent] WARNING: pipe error: 232: file /builds/worker/checkouts/gecko/ipc/chromium/src/chrome/common/ipc_channel_win.cc:542

###!!! [Parent][MessageChannel] Error: (msgtype=0x39014F,name=PContent::Reply_DiscardBrowsingContext) Closed channel: cannot send/recv


###!!! [Parent][MessageChannel] Error: (msgtype=0x39014F,name=PContent::Reply_DiscardBrowsingContext) Closed channel: cannot send/recv


###!!! [Parent][MessageChannel] Error: (msgtype=0x39014F,name=PContent::Reply_DiscardBrowsingContext) Closed channel: cannot send/recv


###!!! [Parent][MessageChannel] Error: (msgtype=0x39014F,name=PContent::Reply_DiscardBrowsingContext) Closed channel: cannot send/recv


###!!! [Parent][MessageChannel] Error: (msgtype=0x39014F,name=PContent::Reply_DiscardBrowsingContext) Closed channel: cannot send/recv


###!!! [Parent][MessageChannel] Error: (msgtype=0x39014F,name=PContent::Reply_DiscardBrowsingContext) Closed channel: cannot send/recv


###!!! [Parent][MessageChannel] Error: (msgtype=0x39014F,name=PContent::Reply_DiscardBrowsingContext) Closed channel: cannot send/recv


###!!! [Parent][MessageChannel] Error: (msgtype=0x39014F,name=PContent::Reply_DiscardBrowsingContext) Closed channel: cannot send/recv


###!!! [Parent][MessageChannel] Error: (msgtype=0x39014F,name=PContent::Reply_DiscardBrowsingContext) Closed channel: cannot send/recv


###!!! [Parent][MessageChannel] Error: (msgtype=0x39014F,name=PContent::Reply_DiscardBrowsingContext) Closed channel: cannot send/recv


###!!! [Parent][MessageChannel] Error: (msgtype=0x39014F,name=PContent::Reply_DiscardBrowsingContext) Closed channel: cannot send/recv


###!!! [Parent][MessageChannel] Error: (msgtype=0x39014F,name=PContent::Reply_DiscardBrowsingContext) Closed channel: cannot send/recv


###!!! [Parent][MessageChannel] Error: (msgtype=0x39014F,name=PContent::Reply_DiscardBrowsingContext) Closed channel: cannot send/recv


###!!! [Parent][MessageChannel] Error: (msgtype=0x39014F,name=PContent::Reply_DiscardBrowsingContext) Closed channel: cannot send/recv


###!!! [Parent][MessageChannel] Error: (msgtype=0x39014F,name=PContent::Reply_DiscardBrowsingContext) Closed channel: cannot send/recv


###!!! [Parent][MessageChannel] Error: (msgtype=0x39014F,name=PContent::Reply_DiscardBrowsingContext) Closed channel: cannot send/recv


###!!! [Parent][MessageChannel] Error: (msgtype=0x39014F,name=PContent::Reply_DiscardBrowsingContext) Closed channel: cannot send/recv


###!!! [Parent][MessageChannel] Error: (msgtype=0x39014F,name=PContent::Reply_DiscardBrowsingContext) Closed channel: cannot send/recv


###!!! [Parent][MessageChannel] Error: (msgtype=0x39007A,name=PContent::Msg_DestroyBrowsingContextGroup) Closed channel: cannot send/recv

[Parent 20040, IPC I/O Parent] WARNING: file /builds/worker/checkouts/gecko/ipc/chromium/src/base/process_util_win.cc:167

###!!! [Child][RunMessage] Error: Channel closing: too late to send/recv, messages will be lost


###!!! [Child][RunMessage] Error: Channel closing: too late to send/recv, messages will be lost


###!!! [Child][RunMessage] Error: Channel closing: too late to send/recv, messages will be lost


###!!! [Child][RunMessage] Error: Channel closing: too late to send/recv, messages will be lost

1639849164327	geckodriver	INFO	Listening on 127.0.0.1:57914
1639849167396	mozrunner::runner	INFO	Running command: "C:\\P1639849167448	mozrunner::runner	INFO	Running command: "C:\\P1639849167453	mozrunner::runner	INFO	Running command: "C:\\Program Files\\Mozilla Firefox\\firefox.exe" "--marionette" "-headless" "--remote-debugging-port" "57930" "-no1639849168031	Marionette	INFO	Marionette enabled
[GFX1-]: RenderCompositorSWGL failed mapping default framebu[GFX1-]: Rendconsole.warn: SearchSettings: "get: No settings file exists,console.warn: SearchSettings: "get: No settings file exists, new profile?" (new NotFoundError("Could not open the file at C:\\Users\\hp\\AppData\\Local\\TeDevTools listening on ws://localhost:57915/devtools/browser/DevTools listening on ws://localhost:57925/devtools/browser/d7f48ed6-170e-48e4-8a41-83fa9f23255e
1639849171729	Marionette	INFO	Listening on port 57987
1639849172260	RemoteAgent	WA1639849180658	Marionette	WARN	Ignoring event 'DOMContentLoad1639849180963	Marionette	WARN	Ignoring event 'DOMContentLoad1639849201170	Marionette	WARN	Ignoring event 'DOMContentLoaded'JavaScript error: https://musavat.com/assets/5ab7a154/scripts/camera.min.js?v=1525379906, line 8: ReferenceError: jQuery is not defined
JavaScript error: https://musavat.com/?d=1, line 2270: TypeEJavaScript error: https://musavat.com/?JavaScript warning: https://pagead2.googlesyndication.com/bg/f8gou5y2Dfq0zn72-W9hYw99gWviw2ua4IRi-orcC78.js line 1 > eval line 6863 > eval, line 1: WEBGL_debug_renderer_info is deprecated in Firefox and will be removed. Please use RENDERER.
JavaScript warning: https://mc.yandex.ru/metrika/watch.js, line 10: WEBGL_debug_reJavaScript warning: https://pagead2.googlesyndication.com/bg/f8gou5y2Dfq0zn72-W9hYw99gWviw2ua4IRi-orcC78.js line 1 > eval line 7027 > eval line 1 > eval, line 1: WEBGL_debug_renderer_info is deprecated in Firefox and will be removed. Please uJavaScript warning: https://pagead2.googlesyndication.com/bg/f8gou5y2Dfq0zJavaScript warning: https://pagead2.googlesyndicaJavaScript warning: https://pagead2.googlesyndication.com/bg/f8gou5y2Dfq0zn72-W9hYw99gWviw2ua4IRi-orcC78.js line 1 > eval line 2337 > eval line 1 > eval, line 1: WEBGL_debug_renderer_info is deprecated in Firefox and will be removed. Please use RENDERER.
1639849370166	Marionette	INFO	Stopped listening on port 57977
JavaScript error: , line 0: TypeError: NetworkError when attempting to fetch resource.
JavaScript error: , line 0: TypeError: NetworkError when attempting to fetch resource.
JavaScript error: , line 0: TypeError: NetworkError when attempting to fetch resource.
JavaScript error: , line 0: TypeError: NetworkError when attempting to fetch resource.

###!!! [Parent][MessageChannel] Error: (msgtype=0x39014F,name=PContent::Reply_DiscardBrowsingContext) Closed channel: cannot send/recv


###!!! [Parent][MessageChannel] Error: (msgtype=0x39014F,name=PContent::Reply_DiscardBrowsingContext) Closed channel: cannot send/recv


###!!! [Parent][MessageChannel] Error: (msgtype=0x39014F,name=PContent::Reply_DiscardBrowsingContext) Closed channel: cannot send/recv


###!!! [Parent][MessageChannel] Error: (msgtype=0x39014F,name=PContent::Reply_DiscardBrowsingContext) Closed channel: cannot send/recv


###!!! [Parent][MessageChannel] Error: (msgtype=0x39014F,name=PContent::Reply_DiscardBrowsingContext) Closed channel: cannot send/recv


###!!! [Parent][MessageChannel] Error: (msgtype=0x39014F,name=PContent::Reply_DiscardBrowsingContext) Closed channel: cannot send/recv


###!!! [Parent][MessageChannel] Error: (msgtype=0x39014F,name=PContent::Reply_DiscardBrowsingContext) Closed channel: cannot send/recv


###!!! [Parent][MessageChannel] Error: (msgtype=0x39014F,name=PContent::Reply_DiscardBrowsingContext) Closed channel: cannot send/recv


###!!! [Parent][MessageChannel] Error: (msgtype=0x39014F,name=PContent::Reply_DiscardBrowsingContext) Closed channel: cannot send/recv


###!!! [Parent][MessageChannel] Error: (msgtype=0x39014F,name=PContent::Reply_DiscardBrowsingContext) Closed channel: cannot send/recv


###!!! [Parent][MessageChannel] Error: (msgtype=0x39014F,name=PContent::Reply_DiscardBrowsingContext) Closed channel: cannot send/recv


###!!! [Parent][MessageChannel] Error: (msgtype=0x39014F,name=PContent::Reply_DiscardBrowsingContext) Closed channel: cannot send/recv


###!!! [Parent][MessageChannel] Error: (msgtype=0x39014F,name=PContent::Reply_DiscardBrowsingContext) Closed channel: cannot send/recv


###!!! [Parent][MessageChannel] Error: (msgtype=0x39014F,name=PContent::Reply_DiscardBrowsingContext) Closed channel: cannot send/recv


###!!! [Parent][MessageChannel] Error: (msgtype=0x39014F,name=PContent::Reply_DiscardBrowsingContext) Closed channel: cannot send/recv


###!!! [Parent][MessageChannel] Error: (msgtype=0x39014F,name=PContent::Reply_DiscardBrowsingContext) Closed channel: cannot send/recv


###!!! [Parent][MessageChannel] Error: (msgtype=0x39014F,name=PContent::Reply_DiscardBrowsingContext) Closed channel: cannot send/recv


###!!! [Parent][MessageChannel] Error: (msgtype=0x39014F,name=PContent::Reply_DiscardBrowsingContext) Closed channel: cannot send/recv


###!!! [Parent][MessageChannel] Error: (msgtype=0x39014F,name=PContent::Reply_DiscardBrowsingContext) Closed channel: cannot send/recv


###!!! [Parent][MessageChannel] Error: (msgtype=0x39007A,name=PContent::Msg_DestroyBrowsingContextGroup) Closed channel: cannot send/recv

o send/recv, messages will be lost

oo late to send/recv, messages will be lost


###!!! [Child][MessageChannel] Error: (msgtype=0x390147,name=PContent::Msg_ScriptError) Channel closing: too late to send/recv, messages will be lost


###!!! [Parent][MessageChannel] Error: (msgtype=0x39007A,name=PContent::Msg_DestroyBrowsingContextGroup) Closed channel: cannot send/recv


###!!! [Parent][RunMessage] Error: Channel closing: too late to send/recv, messages will be lost

dBrowsingContext) Closed channel: cannot send/recv


###!!! [Parent][MessageChannel] Error: (msgtype=0x39014F,name=PContent::Reply_DiscardBrowsingContext) Closed channel: cannot send/recv


###!!! [Parent][MessageChannel] Error: (msgtype=0x39014F,name=PContent::Reply_DiscardBrowsingContext) Closed channel: cannot send/recv


###!!! [Parent][MessageChannel] Error: (msgtype=0x39014F,name=PContent::Reply_DiscardBrowsingContext) Closed channel: cannot send/recv


###!!! [Parent][MessageChannel] Error: (msgtype=0x39007A,name=PContent::Msg_DestroyBrowsingContextGroup) Closed channel: cannot send/recv

nnel closing: too late to send/recv, messages will be lost


###!!! [Child][RunMessage] Error: Channel closing: too late to send/recv, messages will be lost


###!!! [Child][RunMessage] Error: Channel closing: too late to send/recv, messages will be lost


###!!! [Child][RunMessage] Error: Channel closing: too late to send/recv, messages will be lost


###!!! [Parent][MessageChannel] Error: (msgtype=0x39007A,name=PContent::Msg_DestroyBrowsingContextGroup) Closed channel: cannot send/recv


###!!! [Child][RunMessage] Error: Channel closing: too late to send/recv, messages will be lost


###!!! [Child][RunMessage] Error: Channel closing: too late to send/recv, messages will be lost


###!!! [Child][RunMessage] Error: Channel closing: too late to send/recv, messages will be lost


###!!! [Child][RunMessage] Error: Channel closing: too late to send/recv, messages will be lost


###!!! [Child][RunMessage] Error: Channel closing: too late to send/recv, messages will be lost

1639850076377	geckodriver	INFO	Listening on 127.0.0.1:63375
1639850079452	mozrunner::runner	INFO	Running command: "C:\\P1639850079482	mozrunner::runner	INFO	Running command: "C:\\Program Files\\Mozilla Firefox\\firefox.exe" "--marionette" "--remote-debugging-port" "63381" "-no-remote" "-profile" "1639850079780	Marionette	INFO	Marionette enabled
console.warn: SearchSettings: "get: No settings file exists, new profile?" (new NotFoundError("Could not open the file at C:\\Users\\hp\\AppData\\Local\\Temp\\rust_mozprofileRY02j1\\search.json.mozlz4", (void 0)))
DevTools listening on ws://localhost:63374/devtools/browser/ac1c7a63-8841-4bb7-992a-752c75ecabc5
1639850082894	Marionette	INFO	Listening on port 63392
1639850083171	RemoteAgent	WARN	TLS certificate errors will b1639850083175	RemoteAgent	WA1639850086053	Marionette	WARN	Ignoring event 'DOMContentLoad1639850086183	Marionette	WARN	Ignoring event 'DOMContentLoaded'JavaScript error: https://musavat.com/assets/5ab7a154/scripts/camera.min.js?v=1525379906, line 8: ReferenceError: jQuery is not defined
JavaScript error: https://musavat.com/?d=1, line 2270: TypeError: $(...).camera is not a function
JavaScript warning: https://mc.yandex.ru/metrika/watch.js, line 10: WEBGL_debug_renderer_info is deprecated in Firefox and will be removed. Please use RENDERER.
JavaScript warning: https://mc.yandex.ru/metrika/watch.js, line 10: WEBGL_debug_renderer_info is deprecated in Firefox and will be removed. Please use RENDERER.
JavaScript warning: https://pagead2.googlesyndication.com/bg/f8gou5y2Dfq0zn72-W9hYw99gWviw2ua4IRi-orcC78.js line 1 > eval line 3794 > eval, line 1: WEBGL_debug_renderer_info is deprecated in Firefox and will be removed. Please use RENDERER.
1639850112758	Marionette	INFO	Stopped listening on port 63396
JavaScript error: , line 0: TypeError: NetworkError when attempting to fetch resource.
JavaScript error: , line 0: TypeError: NetworkError when attempting to fetch resource.
JavaScript error: , line 0: TypeError: NetworkError when attempting to fetch resource.
[Parent 23508, IPC I/O Parent] WARNING: file /builds/worker/checkouts/gecko/ipc/chromium/src/base/process_util_win.cc:167
rror: (msgtype=0x39014F,name=PContent::Reply_DiscardBrowsingContext) Closed channel: cannot send/recv


###!!! [Parent][MessageChannel] Error: (msgtype=0x39014F,name=PContent::Reply_DiscardBrowsingContext) Closed channel: cannot send/recv


###!!! [Parent][MessageChannel] Error: (msgtype=0x39014F,name=PContent::Reply_DiscardBrowsingContext) Closed channel: cannot send/recv


###!!! [Parent][MessageChannel] Error: (msgtype=0x39014F,name=PContent::Reply_DiscardBrowsingContext) Closed channel: cannot send/recv


###!!! [Parent][MessageChannel] Error: (msgtype=0x39014F,name=PContent::Reply_DiscardBrowsingContext) Closed channel: cannot send/recv


###!!! [Parent][MessageChannel] Error: (msgtype=0x39014F,name=PContent::Reply_DiscardBrowsingContext) Closed channel: cannot send/recv


###!!! [Parent][MessageChannel] Error: (msgtype=0x39014F,name=PContent::Reply_DiscardBrowsingContext) Closed channel: cannot send/recv


###!!! [Parent][MessageChannel] Error: (msgtype=0x39014F,name=PContent::Reply_DiscardBrowsingContext) Closed channel: cannot send/recv


###!!! [Parent][MessageChannel] Error: (msgtype=0x39014F,name=PContent::Reply_DiscardBrowsingContext) Closed channel: cannot send/recv


###!!! [Parent][MessageChannel] Error: (msgtype=0x39014F,name=PContent::Reply_DiscardBrowsingContext) Closed channel: cannot send/recv


###!!! [Parent][MessageChannel] Error: (msgtype=0x39014F,name=PContent::Reply_DiscardBrowsingContext) Closed channel: cannot send/recv


###!!! [Parent][MessageChannel] Error: (msgtype=0x39014F,name=PContent::Reply_DiscardBrowsingContext) Closed channel: cannot send/recv


###!!! [Parent][MessageChannel] Error: (msgtype=0x39014F,name=PContent::Reply_DiscardBrowsingContext) Closed channel: cannot send/recv


###!!! [Parent][MessageChannel] Error: (msgtype=0x39014F,name=PContent::Reply_DiscardBrowsingContext) Closed channel: cannot send/recv


###!!! [Parent][MessageChannel] Error: (msgtype=0x39014F,name=PContent::Reply_DiscardBrowsingContext) Closed channel: cannot send/recv


###!!! [Parent][MessageChannel] Error: (msgtype=0x39014F,name=PContent::Reply_DiscardBrowsingContext) Closed channel: cannot send/recv


###!!! [Parent][MessageChannel] Error: (msgtype=0x39007A,name=PContent::Msg_DestroyBrowsingContextGroup) Closed channel: cannot send/recv


###!!! [Parent][MessageChannel] Error: (msgtype=0x39014F,name=PContent::Reply_DiscardBrowsingContext) Closed channel: cannot send/recv

1639850188028	geckodriver	INFO	Listening on 127.0.0.1:49301
1639850191106	mozrunner::runner	INFO	Running command: "C:\\Program Files\\Mozilla Firefox\\firefox.exe" "--marionette" "--remote-debugging-port" "49302" "-no-remote" "-profile" "C:\\Users\\hp\\AppData\\Local\\Temp\\rust_mozprofilem7j1OG"
1639850191400	Marionette	INFO	Marionette enabled
console.warn: SearchSettings: "get: No settings file exists, new profile?" (new NotFoundError("Could not open the file at C:\\Users\\hp\\AppData\\Local\\Temp\\rust_mozprofilem7j1OG\\search.json.mozlz4", (void 0)))
DevTools listening on ws://localhost:49302/devtools/browser/29d0d1d7-7942-4e92-9c14-82b159ab676a
1639850194262	Marionette	INFO	Listening on port 49323
1639850194303	RemoteAgent	WARN	TLS certificate errors will be ignored for this session
1639850196938	Marionette	WARN	Ignoring event 'DOMContentLoaded' because document has an invalid readyState of 'complete'.
JavaScript error: https://musavat.com/assets/5ab7a154/scripts/camera.min.js?v=1525379906, line 8: ReferenceError: jQuery is not defined
JavaScript error: https://pagead2.googlesyndication.com/pagead/js/adsbygoogle.js, line 227: uncaught exception: TagError: adsbygoogle.push() error: No slot size for availableWidth=0
JavaScript error: https://pagead2.googlesyndication.com/pagead/js/adsbygoogle.js, line 227: uncaught exception: TagError: adsbygoogle.push() error: No JavaScript warning: https://mc.yandex.ru/metrika/watch.js, line 10: WEBGL_debug_renderer_info is deprecated in Firefox and will be removed. Please use RENDERER.
JavaScript warning: https://mc.yandex.ru/metrika/watch.js, line 10: WEBGL_debug_renderer_info is deprecated in Firefox and will be removed. Please use RJavaScript error: https://pagead2.googlesyndication.com/pagead/js/adsbygoogle.js, line 227: uncaught exception: TagError: adsbygoogle.push() error: No slot size for availableWidth=0
JavaScript error: https://pagead2.googlesyndication.com/pagead/js/adsbygoogle.js, line 63: uncaught exception: TagError: adsbygoogle.push() eJavaScript error: https://musavat.com/assets/5ab7a154/scripts/camera.min.js?v=1525379906, line 8: ReferenceError: jQuery is not defined
JavaScript error: https://musavat.com/, line 2487: TypeError: $(...).camera is not a function
JavaScript error: https://medianews.az/, line 74: SecurityError: Permission denied to access property "document" on cross-origin object
JavaScript error: https://quantcast.mgr.consensu.org/choice/6Fv0cGNfc_bw8/www.themoneytizer.com/choice.js, line 18: TypeError: window.__tcfapi is not a function
JavaScript error: https://quantcast.mgr.consensu.org/tcfv2/cmp2.js?referer=www.themoneytizer.com, line 1: TypeError: window.__tcfapi is not a function
JavaScript error: https://pagead2.googlesyndication.com/pagead/js/adsbygoogle.js, line 227: uncaught exception: TagError: adsbygoogle.push() error: No slot size for availableWidth=0
JavaScript error: https://pagead2.googlesyndication.com/pagead/js/adsbygoogle.js, line 227: uncaught exception: TagError: adsbygoogle.push() error: No slot size for availableWidth=0
JavaScript error: https://pagead2.googlesyndication.com/pagead/js/adsbygoogle.js, line 227: uncaught exception: TagError: adsbygoogle.push() error: No slot size for availableWidth=0
JavaScript warning: https://pagead2.googlesyndication.com/bg/f8gou5y2Dfq0zn72-W9hYw99gWviw2ua4IRi-orcC78.js line 1 > eval line 7087 > eval line 1 > eval, line 1: WEBGL_debug_renderer_info is deprecated in Firefox and will be removed. Please use RENDERER.
JavaScript error: https://musavat.com/assets/5ab7a154/scripts/camera.min.js?v=1525379906, line 8: ReferenceError: jQuery is not defined
JavaScript error: https://musavat.com/, line 2487: TypeError: $(...).camera is not a function
JavaScript error: https://medianews.az/, line 74: SecurityError: Permission denied to access property "document" on cross-origin object
JavaScript error: https://quantcast.mgr.consensu.org/choice/6Fv0cGNfc_bw8/www.themoneytizer.com/choice.js, line 18: TypeError: window.__tcfapi is not a function
JavaScript error: https://quantcast.mgr.consensu.org/tcfv2/cmp2.js?referer=www.themoneytizer.com, line 1: TypeError: window.__tcfapi is not a function
JavaScript error: https://pagead2.googlesyndication.com/pagead/js/adsbygoogle.js, line 227: uncaught exception: TagError: adsbygoogle.push() error: No slot size for availableWidth=0
JavaScript error: https://pagead2.googlesyndication.com/pagead/js/adsbygoogle.js, line 227: uncaught exception: TagError: adsbygoogle.push() error: No slot size for availableWidth=0
JavaScript error: https://pagead2.googlesyndication.com/pagead/js/adsbygoogle.js, line 227: uncaught exception: TagError: adsbygoogle.push() error: No slot size for availableWidth=0
JavaScript warning: https://pagead2.googlesyndication.com/bg/f8gou5y2Dfq0zn72-W9hYw99gWviw2ua4IRi-orcC78.js line 1 > eval line 3375 > eval, line 1: WEBGL_debug_renderer_info is deprecated in Firefox and will be removed. Please use RENDERER.
JavaScript error: https://musavat.com/assets/5ab7a154/scripts/camera.min.js?v=1525379906, line 8: ReferenceError: jQuery is not defined
JavaScript error: https://musavat.com/, line 2487: TypeError: $(...).camera is not a function
JavaScript error: https://pagead2.googlesyndication.com/pagead/js/adsbygoogle.js, line 227: uncaught exception: TagError: adsbygoogle.push() error: No slot size for availableWidth=0
JavaScript error: https://pagead2.googlesyndication.com/pagead/js/adsbygoogle.js, line 227: uncaught exception: TagError: adsbygoogle.push() error: No slot size for availableWidth=0
JavaScript error: https://pagead2.googlesyndication.com/pagead/js/adsbygoogle.js, line 227: uncaught exception: TagError: adsbygoogle.push() error: No slot size for availableWidth=0
JavaScript error: https://qaziler.az/rek/js/s_3469a2a501a9e18091036aa0c89f9dcb.js, line 1: ReferenceError: _bsap is not defined
JavaScript error: https://medianews.az/, line 74: SecurityError: Permission denied to access property "document" on cross-origin object
JavaScript error: https://quantcast.mgr.consensu.org/choice/6Fv0cGNfc_bw8/www.themoneytizer.com/choice.js, line 18: TypeError: window.__tcfapi is not a function
JavaScript error: https://quantcast.mgr.consensu.org/tcfv2/cmp2.js?referer=www.themoneytizer.com, line 1: TypeError: window.__tcfapi is not a function
JavaScript warning: https://pagead2.googlesyndication.com/bg/f8gou5y2Dfq0zn72-W9hYw99gWviw2ua4IRi-orcC78.js line 1 > eval line 5193 > eval line 1 > eval, line 1: WEBGL_debug_renderer_info is deprecated in Firefox and will be removed. Please use RENDERER.
1639850295909	Marionette	INFO	Stopped listening on port 49322
nd/recv, messages will be lost

1639851275603	geckodriver	INFO	Listening on 127.0.0.1:55492
1639851278685	mozrunner::runner	INFO	Running command: "C:\\Program Files\\Mozilla Firefox\\firefox.exe" "--marionette" "--remote-debugging-port" "55493" "-no-remote" "-profile" "C:\\Users\\hp\\AppData\\Local\\Temp\\rust_mozprofiletlT3Kd"
1639851279015	Marionette	INFO	Marionette enabled
console.warn: SearchSettings: "get: No settings file exists, new profile?" (new NotFoundError("Could not open the file at C:\\Users\\hp\\AppData\\Local\\Temp\\rust_mozprofiletlT3Kd\\search.json.mozlz4", (void 0)))
DevTools listening on ws://localhost:55493/devtools/browser/3629384f-19a3-4a42-bf84-60ca50df1e12
1639851280644	Marionette	INFO	Listening on port 55498
1639851280729	RemoteAgent	WARN	TLS certificate errors will be ignored for this session
1639851282424	Marionette	WARN	Ignoring event 'DOMContentLoaded' because document has an invalid readyState of 'complete'.
1639851300917	Marionette	INFO	Stopped listening on port 55498
console.warn: TopSitesFeed: Failed to fetch data from Contile server: NetworkError when attempting to fetch resource.
JavaScript error: chrome://remote/content/marionette/cert.js, line 55: NS_ERROR_NOT_AVAILABLE: Component returned failure code: 0x80040111 (NS_ERROR_NOT_AVAILABLE) [nsICertOverrideService.setDisableAllSecurityChecksAndLetAttackersInterceptMyData]

###!!! [Parent][RunMessage] Error: Channel closing: too late to send/recv, messages will be lost

1639851377082	geckodriver	INFO	Listening on 127.0.0.1:59082
1639851380189	mozrunner::runner	INFO	Running command: "C:\\Program Files\\Mozilla Firefox\\firefox.exe" "--marionette" "--remote-debugging-port" "59083" "-no-remote" "-profile" "C:\\Users\\hp\\AppData\\Local\\Temp\\rust_mozprofilePMrM57"
1639851380428	Marionette	INFO	Marionette enabled
console.warn: SearchSettings: "get: No settings file exists, new profile?" (new NotFoundError("Could not open the file at C:\\Users\\hp\\AppData\\Local\\Temp\\rust_mozprofilePMrM57\\search.json.mozlz4", (void 0)))
DevTools listening on ws://localhost:59083/devtools/browser/9e3350eb-832e-4516-b5b6-1c72a2551006
1639851381935	Marionette	INFO	Listening on port 59088
1639851382249	RemoteAgent	WARN	TLS certificate errors will be ignored for this session
1639851383791	Marionette	WARN	Ignoring event 'DOMContentLoaded' because document has an invalid readyState of 'complete'.
JavaScript warning: https://cdn.ftd.agency/libs/e.js, line 47: WEBGL_debug_renderer_info is deprecated in Firefox and will be removed. Please use RENDERER.
JavaScript warning: https://cdn.ftd.agency/libs/e.js, line 47: WEBGL_debug_renderer_info is deprecated in Firefox and will be removed. Please use RENDERER.
JavaScript warning: https://cdn.ftd.agency/libs/e.js, line 47: WEBGL_debug_renderer_info is deprecated in Firefox and will be removed. Please use RENDERER.
JavaScript warning: https://cdn.ftd.agency/libs/e.js, line 47: WEBGL_debug_renderer_info is deprecated in Firefox and will be removed. Please use RENDERER.
JavaScript warning: https://cdn.ftd.agency/libs/e.js, line 47: WEBGL_debug_renderer_info is deprecated in Firefox and will be removed. Please use RENDERER.
JavaScript warning: https://cdn.ftd.agency/libs/e.js, line 47: WEBGL_debug_renderer_info is deprecated in Firefox and will be removed. Please use RENDERER.
JavaScript warning: https://cdn.ftd.agency/libs/e.js, line 47: WEBGL_debug_renderer_info is deprecated in Firefox and will be removed. Please use RENDERER.
JavaScript warning: https://cdn.ftd.agency/libs/e.js, line 47: WEBGL_debug_renderer_info is deprecated in Firefox and will be removed. Please use RENDERER.
JavaScript warning: https://cdn.ftd.agency/libs/e.js, line 47: WEBGL_debug_renderer_info is deprecated in Firefox and will be removed. Please use RENDERER.
JavaScript warning: https://cdn.ftd.agency/libs/e.js, line 47: WEBGL_debug_renderer_info is deprecated in Firefox and will be removed. Please use RENDERER.
JavaScript warning: https://cdn.ftd.agency/libs/e.js, line 47: WEBGL_debug_renderer_info is deprecated in Firefox and will be removed. Please use RENDERER.
JavaScript warning: https://cdn.ftd.agency/libs/e.js, line 47: WEBGL_debug_renderer_info is deprecated in Firefox and will be removed. Please use RENDERER.
JavaScript warning: https://cdn.ftd.agency/libs/e.js, line 47: WEBGL_debug_renderer_info is deprecated in Firefox and will be removed. Please use RENDERER.
1639851494707	Marionette	INFO	Stopped listening on port 59088
console.warn: TopSitesFeed: Failed to fetch data from Contile server: NetworkError when attempting to fetch resource.

###!!! [Parent][RunMessage] Error: Channel closing: too late to send/recv, messages will be lost

1639851837507	geckodriver	INFO	Listening on 127.0.0.1:51133
1639851840592	mozrunner::runner	INFO	Running command: "C:\\Program Files\\Mozilla Firefox\\firefox.exe" "--marionette" "--remote-debugging-port" "51134" "-no-remote" "-profile" "C:\\Users\\hp\\AppData\\Local\\Temp\\rust_mozprofilen82An9"
1639851840832	Marionette	INFO	Marionette enabled
console.warn: SearchSettings: "get: No settings file exists, new profile?" (new NotFoundError("Could not open the file at C:\\Users\\hp\\AppData\\Local\\Temp\\rust_mozprofilen82An9\\search.json.mozlz4", (void 0)))
DevTools listening on ws://localhost:51134/devtools/browser/b2b321bb-7729-4d65-9760-9cc11ce20750
1639851842621	Marionette	INFO	Listening on port 51142
1639851842648	RemoteAgent	WARN	TLS certificate errors will be ignored for this session
1639851844218	Marionette	WARN	Ignoring event 'DOMContentLoaded' because document has an invalid readyState of 'complete'.
JavaScript warning: https://cdn.ftd.agency/libs/e.js, line 47: WEBGL_debug_renderer_info is deprecated in Firefox and will be removed. Please use RENDERER.
JavaScript warning: https://cdn.ftd.agency/libs/e.js, line 47: WEBGL_debug_renderer_info is deprecated in Firefox and will be removed. Please use RENDERER.
JavaScript warning: https://cdn.ftd.agency/libs/e.js, line 47: WEBGL_debug_renderer_info is deprecated in Firefox and will be removed. Please use RENDERER.
1639851886200	Marionette	INFO	Stopped listening on port 51142
console.warn: TopSitesFeed: Failed to fetch data from Contile server: NetworkError when attempting to fetch resource.
1639851894619	geckodriver	INFO	Listening on 127.0.0.1:51276
1639851897721	mozrunner::runner	INFO	Running command: "C:\\Program Files\\Mozilla Firefox\\firefox.exe" "--marionette" "--remote-debugging-port" "51277" "-no-remote" "-profile" "C:\\Users\\hp\\AppData\\Local\\Temp\\rust_mozprofilenhr5iX"
1639851897964	Marionette	INFO	Marionette enabled
console.warn: SearchSettings: "get: No settings file exists, new profile?" (new NotFoundError("Could not open the file at C:\\Users\\hp\\AppData\\Local\\Temp\\rust_mozprofilenhr5iX\\search.json.mozlz4", (void 0)))
DevTools listening on ws://localhost:51277/devtools/browser/f33bb28d-f0ef-42c5-9b6c-81afd80e6284
1639851899693	Marionette	INFO	Listening on port 51284
1639851899766	RemoteAgent	WARN	TLS certificate errors will be ignored for this session
1639851901106	Marionette	WARN	Ignoring event 'DOMContentLoaded' because document has an invalid readyState of 'complete'.
JavaScript warning: https://cdn.ftd.agency/libs/e.js, line 47: WEBGL_debug_renderer_info is deprecated in Firefox and will be removed. Please use RENDERER.
JavaScript warning: https://cdn.ftd.agency/libs/e.js, line 47: WEBGL_debug_renderer_info is deprecated in Firefox and will be removed. Please use RENDERER.
JavaScript warning: https://cdn.ftd.agency/libs/e.js, line 47: WEBGL_debug_renderer_info is deprecated in Firefox and will be removed. Please use RENDERER.
JavaScript warning: https://cdn.ftd.agency/libs/e.js, line 47: WEBGL_debug_renderer_info is deprecated in Firefox and will be removed. Please use RENDERER.
JavaScript warning: https://cdn.ftd.agency/libs/e.js, line 47: WEBGL_debug_renderer_info is deprecated in Firefox and will be removed. Please use RENDERER.
1639851970215	Marionette	INFO	Stopped listening on port 51281639851971053	mozrunner::runner	INFO	Running command: "C:\\Program Files\\Mozilla Firefox\\firefox.exe" "--marionette" "--remote-debugging-port" "52198" "-no-remote" "-profile" "C:\\Users\\hp\\AppData\\Local\\Temp\\rust_mozprofileMaXwYV"
1639851971303	Marionette	INFO	Marionette enabled
console.warn: SearchSettings: "get: No settings file exists, new profile?" (new NotFoundError("Could not open the file at C:\\Users\\hp\\AppData\\Local\\Temp\\rust_mozprofileMaXwYV\\search.json.mozlz4", (void 0)))
DevTools listening on ws://localhost:52198/devtools/browser/80e022f4-8e8d-437c-b544-e5aed9023b18
1639851973031	Marionette	INFO	Listening on port 52207
1639851973097	RemoteAgent	WARN	TLS certificate errors will be ignored for this session
1639851974778	Marionette	WARN	Ignoring event 'DOMContentLoaded' because document has an invalid readyState of 'complete'.
1639851976618	Marionette	WARN	Ignoring event 'DOMContentLoaded' because document has an invalid readyState of 'complete'.
JavaScript error: https://musavat.com/assets/5ab7a154/scripts/camera.min.js?v=1525379906, line 8: ReferenceError: jQuery is not defined
JavaScript error: https://musavat.com/ru/, line 2270: TypeError: $(...).camera is not a function
JavaScript error: https://pagead2.googlesyndication.com/pagead/js/adsbygoogle.js, line 227: uncaught exception: TagError: adsbygoogle.push() error: No slot size for availableWidth=0
JavaScript error: https://pagead2.googlesyndication.com/pagead/js/adsbygoogle.js, line 227: uncaught exception: TagError: adsbygoogle.push() error: No slot size for availableWidth=0
JavaScript error: https://pagead2.googlesyndication.com/pagead/js/adsbygoogle.js, line 227: uncaught exception: TagError: adsbygoogle.push() error: No slot size for availableWidth=0
JavaScript warning: https://cdn.ftd.agency/libs/e.js, line 47: WEBGL_debug_renderer_info is deprecated in Firefox and will be removed. Please use RENDERER.
1639852006074	Marionette	INFO	Stopped listening on port 52201639852007402	mozrunner::runner	INFO	Running command: "C:\\Program Files\\Mozilla Firefox\\firefox.exe" "--marionette" "--remote-debugging-port" "52347" "-no-remote" "-profile" "C:\\Users\\hp\\AppData\\Local\\Temp\\rust_mozprofilei3Df99"
1639852007660	Marionette	INFO	Marionette enabled
console.warn: SearchSettings: "get: No settings file exists, new profile?" (new NotFoundError("Could not open the file at C:\\Users\\hp\\AppData\\Local\\Temp\\rust_mozprofilei3Df99\\search.json.mozlz4", (void 0)))
DevTools listening on ws://localhost:52347/devtools/browser/54ab3969-2909-4a70-a27f-425e2ea6ede8
1639852009361	Marionette	INFO	Listening on port 52355
1639852009456	RemoteAgent	WARN	TLS certificate errors will be ignored for this session
1639852010837	Marionette	WARN	Ignoring event 'DOMContentLoaded' because document has an invalid readyState of 'complete'.
JavaScript warning: https://cdn.ftd.agency/libs/e.js, line 47: WEBGL_debug_renderer_info is deprecated in Firefox and will be removed. Please use RENDERER.
JavaScript warning: https://cdn.ftd.agency/libs/e.js, line 47: WEBGL_debug_renderer_info is deprecated in Firefox and will be removed. Please use RENDERER.
JavaScript warning: https://cdn.ftd.agency/libs/e.js, line 47: WEBGL_debug_renderer_info is deprecated in Firefox and will be removed. Please use RENDERER.
JavaScript warning: https://cdn.ftd.agency/libs/e.js, line 47: WEBGL_debug_renderer_info is deprecated in Firefox and will be removed. Please use RENDERER.
JavaScript warning: https://cdn.ftd.agency/libs/e.js, line 47: WEBGL_debug_renderer_info is deprecated in Firefox and will be removed. Please use RENDERER.
JavaScript warning: https://cdn.ftd.agency/libs/e.js, line 47: WEBGL_debug_renderer_info is deprecated in Firefox and will be removed. Please use RENDERER.
JavaScript warning: https://cdn.ftd.agency/libs/e.js, line 47: WEBGL_debug_renderer_info is deprecated in Firefox and will be removed. Please use RENDERER.
JavaScript warning: https://cdn.ftd.agency/libs/e.js, line 47: WEBGL_debug_renderer_info is deprecated in Firefox and will be removed. Please use RENDERER.
JavaScript warning: https://cdn.ftd.agency/libs/e.js, line 47: WEBGL_debug_renderer_info is deprecated in Firefox and will be removed. Please use RENDERER.
JavaScript warning: https://cdn.ftd.agency/libs/e.js, line 47: WEBGL_debug_renderer_info is deprecated in Firefox and will be removed. Please use RENDERER.
1639852134380	Marionette	INFO	Stopped listening on port 52355
JavaScript error: chrome://remote/content/marionette/cert.js, line 55: NS_ERROR_NOT_AVAILABLE: Component returned failure code: 0x80040111 (NS_ERROR_NOT_AVAILABLE) [nsICertOverrideService.setDisableAllSecurityChecksAndLetAttackersInterceptMyData]
1639852335331	geckodriver	INFO	Listening on 127.0.0.1:52016
1639852338400	mozrunner::runner	INFO	Running command: "C:\\Program Files\\Mozilla Firefox\\firefox.exe" "--marionette" "--remote-debugging-port" "52017" "-no-remote" "-profile" "C:\\Users\\hp\\AppData\\Local\\Temp\\rust_mozprofileXaktVP"
1639852338653	Marionette	INFO	Marionette enabled
console.warn: SearchSettings: "get: No settings file exists, new profile?" (new NotFoundError("Could not open the file at C:\\Users\\hp\\AppData\\Local\\Temp\\rust_mozprofileXaktVP\\search.json.mozlz4", (void 0)))
DevTools listening on ws://localhost:52017/devtools/browser/df50bc4b-50f5-4893-973d-c43803f69926
1639852340426	Marionette	INFO	Listening on port 52022
1639852340455	RemoteAgent	WARN	TLS certificate errors will be ignored for this session
1639852346796	Marionette	WARN	Ignoring event 'DOMContentLoaded' because document has an invalid readyState of 'complete'.
JavaScript warning: https://cdn.ftd.agency/libs/e.js, line 47: WEBGL_debug_renderer_info is deprecated in Firefox and will be removed. Please use RENDERER.
JavaScript warning: https://cdn.ftd.agency/libs/e.js, line 47: WEBGL_debug_renderer_info is deprecated in Firefox and will be removed. Please use RENDERER.
JavaScript warning: https://cdn.ftd.agency/libs/e.js, line 47: WEBGL_debug_renderer_info is deprecated in Firefox and will be removed. Please use RENDERER.
JavaScript warning: https://cdn.ftd.agency/libs/e.js, line 47: WEBGL_debug_renderer_info is deprecated in Firefox and will be removed. Please use RENDERER.
JavaScript warning: https://cdn.ftd.agency/libs/e.js, line 47: WEBGL_debug_renderer_info is deprecated in Firefox and will be removed. Please use RENDERER.
JavaScript warning: https://cdn.ftd.agency/libs/e.js, line 47: WEBGL_debug_renderer_info is deprecated in Firefox and will be removed. Please use RENDERER.
JavaScript warning: https://cdn.ftd.agency/libs/e.js, line 47: WEBGL_debug_renderer_info is deprecated in Firefox and will be removed. Please use RENDERER.
JavaScript warning: https://cdn.ftd.agency/libs/e.js, line 47: WEBGL_debug_renderer_info is deprecated in Firefox and will be removed. Please use RENDERER.
JavaScript warning: https://cdn.ftd.agency/libs/e.js, line 47: WEBGL_debug_renderer_info is deprecated in Firefox and will be removed. Please use RENDERER.
JavaScript warning: https://cdn.ftd.agency/libs/e.js, line 47: WEBGL_debug_renderer_info is deprecated in Firefox and will be removed. Please use RENDERER.
JavaScript warning: https://cdn.ftd.agency/libs/e.js, line 47: WEBGL_debug_renderer_info is deprecated in Firefox and will be removed. Please use RENDERER.
JavaScript warning: https://cdn.ftd.agency/libs/e.js, line 47: WEBGL_debug_renderer_info is deprecated in Firefox and will be removed. Please use RENDERER.
JavaScript warning: https://cdn.ftd.agency/libs/e.js, line 47: WEBGL_debug_renderer_info is deprecated in Firefox and will be removed. Please use RENDERER.
JavaScript warning: https://cdn.ftd.agency/libs/e.js, line 47: WEBGL_debug_renderer_info is deprecated in Firefox and will be removed. Please use RENDERER.
1639852497048	Marionette	INFO	Stopped listening on port 52022
console.warn: TopSitesFeed: Failed to fetch data from Contile server: NetworkError when attempting to fetch resource.
JavaScript error: chrome://remote/content/marionette/cert.js, line 55: NS_ERROR_NOT_AVAILABLE: Component returned failure code: 0x80040111 (NS_ERROR_NOT_AVAILABLE) [nsICertOverrideService.setDisableAllSecurityChecksAndLetAttackersInterceptMyData]

###!!! [Parent][RunMessage] Error: Channel closing: too late to send/recv, messages will be lost

1639853245400	geckodriver	INFO	Listening on 127.0.0.1:53013
1639853248479	mozrunner::runner	INFO	Running command: "C:\\Program Files\\Mozilla Firefox\\firefox.exe" "--marionette" "--remote-debugging-port" "53014" "-no-remote" "-profile" "C:\\Users\\hp\\AppData\\Local\\Temp\\rust_mozprofileFNHihP"
1639853248733	Marionette	INFO	Marionette enabled
console.warn: SearchSettings: "get: No settings file exists, new profile?" (new NotFoundError("Could not open the file at C:\\Users\\hp\\AppData\\Local\\Temp\\rust_mozprofileFNHihP\\search.json.mozlz4", (void 0)))
DevTools listening on ws://localhost:53014/devtools/browser/ece0a2e0-d739-4e98-ae6f-3f9c1b36e71c
1639853250537	Marionette	INFO	Listening on port 53025
1639853250642	RemoteAgent	WARN	TLS certificate errors will be ignored for this session
1639853251997	Marionette	INFO	Stopped listening on port 53025
console.error: services.settings: 
  main/query-stripping Signature failed  TypeError: NetworkError: Network request failed
[Parent 26100, IPC I/O Parent] WARNING: file /builds/worker/checkouts/gecko/ipc/chromium/src/base/process_util_win.cc:167

###!!! [Parent][RunMessage] Error: Channel closing: too late to send/recv, messages will be lost

1639853267206	geckodriver	INFO	Listening on 127.0.0.1:53093
1639853270279	mozrunner::runner	INFO	Running command: "C:\\Program Files\\Mozilla Firefox\\firefox.exe" "--marionette" "--remote-debugging-port" "53094" "-no-remote" "-profile" "C:\\Users\\hp\\AppData\\Local\\Temp\\rust_mozprofilewIpNPy"
1639853270526	Marionette	INFO	Marionette enabled
console.warn: SearchSettings: "get: No settings file exists, new profile?" (new NotFoundError("Could not open the file at C:\\Users\\hp\\AppData\\Local\\Temp\\rust_mozprofilewIpNPy\\search.json.mozlz4", (void 0)))
DevTools listening on ws://localhost:53094/devtools/browser/c8039823-5f29-4e0a-b360-efcbf8e127a3
1639853272275	Marionette	INFO	Listening on port 53100
1639853272330	RemoteAgent	WARN	TLS certificate errors will be ignored for this session
1639853277917	Marionette	WARN	Ignoring event 'DOMContentLoaded' because document has an invalid readyState of 'complete'.
JavaScript warning: https://cdn.ftd.agency/libs/e.js, line 47: WEBGL_debug_renderer_info is deprecated in Firefox and will be removed. Please use RENDERER.
JavaScript warning: https://cdn.ftd.agency/libs/e.js, line 47: WEBGL_debug_renderer_info is deprecated in Firefox and will be removed. Please use RENDERER.
JavaScript warning: https://cdn.ftd.agency/libs/e.js, line 47: WEBGL_debug_renderer_info is deprecated in Firefox and will be removed. Please use RENDERER.
JavaScript warning: https://cdn.ftd.agency/libs/e.js, line 47: WEBGL_debug_renderer_info is deprecated in Firefox and will be removed. Please use RENDERER.
JavaScript warning: https://cdn.ftd.agency/libs/e.js, line 47: WEBGL_debug_renderer_info is deprecated in Firefox and will be removed. Please use RENDERER.
JavaScript warning: https://cdn.ftd.agency/libs/e.js, line 47: WEBGL_debug_renderer_info is deprecated in Firefox and will be removed. Please use RENDERER.
1639853429894	Marionette	INFO	Stopped listening on port 53100

###!!! [Parent][RunMessage] Error: Channel closing: too late to send/recv, messages will be lost

