1642090894178	geckodriver	INFO	Listening on 127.0.0.1:64329
1642090897226	mozrunner::runner	INFO	Running command: "C:\\Program Files\\Mozilla Firefox\\firefox.exe" "--marionette" "-headless" "-no-remote" "-profile" "C:\\Users\\hp\\AppData\\Local\\Temp\\rust_mozprofilepBzjE8"
*** You are running in headless mode.
1642090897649	Marionette	INFO	Marionette enabled
[GFX1-]: RenderCompositorSWGL failed mapping default framebuffer, no dt
console.warn: SearchSettings: "get: No settings file exists, new profile?" (new NotFoundError("Could not open the file at C:\\Users\\hp\\AppData\\Local\\Temp\\rust_mozprofileovcDlo\\search.json.mozlz4", (void 0)))
1642090899480	Marionette	INFO	Listening on port 64374
1642090899893	RemoteAgent	WARN	TLS certificate errors will be ignored for this session
JavaScript error: https://medianews.az/, line 74: SecurityError: Permission denied to access property "document" on cross-origin object
JavaScript error: https://quantcast.mgr.consensu.org/choice/6Fv0cGNfc_bw8/www.themoneytizer.com/choice.js, line 18: TypeError: window.__tcfapi is not a function
JavaScript warning: https://qaynarinfo.az/theme/frontend/new/style/default/js/jquery.js?ve, line 2: Using //@ to indicate sourceMappingURL pragmas is deprecated. Use //# instead
JavaScript error: https://quantcast.mgr.consensu.org/tcfv2/cmp2.js?referer=www.themoneytizer.com, line 1: TypeError: window.__tcfapi is not a function
JavaScript warning: https://www.myjscript.com/ajax/jquery.min.php, line 3: Using //@ to indicate sourceMappingURL pragmas is deprecated. Use //# instead
JavaScript error: https://musavat.com/assets/db632ce7/yii.js?v=1525379905, line 464: ReferenceError: jQuery is 1642090937340	Marionette	WARN	Ignoring event 'pageshow' because document has an invalid readyState of 'uninitialized'.
1642090937342	Marionette	WARN	Ignoring event 'pageshow' because document has an invconsole.warn: LoginHelper(Content): "Couldn't parse origin for" "about:blank" ({})
JavaScript warning: https://pagead2.googlesyndication.com/bg/u1NYxsmA8ZVAu2sVzPZBh4qj2FMOPiJd8uWeqwBcPdE.js line 1 > eval line 6871 > eval, line 1: WEBGL_debug_renderer_info is deprecated in Firefox and will be removed. Please use RENDERER.
JavaScript warning: https://mc.yandex.ru/metrika/watch.js, line 10: WEBGL_debug_renderer_info is deprecated in Firefox and will be removed. Please use RENDERER.
JavaScript warning: https://mc.yandex.ru/metrika/watch.js, line 10: WEBGL_debug_renderer_info is deprecated in Firefox and will be removed. Please use RENDERER.
JavaScript warning: https://cdn.ftd.agency/libs/e.js, line 47: WEBGL_debug_renderer_info is deprecated in Firefox and will be removed. Please use RENDERER.
JavaScript error: https://medianews.az/, line 74: SecurityError: Permission denied to access property "document" on cross-origin object
JavaScript error: https://quantcast.mgr.consensu.org/choice/6Fv0cGNfc_bw8/www.themoneytizer.com/choice.js, line 18: TypeError: window.__tcfapi is not a function
JavaScript error: https://quantcast.mgr.consensu.org/tcfv2/cmp2.js?referer=www.themoneytizer.com, line 1: TypeError: window.__tcfapi is not a function
JavaScript warning: https://cdn.ftd.agency/libs/e.js, line 47: WEBGL_debug_renderer_info is deprecated in Firefox and will be removed. Please use RENDERER.
JavaScript warning: https://qaynarinfo.az/theme/frontend/new/style/default/js/jquery.js?ve, line 2: Using //@ to indicate sourceMappingURL pragmas is deprecated. Use //# instead
JavaScript warning: https://www.myjscript.com/ajax/jquery.min.php, line 3: Using //@ to indicate sourceMappingURL pragmas is deprecated. Use //# instead
console.warn: LoginHelper(Content): "Couldn't parse origin for" "about:blank" ({})
JavaScript warning: https://pagead2.googlesyndication.com/bg/u1NYxsmA8ZVAu2sVzPZBh4qj2FMOPiJd8uWeqwBcPdE.js line 1 > eval line 2240 > eval, line 1: WEBGL_debug_renderer_info is deprecated in Firefox and will be removed. Please use RENDERER.
JavaScript warning: https://cdn.ftd.agency/libs/e.js, line 47: WEBGL_debug_renderer_info is deprecated in Firefox and will be removed. Please use RENDERER.
JavaScript error: https://medianews.az/, line 74: SecurityError: Permission denied to access property "document" on cross-origin object
JavaScript error: https://quantcast.mgr.consensu.org/choice/6Fv0cGNfc_bw8/www.themoneytizer.com/choice.js, line 18: TypeError: window.__tcfapi is not a function
JavaScript error: https://quantcast.mgr.consensu.org/tcfv2/cmp2.js?referer=www.themoneytizer.com, line 1: TypeError: window.__tcfapi is not a function
JavaScript warning: https://qaynarinfo.az/theme/frontend/new/style/default/js/jquery.js?ve, line 2: Using //@ to indicate sourceMappingURL pragmas is deprecated. Use //# instead
JavaScript warning: https://cdn.ftd.agency/libs/e.js, line 47: WEBGL_debug_renderer_info is deprecated in Firefox and will be removed. Please use RENDERER.
JavaScript warning: https://www.myjscript.com/ajax/jquery.min.php, line 3: Using //@ to indicate sourceMappingURL pragmas is deprecated. Use //# instead
JavaScript warning: https://pagead2.googlesyndication.com/bg/u1NYxsmA8ZVAu2sVzPZBh4qj2FMOPiJd8uWeqwBcPdE.js line 1 > eval line 3175 > eval, line 1: WEBGL_debug_renderer_info is deprecated in Firefox and will be removed. Please use RENDERER.
JavaScript warning: https://cdn.ftd.agency/libs/e.js, line 47: WEBGL_debug_renderer_info is deprecated in Firefox and will be removed. Please use RENDERER.
JavaScript warning: https://qaynarinfo.az/theme/frontend/new/style/default/js/jquery.js?ve, line 2: Using //@ to indicate sourceMappingURL pragmas is deprecated. Use //# instead
JavaScript error: https://medianews.az/, line 74: SecurityError: Permission denied to access property "document" on cross-origin object
JavaScript error: https://quantcast.mgr.consensu.org/choice/6Fv0cGNfc_bw8/www.themoneytizer.com/choice.js, line 18: TypeError: window.__tcfapi is not a function
JavaScript warning: https://www.myjscript.com/ajax/jquery.min.php, line 3: Using //@ to indicate sourceMappingURL pragmas is deprecated. Use //# instead
JavaScript warning: https://cdn.ftd.agency/libs/e.js, line 47: WEBGL_debug_renderer_info is deprecated in Firefox and will be removed. Please use RENDERER.
JavaScript error: https://quantcast.mgr.consensu.org/tcfv2/cmp2.js?referer=www.themoneytizer.com, line 1: TypeError: window.__tcfapi is not a function
JavaScript warning: https://pagead2.googlesyndication.com/bg/u1NYxsmA8ZVAu2sVzPZBh4qj2FMOPiJd8uWeqwBcPdE.js line 1 > eval lJavaScript warning: https://pagead2.googlesyndication.com/bg/u1NYxsmA8ZVAu2sVzPZBh4qj2FMOPiJd8uWeqwBcPdE.js line 1 > eval line 2225 > eval, line 1: WEBGL_debug_renderer_info is deprecated in Firefox and will be removed. Please use RENDERER.
console.warn: LoginHelper(Content): "Couldn't parse origin for" "about:blank" ({})
JavaScript warning: https://cdn.ftd.agency/libs/e.js, line 47: WEBGL_debug_renderer_info is deprecated in Firefox and will be removed. Please use RENDERER.
JavaScript warning: https://qaynarinfo.az/theme/frontend/new/style/default/js/jquery.js?ve, line 2: Using //@ to indicate sourceMappingURL pragmas is deprecated. Use //# instead
JavaScript error: https://medianews.az/, line 74: SecurityError: Permission denied to access property "document" on cross-origin object
JavaScript error: https://quantcast.mgr.consensu.org/choice/6Fv0cGNfc_bw8/www.themoneytizer.com/choice.js, line 18: TypeError: window.__tcfapi is not a function
JavaScript error: https://quantcast.mgr.consensu.org/tcfv2/cmp2.js?referer=wwJavaScript warning: https://pagead2.googlesyndication.com/bg/u1NYxsmA8ZVAu2sVzPZBh4qj2FMOPiJd8uWeqwBcPdE.js line 1 > eval line 883 > eval line 1 > eval, line 1: WEBGL_debug_renderer_info is deprecated in Firefox and will be removed. Please use RENDERER.
JavaScript warning: https://cdn.ftd.agency/libs/e.js, line 47: WEBGL_debug_renderer_info is deprecated in Firefox and will be removJavaScript warning: https://pagead2.googlesyndication.com/bg/u1NYxsmA8ZVAu2sVzPZBh4qj2FMOPiJd8uWeqwBcPdE.js line 1 > eval line 1638 > eval line 1 > eval, line 1: WEBGL_debug_renderer_info is deprecated in Firefox and will be removed. Please use RENDERER.
console.warn: LoginHelper(Content): "Couldn't parse origin for" "about:blank" ({})
JavaScript warning: https://cdn.ftd.agency/libs/e.js, line 47: WEBGL_debug_renderer_info is deprecated in Firefox and will be removed. Please use RENDERER.
JavaScript warning: https://www.myjscript.com/ajax/jquery.min.php, line 3: Using //@ to indicate sourceMappingURL pragmas is deprecated. Use //# instead
JavaScript error: https://medianews.az/, line 74: SecurityError: Permission denied to access property "document" on cross-origin object
JavaScript error: https://quantcast.mgr.consensu.org/choice/6Fv0cGNfc_bw8/www.themoneytizer.com/choice.js, line 18: TypeError: window.__tcfapi is not a function
JavaScript warning: https://cdn.ftd.agency/libs/e.js, line 47: WEBGL_debug_renderer_info is deprecated in Firefox and will be removed. Please use RENDERER.
JavaScript error: https://quantcast.mgr.consensu.org/tcfv2/cmp2.js?referer=www.themoneytizer.com, line 1: TypeError: window.__tcfapi is not a function
JavaScript warning: https://pagead2.googlesyndication.com/bg/u1NYxsmA8ZVAu2sVzPZBh4qj2FMOPiJd8uWeqwBcPdE.js line 1 > eval line 399 > eval line 1 > eval, line 1: WEBGL_debug_renderer_info is deprecated in Firefox and will be removed. Please use RENDERER.
JavaScript warning: https://cdn.ftd.agency/libs/e.js, line 47: WEBGL_debug_renderer_info is deprecated in Firefox and will be removed. Please use RENDERER.
JavaScript error: https://medianews.az/, line 74: SecurityError: Permission denied to access property "document" on cross-origin object
JavaScript error: https://quantcast.mgr.consensu.org/choice/6Fv0cGNfc_bw8/www.themoneytizer.com/choice.js, line 18: TypeError: window.__tcfapi is not a function
JavaScript warning: https://www.myjscript.com/ajax/jquery.min.php, line 3: Using //@ to indicate sourceMappingURL pragmas is deprecated. Use //# instead
JavaScript error: https://quantcast.mgr.consensu.org/tcfv2/cmp2.js?referer=www.themoneytizer.com, line 1: TypeError: window.__tcfapi is not a function
JavaScript warning: https://cdn.ftd.agency/libs/e.js, line 47: WEBGL_debug_renderer_info is deprecated in Firefox and will be removed. Please use RENDERER.
JavaScript warning: https://pagead2.googlesyndication.com/bg/u1NYxsmA8ZVAu2sVzPZBh4qj2FMOPiJd8uWeqwBcPdE.js line 1 > eval line 3194 > eval line 1 > eval, line 1: WEBGL_debug_renderer_info is deprecated in Firefox and will be removed. Please use RENDERER.
JavaScript warning: https://cdn.ftd.agency/libs/e.js, line 47: WEBGL_debug_renderer_info is deprecated in Firefox and will be removed. Please use RENDERER.
JavaScript error: https://medianews.az/, line 74: SecurityError: Permission denied to access property "document" on cross-origin object
JavaScript warning: https://www.myjscript.com/ajax/jquery.min.php, line 3: Using //@ to indicate sourceMappingURL pragmas is deprecated. Use //# instead
JavaScript error: https://quantcast.mgr.consensu.org/choice/6Fv0cGNfc_bw8/www.themoneytizer.com/choice.js, line 18: TypeError: window.__tcfapi is not a function
JavaScript error: https://quantcast.mgr.consensu.org/tcfv2/cmp2.js?referer=www.themoneytizer.com, line 1: TypeError: window.__tcfapi is not a function
JavaScript warning: https://cdn.ftd.agency/libs/e.js, line 47: WEBGL_debug_renderer_info is deprecated in Firefox and will be removed. Please use RENDERER.
JavaScript warning: https://pagead2.googlesyndication.com/bg/u1NYxsmA8ZVAu2sVzPZBh4qj2FMOPiJd8uWeqwBcPdE.js line 1 > eval line 5985 > eval line 1 > eval, line 1: WEBGL_debug_renderer_info is deprecated in Firefox and will be removed. Please use RENDERER.
JavaScript warning: https://cdn.ftd.agency/libs/e.js, line 47: WEBGL_debug_renderer_info is deprecated in Firefox and will be removed. Please use RENDERER.
JavaScript error: https://medianews.az/, line 74: SecurityError: Permission denied to access property "document" on cross-origin object
JavaScript error: https://quantcast.mgr.consensu.org/choice/6Fv0cGNfc_bw8/www.themoneytizer.com/choice.js, line 18: TypeError: window.__tcfapi is not a function
JavaScript error: https://quantcast.mgr.consensu.org/tcfv2/cmp2.js?referer=www.themoneytizer.com, line 1: TypeError: window.__tcfapi is not a function
JavaScript warning: https://www.myjscriptJavaScript warning: https://cdn.ftd.agency/libs/e.js, line 47: WEBGL_debug_renderer_info is deprecated in FirefoxJavaScript warning: https://cdn.ftd.agency/libs/e.js, line 47: WEBGL_debug_renderer_info is deprecated in Firefox and will be removed. Please use RENDERER.
JavaScript warning: https://pagead2.googlesyndication.com/bg/u1NYxsmA8ZVAu2sVzPZBh4qj2FMOPiJd8uWeqwBcPdE.js line 1 > eval line 7019 > eval line 1 > eval, line 1: WEBGL_debug_renderer_info is deprecated in Firefox and will be removed. Please use RENDERER.
JavaScript warning: https://cdn.ftd.agency/libs/e.js, line 47: WEBGL_debug_renderer_info is deprecated in Firefox and will be removed. Please use RENDERER.
JavaScript warning: https://www.myjscript.com/ajax/jquery.min.php, line 3: Using //@ to indicate sourceMappingURL pragmas is deprecated. Use //# instead
JavaScript error: https://medianews.az/, line 74: SecurityError: Permission denied to access property "document" on cross-origin object
JavaScript error: https://quantcast.mgr.consensu.org/choice/6Fv0cGNfc_bw8/www.themoneytizer.com/choice.js, line 18: TypeError: window.__tcfapi is not a function
JavaScript warning: https://cdn.ftd.agency/libs/e.js, line 47: WEBGL_debug_renderer_info is deprecated in Firefox and will be removed. Please use RENDERER.
JavaScript error: https://quantcast.mgr.consensu.org/tcfv2/cmp2.js?referer=www.themoneytizer.com, line 1: TypeError: window.__tcfapi is not a function
JavaScript warning: https://pagead2.googlesyndication.com/bg/u1NYxsmA8ZVAu2sVzPZBh4qj2FMOPiJd8uWeqwBcPdE.js line 1 > eval line 3501 > eval line 1 > eval, line 1: WEBGL_debug_renderer_info is deprecated in Firefox and will be removed. Please use RENDERER.
JavaScript warning: https://cdn.ftd.agency/libs/e.js, line 47: WEBGL_debug_renderer_info is deprecated in Firefox and will be removed. Please use RENDERER.
JavaScript error: https://medianews.az/, line 74: SecurityError: Permission denied to access property "document" on cross-origin object
JavaScript error: https://quantcast.mgr.consensu.org/choice/6Fv0cGNfc_bw8/www.themoneytizer.com/choice.js, line 18: TypeError: window.__tcfapi is not a function
JavaScript error: https://quantcast.mgr.consensu.org/tcfv2/cmp2.js?referer=www.themoneytizer.com, line 1: TypeError: window.__tcfapi is not a function
JavaScript warning: https://www.myjscript.com/ajax/jquery.min.php, line 3: Using //@ to indicate sourceMappingURL pragmas is deprecated. Use //# instead
JavaScript warning: https://cdn.ftd.agency/libs/e.js, line 47: WEBGL_debug_renderer_info is deprecated in Firefox and will be removed. Please use RENDERER.
JavaScript warning: https://pagead2.googlesyndication.com/bg/u1NYxsmA8ZVAu2sVzPZBh4qj2FMOPiJd8uWeqwBcPdE.js line 1 > eval line 780 > eval line 1 > eval, line 1: WEBGL_debug_renderer_info is deprecated in Firefox and will be removed. Please use RENDERER.
JavaScript warning: https://cdn.ftd.agency/libs/e.js, line 47: WEBGL_debug_renderer_info is deprecated in Firefox and will be removed. Please use RENDERER.
JavaScript error: https://medianews.az/, line 74: SecurityError: Permission denied to access property "document" on cross-origin object
JavaScript warning: https://www.myjscript.com/ajax/jquery.min.php, line 3: Using //@ to indicate sourceMappingURL pragmas is deprecated. Use //# instead
JavaScript error: https://quantcast.mgr.consensu.org/choice/6Fv0cGNfc_bw8/www.themoneytizer.com/choice.js, line 18: TypeError: window.__tcfapi is not a function
JavaScript error: https://quantcast.mgr.consensu.org/tcfv2/cmp2.js?referer=www.themoneytizer.com, line 1: TypeError: window.__tcfapi is not a function
JavaScript warning: https://cdn.ftd.agency/libs/e.js, line 47: WEBGL_debug_renderer_info is deprecated in Firefox and will be removed. Please use RENDERER.
JavaScript warning: https://pagead2.googlesyndication.com/bg/u1NYxsmA8ZVAu2sVzPZBh4qj2FMOPiJd8uWeqwBcPdE.js line 1 > eval line 546 > eval line 1 > eval, line 1: WEBGL_debug_renderer_info is deprecated in Firefox and will be removed. Please use RENDERER.
JavaScript warning: https://cdn.ftd.agency/libs/e.js, line 47: WEBGL_debug_renderer_info is deprecated in Firefox and will be removed. Please use RENDERER.
JavaScript warning: https://www.myjscript.com/ajax/jquery.min.php, line 3: Using //@ to indicate sourceMappingURL pragmas is deprecated. Use //# instead
JavaScript error: https://medianews.az/, line 74: SecurityError: Permission denied to access property "document" on cross-origin object
JavaScript error: https://quantcast.mgr.consensu.org/choice/6Fv0cGNfc_bw8/www.themoneytizer.com/choice.js, line 18: TypeError: window.__tcfapi is not a function
JavaScript error: https://quantcast.mgr.JavaScript warning: https://cdn.ftd.agency/libs/e.js, line 47: WEBGL_debug_renderer_info is deprecated in Firefox and will be removed. Please use RENDERER.
JavaScript error: https://medianews.az/, line 74: SecurityError: Permission denied to access property "document" on cross-origin object
JavaScript error: https://quantcast.mgr.consensu.org/choice/6Fv0cGNfc_bw8/www.themoneytizer.com/choice.js, line 18: TypeError: window.__tcfapi is not a function
JavaScript warning: https://www.myjscript.com/ajax/jquery.min.php, line 3: Using //@ to indicate sourceMappingURL pragmas is deprecated. Use //# instead
JavaScript error: https://quantcast.mgr.consensu.org/tcfv2/cmp2.js?referer=www.themoneytizer.com, line 1: TypeError: window.__tcfapi is not a function
JavaScript warning: https://cdn.ftd.agency/libs/e.js, line 47: WEBGL_debug_renderer_info is deprecated in Firefox and will be removed. Please use RENDERER.
JavaScript warning: https://mc.yandex.ru/metrika/tag.js, line 10: WEBGL_debug_renderer_info is deprecated in Firefox and will be removed. Please use RENDERER.
JavaScript warning: https://pagead2.googlesyndication.com/bg/u1NYxsmA8ZVAu2sVzPZBh4qj2FMOPiJd8uWeqwBcPdE.js line 1 > eval line 5297 > eval line 1 > eval, line 1: WEBGL_debug_renderer_info is deprecated in Firefox and will be removed. Please use RENDERER.
JavaScript warning: https://cdn.ftd.agency/libs/e.js, line 47: WEBGL_debug_renderer_info is deprecated in FirJavaScript warning: https://pagead2.googlesyndication.com/bg/u1NYxsmA8ZVAu2sVzPZBh4qj2FMOPiJd8uWeqwBcPdE.js line 1 > eval line 6381 > eval line 1 > eval, line 1: WEBGL_debug_renderer_info is deprecated in Firefox and will be removed. Please use RENDERER.
JavaScript warning: https://cdn.ftd.agency/libs/e.js, line 47: WEBGL_debug_renderer_info is deprecated in Firefox and will be removed. Please use RENDERER.
JavaScript error: https://medianews.az/, line 74: SecurityError: Permission denied to acJavaScript error: https://quantcast.mgr.consensu.org/tcfv2/cmp2.js?referer=www.themoneytizer.com, line 1: TypeError: window.__tcfapi is not a function
JavaScript warning: https://cdn.ftd.agency/libs/e.js, line 47: WEBGL_debug_renderer_info is deprecated in Firefox and will be removed. Please use RENDERER.
JavaScript warning: https://pagead2.googlesyndication.com/bg/u1NYxsmA8ZVAu2sVzPZBh4qj2FMOPiJd8uWeqwBcPdE.js line 1 > eval line 2490 > eval, line 1: WEBGL_debug_renderer_info is deprecated in Firefox and will be removed. Please use RENDERER.
JavaScript warning: https://cdn.ftd.agency/libs/e.js, line 47: WEBGL_debug_renderer_info is deprecated in Firefox and will be removed. Please use RENDERER.
JavaScript error: https://medianews.az/, line 74: SecurityError: Permission denied to access property "document" on cross-origin object
JavaScript error: https://quantcast.mgr.consensu.org/choice/6Fv0cGNfc_bw8/www.themoneytizer.com/choice.js, line 18: TypeError: window.__tcfapi is not a function
JavaScript error: https://quantcast.mgr.consensu.org/tcfv2/cmp2.js?referer=www.themoneytizer.com, line 1: TypeError: window.__tcfapi is not a function
JavaScript warning: https://www.myjscript.com/ajax/jquery.min.php, line 3: Using //@ to indicate sourceMappingURL pragmas is deprecated. Use //# instead
JavaScript warning: https://cdn.ftd.agency/libs/e.js, line 47: WEBGL_debug_renderer_info is deprecated in Firefox and will be removed. Please use RENDERER.
JavaScript warning: https://pagead2.googlesyndication.com/bg/u1NYxsmA8ZVAu2sVzPZBh4qj2FMOPiJd8uWeqwBcPdE.js line 1 > eval line 3280 > eval line 1 > eval, line 1: WEBGL_debug_renderer_info is deprecated in Firefox and will be removed. Please use RENDERER.
JavaScript warning: https://cdn.ftd.agency/libs/e.js, line 47: WEBGL_debug_renderer_info is deprecated in Firefox and will be removed. Please use RENDERER.
JavaScript error: https://medianews.az/, line 74: SecurityError: Permission denied to access property "document" on cross-origin object
JavaScript warning: https://www.myjscript.com/ajax/jquery.min.php, line 3: Using //@ to indicate sourceMappingURL pragmas is deprecated. Use //# instead
JavaScript error: https://quantcast.mgr.consensu.org/choice/6Fv0cGNfc_bw8/www.themoneytizer.com/choice.js, line 18: TypeError: window.__tcfapi is not a function
JavaScript error: https://quantcast.mgr.consensu.org/tcfv2/cmp2.js?referer=www.themoneytizer.com, line 1: TypeError: window.__tcfapi is not a function
JavaScript warning: https://cdn.ftd.agency/libs/e.js, line 47: WEBGL_debug_renderer_info is deprecated in Firefox and will be removed. Please use RENDERER.
JavaScript warning: https://pagead2.googlesyndication.com/bg/u1NYxsmA8ZVAu2sVzPZBh4qj2FMOPiJd8uWeqwBcPdE.js line 1 > eval line 3741 > eval, line 1: WEBGL_debug_renderer_info is deprecated in Firefox and will be removed. Please use RENDERER.
JavaScript warning: https://cdn.ftd.agency/libs/e.js, line 47: WEBGL_debug_renderer_info is deprecated in Firefox and will be removed. Please use RENDERER.
JavaScript error: https://medianews.az/, line 74: SecurityError: Permission denied to access property "document" on cross-origin object
JavaScript error: https://quantcast.mgr.consensu.org/choice/6Fv0cGNfc_bw8/www.themoneytizer.com/choice.js, line 18: TypeError: window.__tcfapi is not a function
JavaScript error: https://quantcast.mgr.consensu.org/tcfv2/cmp2.js?referer=www.themoneytizer.com, line 1: TypeError: window.__tcfapi is not a function
JavaScript warning: https://www.myjscript.com/ajax/jquery.min.php, line 3: Using //@ to indicate sourceMappingURL pragmas is deprecated. Use //# instead
JavaScript warning: https://cdn.ftd.agency/libs/e.js, line 47: WEBGL_debug_renderer_info is deprecated in Firefox and will be removed. Please use RENDERER.
JavaScript warning: https://pagead2.googlesyndication.com/bg/u1NYxsmA8ZVAu2sVzPZBh4qj2FMOPiJd8uWeqwBcPdE.js line 1 > eval line 965 > eval line 1 > eval, line 1: WEBGL_debug_renderer_info is deprecated in Firefox and will be removed. Please use RENDERER.
JavaScript warning: https://cdn.ftd.agency/libs/e.js, line 47: WEBGL_debug_renderer_info is deprecated in Firefox and will be removed. Please use RENDERER.
JavaScript error: https://medianews.az/, line 74: SecurityError: Permission denied to access property "document" on cross-origin object
JavaScript error: https://quantcast.mgr.consensu.org/choice/6Fv0cGNfc_bw8/www.themoneytizer.com/choice.js, line 18: TypeError: window.__tcfapi is not a function
JavaScript error: https://quantcast.mgr.consensu.org/tcfv2/cmp2.js?referer=www.themoneytizer.com, line 1: TypeError: window.__tcfapi is not a function
JavaScript warning: https://www.myjscript.com/ajax/jquery.min.php, line 3: Using //@ to indicate sourceMappingURL pragmas is deprecated. Use //# instead
JavaScript warning: https://cdn.ftd.agency/libs/e.js, line 47: WEBGL_debug_renderer_info is deprecated in Firefox and will be removed. Please use RENDERER.
JavaScript warning: https://pagead2.googlesyndication.com/bg/u1NYxsmA8ZVAu2sVzPZBh4qj2FMOPiJd8uWeqwBcPdE.js line 1 > eval line 2409 > eval line 1 > eval, line 1: WEBGL_debug_renderer_info is deprecated in Firefox and will be removed. Please use RENDERER.
JavaScript warning: https://cdn.ftd.agency/libs/e.js, line 47: WEBGL_debug_renderer_info is deprecated in Firefox and will be removed. Please use RENDERER.
JavaScript error: https://medianews.az/, line 74: SecurityError: Permission denied to access property "document" on cross-origin object
JavaScript error: https://quantcast.mgr.consensu.org/choice/6Fv0cGNfc_bw8/www.themoneytizer.com/choice.js, line 18: TypeError: window.__tcfapi is not a function
JavaScript error: https://quantcast.mgr.consensu.org/tcfv2/cmp2.js?referer=www.themoneytizer.com, line 1: TypeError: window.__tcfapi is not a function
JavaScript warning: https://www.myjscript.com/ajax/jquery.min.php, line 3: Using //@ to indicate sourceMappingURL pragmas is deprecated. Use //# instead
JavaScript warning: https://cdn.ftd.agency/libs/e.js, line 47: WEBGL_debug_renderer_info is deprecated in Firefox and will be removed. Please use RENDERER.
JavaScript warning: https://pagead2.googlesyndication.com/bg/u1NYxsmA8ZVAu2sVzPZBh4qj2FMOPiJd8uWeqwBcPdE.js line 1 > eval line 2165 > eval line 1 > eval, line 1: WEBGL_debug_renderer_info is deprecated in Firefox and will be removed. Please use RENDERER.
JavaScript warning: https://cdn.ftd.agency/libs/e.js, line 47: WEBGL_debug_renderer_info is deprecated in Firefox and will be removed. Please use RENDERER.
JavaScript error: https://medianews.az/, line 74: SecurityError: Permission denied to access property "document" on cross-origin object
JavaScript error: https://quantcast.mgr.consensu.org/choice/6Fv0cGNfc_bw8/www.themoneytizer.com/choice.js, line 18: TypeError: window.__tcfapi is not a function
JavaScript error: https://quantcast.mgr.consensu.org/tcfv2/cmp2.js?referer=www.themoneytizer.com, line 1: TypeError: window.__tcfapi is not a function
JavaScript warning: https://www.myjscript.com/ajax/jquery.min.php, line 3: Using //@ to indicate sourceMappingURL pragmas is deprecated. Use //# instead
JavaScript warning: https://cdn.ftd.agency/libs/e.js, line 47: WEBGL_debug_renderer_info is deprecated in Firefox and will be removed. Please use RENDERER.
JavaScript warning: https://pagead2.googlesyndication.com/bg/u1NYxsmA8ZVAu2sVzPZBh4qj2FMOPiJd8uWeqwBcPdE.js line 1 > eval line 5942 > eval, line 1: WEBGL_debug_renderer_info is deprecated in Firefox and will be removed. Please use RENDERER.
JavaScript warning: https://cdn.ftd.agency/libs/e.js, line 47: WEBGL_debug_renderer_info is deprecated in Firefox and will be removed. Please use RENDERER.
JavaScript error: https://medianews.az/, line 74: SecurityError: Permission denied to access property "document" on cross-origin object
JavaScript error: https://quantcast.mgr.consensu.org/choice/6Fv0cGNfc_bw8/www.themoneytizer.com/choice.js, line 18: TypeError: window.__tcfapi is not a function
JavaScript warning: https://www.myjscript.com/ajax/jquery.min.php, line 3: Using //@ to indicate sourceMappingURL pragmas is deprecated. Use //# instead
JavaScript error: https://quantcast.mgr.consensu.org/tcfv2/cmp2.js?referer=www.themoneytizer.com, line 1: TypeError: window.__tcfapi is not a function
JavaScript warning: https://cdn.ftd.agency/libs/e.js, line 47: WEBGL_debug_renderer_info is deprecated in Firefox and will be removed. Please use RENDERER.
JavaScript warning: https://pagead2.googlesyndication.com/bg/u1NYxsmA8ZVAu2sVzPZBh4qj2FMOPiJd8uWeqwBcPdE.js line 1 > eval line 3810 > eval line 1 > eval, line 1: WEBGL_debug_renderer_info is deprecated in Firefox and will be removed. Please use RENDERER.
JavaScript warning: https://cdn.ftd.agency/libs/e.js, line 47: WEBGL_debug_renderer_info is deprecated in Firefox and will be removed. Please use RENDERER.
JavaScript error: https://medianews.az/, line 74: SecurityError: Permission denied to access property "document" on cross-origin object
JavaScript error: https://quantcast.mgr.consensu.org/choice/6Fv0cGNfc_bw8/www.themoneytizer.com/choice.js, line 18: TypeError: window.__tcfapi is not a function
JavaScript error: https://quantcast.mgr.consensu.org/tcfv2/cmp2.js?referer=www.themoneytizer.com, line 1: TypeError: window.__tcfapi is not a function
JavaScript warning: https://www.myjscript.com/ajax/jquery.min.php, line 3: Using //@ to indicate sourceMappingURL pragmas is deprecated. Use //# instead
JavaScript warning: https://cdn.ftd.agency/libs/e.js, line 47: WEBGL_debug_renderer_info is deprecated in Firefox and will be removed. Please use RENDERER.
JavaScript warning: https://pagead2.googlesyndication.com/bg/u1NYxsmA8ZVAu2sVzPZBh4qj2FMOPiJd8uWeqwBcPdE.js line 1 > eval line 488 > eval line 1 > eval, line 1: WEBGL_debug_renderer_info is deprecated in Firefox and will be removed. Please use RENDERER.
console.warn: LoginHelper(Content): "Couldn't parse origin for" "about:blank" ({})
JavaScript warning: https://cdn.ftd.agency/libs/e.js, line 47: WEBGL_debug_renderer_info is deprecated in Firefox and will be removed. Please use RENDERER.
JavaScript warning: https://www.myjscript.com/ajax/jquery.min.php, line 3: Using //@ to indicate sourceMappingURL pragmas is deprecated. Use //# instead
JavaScript error: https://medianews.az/, line 74: SecurityError: Permission denied to access property "document" on cross-origin object
JavaScript error: https://quantcast.mgr.consensu.org/choice/6Fv0cGNfc_bw8/www.themoneytizer.com/choice.js, line 18: TypeError: window.__tcfapi is not a function
JavaScript error: https://quantcast.mgr.consensu.org/tcfv2/cmp2.js?referer=www.themoneytizer.com, line 1: TypeError: window.__tcfapi is not a function
JavaScript warning: https://cdn.ftd.agency/libs/e.js, line 47: WEBGL_debug_renderer_info is deprecated in Firefox and will be removed. Please use RENDERER.
JavaScript warning: https://pagead2.googlesyndication.com/bg/u1NYxsmA8ZVAu2sVzPZBh4qj2FMOPiJd8uWeqwBcPdE.js line 1 > eval line 162 > eval line 1 > eval, line 1: WEBGL_debug_renderer_info is deprecated in Firefox and will be removed. Please use RENDERER.
JavaScript warning: https://cdn.ftd.agency/libs/e.js, line 47: WEBGL_debug_renderer_info is deprecated in Firefox and will be removed. Please use RENDERER.
JavaScript error: https://medianews.az/, line 74: SecurityError: Permission denied to access property "document" on cross-origin object
JavaScript error: https://quantcast.mgr.consensu.org/choice/6Fv0cGNfc_bw8/www.themoneytizer.com/choice.js, line 18: TypeError: window.__tcfapi is not a function
JavaScript warning: https://www.myjscript.com/ajax/jquery.min.php, line 3: Using //@ to indicate sourceMappingURL pragmas is deprecated. Use //# instead
JavaScript error: https://quantcast.mgr.consensu.org/tcfv2/cmp2.js?referer=www.themoneytizer.com, line 1: TypeError: window.__tcfapi is not a function
JavaScript warning: https://cdn.ftd.agency/libs/e.js, line 47: WEBGL_debug_renderer_info is deprecated in Firefox and will be removed. Please use RENDERER.
JavaScript warning: https://pagead2.googlesyndication.com/bg/u1NYxsmA8ZVAu2sVzPZBh4qj2FMOPiJd8uWeqwBcPdE.js line 1 > eval line 3101 > eval, line 1: WEBGL_debug_renderer_info is deprecated in Firefox and will be removed. Please use RENDERER.
JavaScript warning: https://cdn.ftd.agency/libs/e.js, line 47: WEBGL_debug_renderer_info is deprecated in Firefox and will be removed. Please use RENDERER.
JavaScript error: https://medianews.az/, line 74: SecurityError: Permission denied to access property "document" on cross-origin object
JavaScript error: https://quantcast.mgr.consensu.org/choice/6Fv0cGNfc_bw8/www.themoneytizer.com/choice.js, line 18: TypeError: window.__tcfapi is not a function
JavaScript error: https://quantcast.mgr.consensu.org/tcfv2/cmp2.js?referer=www.themoneytizer.com, line 1: TypeError: window.__tcfapi is not a function
JavaScript warning: https://www.myjscript.com/ajax/jquery.min.php, line 3: Using //@ to indicate sourceMappingURL pragmas is deprecated. Use //# instead
JavaScript warning: https://cdn.ftd.agency/libs/e.js, line 47: WEBGL_debug_renderer_info is deprecated in Firefox and will be removed. Please use RENDERER.
1642091240414	Marionette	WARN	Ignoring event 'DOMContentLoaded' because document has an invalid readyState of 'complete'.
1642091240420	Marionette	WARN	Ignoring event 'DOMContentLoaded' because document has an invalid readyState of 'complete'.
JavaScript warning: https://cdn.ftd.agency/libs/e.js, line 47: WEBGL_debug_renderer_info is deprecated in Firefox and will be removed. Please use RENDERER.
JavaScript error: https://medianews.az/, line 74: SecurityError: Permission denied to access property "document" on cross-origin object
JavaScript error: https://quantcast.mgr.consensu.org/choice/6Fv0cGNfc_bw8/www.themoneytizer.com/choice.js, line 18: TypeError: window.__tcfapi is not a function
JavaScript error: https://quantcast.mgr.consensu.org/tcfv2/cmp2.js?referer=www.themoneytizer.com, line 1: TypeError: window.__tcfapi is not a function
JavaScript warning: https://www.myjscript.com/ajax/jquery.min.php, line 3: Using //@ to indicate sourceMappingURL pragmas is deprecated. Use //# instead
JavaScript warning: https://cdn.ftd.agency/libs/e.js, line 47: WEBGL_debug_renderer_info is deprecated in Firefox and will be removed. Please use RENDERER.
JavaScript warning: https://pagead2.googlesyndication.com/bg/u1NYxsmA8ZVAu2sVzPZBh4qj2FMOPiJd8uWeqwBcPdE.js line 1 > eval line 4621 > eval, line 1: WEBGL_debug_renderer_info is deprecated in Firefox and will be removed. Please use RENDERER.
JavaScript warning: https://cdn.ftd.agency/libs/e.js, line 47: WEBGL_debug_renderer_info is deprecated in Firefox and will be removed. Please use RENDERER.
JavaScript error: https://medianews.az/, line 74: SecurityError: Permission denied to access property "document" on cross-origin object
JavaScript error: https://quantcast.mgr.consensu.org/choice/6Fv0cGNfc_bw8/www.themoneytizer.com/choice.js, line 18: TypeError: window.__tcfapi is not a function
JavaScript error: https://quantcast.mgr.consensu.org/tcfv2/cmp2.js?referer=www.themoneytizer.com, line 1: TypeError: window.__tcfapi is not a function
JavaScript warning: https://www.myjscript.com/ajax/jquery.min.php, line 3: Using //@ to indicate sourceMappingURL pragmas is deprecated. Use //# instead
JavaScript warning: https://cdn.ftd.agency/libs/e.js, line 47: WEBGL_debug_renderer_info is deprecated in Firefox and will be removed. Please use RENDERER.
JavaScript warning: https://pagead2.googlesyndication.com/bg/u1NYxsmA8ZVAu2sVzPZBh4qj2FMOPiJd8uWeqwBcPdE.js line 1 > eval line 1478 > eval, line 1: WEBGL_debug_renderer_info is deprecated in Firefox and will be removed. Please use RENDERER.
console.warn: LoginHelper(Content): "Couldn't parse origin for" "about:blank" ({})
JavaScript warning: https://cdn.ftd.agency/libs/e.js, line 47: WEBGL_debug_renderer_info is deprecated in Firefox and will be removed. Please use RENDERER.
JavaScript error: https://medianews.az/, line 74: SecurityError: Permission denied to access property "document" on cross-origin object
JavaScript error: https://quantcast.mgr.consensu.org/choice/6Fv0cGNfc_bw8/www.themoneytizer.com/choice.js, line 18: TypeError: window.__tcfapi is not a function
JavaScript error: https://quantcast.mgr.consensu.org/tcfv2/cmp2.js?referer=www.themoneytizer.com, line 1: TypeError: window.__tcfapi is not a function
JavaScript warning: https://www.myjscript.com/ajax/jquery.min.php, line 3: Using //@ to indicate sourceMappingURL pragmas is deprecated. Use //# instead
JavaScript warning: https://cdn.ftd.agency/libs/e.js, line 47: WEBGL_debug_renderer_info is deprecated in Firefox and will be removed. Please use RENDERER.
JavaScript warning: https://pagead2.googlesyndication.com/bg/u1NYxsmA8ZVAu2sVzPZBh4qj2FMOPiJd8uWeqwBcPdE.js line 1 > eval line 4039 > eval line 1 > eval, line 1: WEBGL_debug_renderer_info is deprecated in Firefox and will be removed.console.warn: LoginHelpJavaScript warning: https://cdn.ftd.agency/libs/e.js, line 47: WEBGL_debug_renderer_info is deprecated in Firefox and will be removed. Please use RENDERER.
JavaScript error: https://medianews.az/, line 74: SecurityError: Permission denied to access property "document" on cross-origin object
JavaScripJavaScript warning: https://cdn.ftd.agency/libs/e.js, line 47: WEBGL_debug_renderer_info is deprecated in Firefox and will be removed. Please use RENDERER.
JavaScript warning: https://www.myjscript.com/ajax/jquery.min.php, line 3: Using //@ to indicate sourceMappingURL pragmas is deprecated. Use //# instead
JavaScript error: https://medianews.az/, line 74: SecurityError: Permission denied to access property "document" on cross-origin object
JavaScript error: https://quantcast.mgr.consensu.org/choice/6Fv0cGNfc_bw8/www.themoneytizer.com/choice.js, line 18: TypeError: window.__tcfapi is not a function
JavaScJavaScript warning: https://pagead2.googlesyndication.com/bg/u1NYxsmA8ZVAu2sVzPZBh4qj2FMOPiJd8uWeqwBcPdE.js line 1 > eval line 7621 > eval, line 1: WEBGL_debug_renderer_info is deprecated in Firefox and will be removed. Please use RENDERER.
JavaScript error: , line 0: uncaught exception: Object
JavaSJavaScript warning: https://pagead2.googlesyndication.com/bg/u1NYxsmA8ZVAu2sVzPZBh4qj2FMOPiJd8uWeqwBcPdE.js line 1 > eval line 2153 > eval, line 1: WEBGL_debug_renderer_info is deprecated in Firefox and will be removed. Please use RENDERER.
JavaScript warning: https://cdn.ftd.agency/libs/e.js, line 47: WEBGL_debug_renderer_info is deprecated in Firefox and will be removed. Please use RENDERER.
JavaScript warning: https://www.myjscript.com/ajax/jquery.min.php, line 3: Using //@ to indicate sourceMappingURL pragmas is deprecated. Use //# instead
JavaScript error: https://medianews.az/, line 74: SecurityError: Permission denied to access property "document" on cross-origin object
JavaScript error: https://quantcast.mgr.consensu.org/choice/6Fv0cGNfc_bw8/www.themoneytizer.com/choice.js, line 18: TypeError: window.__tcfapi is not a function
JavaScript error: https://quantcast.mgr.consensu.org/tcfv2/cmp2.js?referer=www.themoneytizer.com, line 1: TypeError: window.__tcfapi is not a function
JavaScript warning: https://cdn.ftd.agency/libs/e.js, line 47: WEBGL_debug_renderer_info is deprecated in Firefox and will be removed. Please use RENDERER.
JavaScript warning: https://pagead2.googlesyndication.com/bg/u1NYxsmA8ZVAu2sVzPZBh4qj2FMOPiJd8uWeqwBcPdE.js line 1 > eval line 8 > eval line 1 > eval, line 1: WEBGL_debug_renderer_info is deprecated in Firefox and will be removed. Please use RENDERER.
JavaScript warning: https://cdn.ftd.agency/libs/e.js, line 47: WEBGL_debug_renderer_info is deprecated in Firefox and will be removed. Please use RENDERER.
JavaScript error: https://medianews.az/, line 74: SecurityError: Permission denied to access property "document" on cross-origin object
JavaScript error: https://quantcast.mgr.consensu.org/choice/6Fv0cGNfc_bw8/www.themoneytizer.com/choice.js, line 18: TypeError: window.__tcfapi is not a function
JavaScript error: https://quantcast.mgr.consensu.org/tcfv2/cmp2.js?referer=www.themoneytizer.com, line 1: TypeError: window.__tcfapi is not a function
JavaScript warning: https://www.myjscript.com/ajax/jquery.min.php, line 3: Using //@ to indicate sourceMappingURL pragmas is deprecated. Use //# instead
JavaScript warning: https://cdn.ftd.agency/libs/e.js, line 47: WEBGL_debug_renderer_info is deprecated in Firefox and will be removed. Please use RENDERER.
JavaScript warning: https://pagead2.googlesyndication.com/bg/u1NYxsmA8ZVAu2sVzPZBh4qj2FMOPiJd8uWeqwBcPdE.js line 1 > eval line 5397 > eval line 1 > eval, line 1: WEBGL_debug_renderer_info is deprecated in Firefox and will be removed. Please use RENDERER.
console.warn: LoginHelper(Content): "Couldn't parse origin for" "about:blank" ({})
1642091306264	Marionette	INFO	Stopped listening on port 64362

###!!! [Parent][MessageChannel] Error: (msgtype=0x3A014F,name=PContent::Reply_DiscardBrowsingContext) Closed channel: cannot send/recv


###!!! [Parent][MessageChannel] Error: (msgtype=0x3A014F,name=PContent::Reply_DiscardBrowsingContext) Closed channel: cannot send/recv


###!!! [Parent][MessageChannel] Error: (msgtype=0x3A014F,name=PContent::Reply_DiscardBrowsingContext) Closed channel: cannot send/recv


###!!! [Parent][MessageChannel] Error: (msgtype=0x3A014F,name=PContent::Reply_DiscardBrowsingContext) Closed channel: cannot send/recv


###!!! [Parent][MessageChannel] Error: (msgtype=0x3A014F,name=PContent::Reply_DiscardBrowsingContext) Closed channel: cannot send/recv


###!!! [Parent][MessageChannel] Error: (msgtype=0x3A014F,name=PContent::Reply_DiscardBrowsingContext) Closed channel: cannot send/recv


###!!! [Parent][MessageChannel] Error: (msgtype=0x3A014F,name=PContent::Reply_DiscardBrowsingContext) Closed channel: cannot send/recv


###!!! [Parent][MessageChannel] Error: (msgtype=0x3A014F,name=PContent::Reply_DiscardBrowsingContext) Closed channel: cannot send/recv


###!!! [Parent][MessageChannel] Error: (msgtype=0x3A014F,name=PContent::Reply_DiscardBrowsingContext) Closed channel: cannot send/recv


###!!! [Parent][MessageChannel] Error: (msgtype=0x3A014F,name=PContent::Reply_DiscardBrowsingContext) Closed channel: cannot send/recv


###!!! [Parent][MessageChannel] Error: (msgtype=0x3A014F,name=PContent::Reply_DiscardBrowsingContext) Closed channel: cannot send/recv


###!!! [Parent][MessageChannel] Error: (msgtype=0x3A014F,name=PContent::Reply_DiscardBrowsingContext) Closed channel: cannot send/recv


###!!! [Parent][MessageChannel] Error: (msgtype=0x3A014F,name=PContent::Reply_DiscardBrowsingContext) Closed channel: cannot send/recv


###!!! [Parent][MessageChannel] Error: (msgtype=0x3A014F,name=PContent::Reply_DiscardBrowsingContext) Closed channel: cannot send/recv


###!!! [Parent][MessageChannel] Error: (msgtype=0x3A007A,name=PContent::Msg_DestroyBrowsingContextGroup) Closed channel: cannot send/recv


###!!! [Parent][MessageChannel] Error: (msgtype=0x3A014F,name=PContent::Reply_DiscardBrowsingContext) Closed channel: cannot send/recv

[Parent 19552, IPC I/O Parent] WARNING: file /builds/worker/checkouts/gecko/ipc/chromium/src/base/process_util_win.cc:167

###!!! [Parent][RunMessage] Error: Channel closing: too late to send/recv, messages will be lost

dBrowsingContext) Closed channel: cannot send/recv


###!!! [Parent][MessageChannel] Error: (msgtype=0x3A014F,name=PContent::Reply_DiscardBrowsingContext) Closed channel: cannot send/recv


###!!! [Parent][MessageChannel] Error: (msgtype=0x3A014F,name=PContent::Reply_DiscardBrowsingContext) Closed channel: cannot send/recv


###!!! [Parent][MessageChannel] Error: (msgtype=0x3A014F,name=PContent::Reply_DiscardBrowsingContext) Closed channel: cannot send/recv


###!!! [Parent][MessageChannel] Error: (msgtype=0x3A014F,name=PContent::Reply_DiscardBrowsingContext) Closed channel: cannot send/recv


###!!! [Parent][MessageChannel] Error: (msgtype=0x3A014F,name=PContent::Reply_DiscardBrowsingContext) Closed channel: cannot send/recv


###!!! [Parent][MessageChannel] Error: (msgtype=0x3A014F,name=PContent::Reply_DiscardBrowsingContext) Closed channel: cannot send/recv


###!!! [Parent][MessageChannel] Error: (msgtype=0x3A014F,name=PContent::Reply_DiscardBrowsingContext) Closed channel: cannot send/recv


###!!! [Parent][MessageChannel] Error: (msgtype=0x3A014F,name=PContent::Reply_DiscardBrowsingContext) Closed channel: cannot send/recv


###!!! [Parent][MessageChannel] Error: (msgtype=0x3A014F,name=PContent::Reply_DiscardBrowsingContext) Closed channel: cannot send/recv


###!!! [Parent][MessageChannel] Error: (msgtype=0x3A014F,name=PContent::Reply_DiscardBrowsingContext) Closed channel: cannot send/recv


###!!! [Parent][MessageChannel] Error: (msgtype=0x3A014F,name=PContent::Reply_DiscardBrowsingContext) Closed channel: cannot send/recv


###!!! [Parent][MessageChannel] Error: (msgtype=0x3A014F,name=PContent::Reply_DiscardBrowsingContext) Closed channel: cannot send/recv


###!!! [Parent][MessageChannel] Error: (msgtype=0x3A014F,name=PContent::Reply_DiscardBrowsingContext) Closed channel: cannot send/recv


###!!! [Parent][MessageChannel] Error: (msgtype=0x3A014F,name=PContent::Reply_DiscardBrowsingContext) Closed channel: cannot send/recv


###!!! [Child][RunMessage] Error: Channel closing: too late to send/recv, messages will be lost


###!!! [Child][RunMessage] Error: Channel closing: too late to send/recv, messages will be lost


###!!! [Child][RunMessage] Error: Channel closing: too late to send/recv, messages will be lost


###!!! [Child][RunMessage] Error: Channel closing: too late to send/recv, messages will be lost


###!!! [Child][RunMessage] Error: Channel closing: too late to send/recv, messages will be lost


###!!! [Child][RunMessage] Error: Channel closing: too late to send/recv, messages will be lost


###!!! [Parent][MessageChannel] Error: (msgtype=0x3A007A,name=PContent::Msg_DestroyBrowsingContextGroup) Closed channel: cannot send/recv


###!!! [Child][RunMessage] Error: Channel closing: too late to send/recv, messages will be lost


###!!! [Child][RunMessage] Error: Channel closing: too late to send/recv, messages will be lost


###!!! [Child][RunMessage] Error: Channel closing: too late to send/recv, messages will be lost


###!!! [Child][RunMessage] Error: Channel closing: too late to send/recv, messages will be lost


###!!! [Child][RunMessage] Error: Channel closing: too late to send/recv, messages will be lost


###!!! [Child][RunMessage] Error: Channel closing: too late to send/recv, messages will be lost


###!!! [Child][RunMessage] Error: Channel closing: too late to send/recv, messages will be lost


###!!! [Child][RunMessage] Error: Channel closing: too late to send/recv, messages will be lost


###!!! [Child][RunMessage] Error: Channel closing: too late to send/recv, messages will be lost


###!!! [Child][RunMessage] Error: Channel closing: too late to send/recv, messages will be lost


###!!! [Child][RunMessage] Error: Channel closing: too late to send/recv, messages will be lost


###!!! [Child][RunMessage] Error: Channel closing: too late to send/recv, messages will be lost


###!!! [Child][RunMessage] Error: Channel closing: too late to send/recv, messages will be lost


###!!! [Child][RunMessage] Error: Channel closing: too late to send/recv, messages will be lost


###!!! [Child][RunMessage] Error: Channel closing: too late to send/recv, messages will be lost


###!!! [Child][RunMessage] Error: Channel closing: too late to send/recv, messages will be lost


###!!! [Child][RunMessage] Error: Channel closing: too late to send/recv, messages will be lost


###!!! [Child][RunMessage] Error: Channel closing: too late to send/recv, messages will be lost


###!!! [Child][RunMessage] Error: Channel closing: too late to send/recv, messages will be lost


###!!! [Child][RunMessage] Error: Channel closing: too late to send/recv, messages will be lost


###!!! [Child][RunMessage] Error: Channel closing: too late to send/recv, messages will be lost


###!!! [Child][MessageChannel] Error: (msgtype=0x3A0147,name=PContent::Msg_ScriptError) Channel closing: too late to send/recv, messages will be lost


###!!! [Child][MessageChannel] Error: (msgtype=0x3A0147,name=PContent::Msg_ScriptError) Channel closing: too late to send/recv, messages will be lost


###!!! [Child][RunMessage] Error: Channel closing: too late to send/recv, messages will be lost


###!!! [Child][MessageChannel] Error: (msgtype=0x3A0147,name=PContent::Msg_ScriptError) Channel closing: too late to send/recv, messages will be lost


###!!! [Parent][RunMessage] Error: Channel error: cannot send/recv


###!!! [Parent][RunMessage] Error: Channel error: cannot send/recv


###!!! [Parent][RunMessage] Error: Channel error: cannot send/recv


###!!! [Parent][RunMessage] Error: Channel error: cannot send/recv


###!!! [Parent][RunMessage] Error: Channel error: cannot send/recv


###!!! [Parent][RunMessage] Error: Channel error: cannot send/recv


###!!! [Parent][RunMessage] Error: Channel error: cannot send/recv


###!!! [Parent][RunMessage] Error: Channel error: cannot send/recv


###!!! [Parent][RunMessage] Error: Channel error: cannot send/recv


###!!! [Parent][RunMessage] Error: Channel error: cannot send/recv


###!!! [Parent][RunMessage] Error: Channel error: cannot send/recv


###!!! [Parent][RunMessage] Error: Channel error: cannot send/recv


###!!! [Parent][RunMessage] Error: Channel error: cannot send/recv


###!!! [Parent][RunMessage] Error: Channel error: cannot send/recv


###!!! [Parent][RunMessage] Error: Channel error: cannot send/recv


###!!! [Parent][RunMessage] Error: Channel error: cannot send/recv


###!!! [Parent][RunMessage] Error: Channel error: cannot send/recv


###!!! [Parent][RunMessage] Error: Channel error: cannot send/recv


###!!! [Parent][RunMessage] Error: Channel error: cannot send/recv


###!!! [Parent][RunMessage] Error: Channel error: cannot send/recv


###!!! [Parent][RunMessage] Error: Channel error: cannot send/recv


###!!! [Parent][RunMessage] Error: Channel error: cannot send/recv


###!!! [Parent][RunMessage] Error: Channel error: cannot send/recv


###!!! [Parent][RunMessage] Error: Channel error: cannot send/recv


###!!! [Parent][RunMessage] Error: Channel error: cannot send/recv


###!!! [Parent][RunMessage] Error: Channel error: cannot send/recv


###!!! [Parent][RunMessage] Error: Channel error: cannot send/recv


###!!! [Parent][RunMessage] Error: Channel error: cannot send/recv


###!!! [Parent][RunMessage] Error: Channel error: cannot send/recv


###!!! [Parent][RunMessage] Error: Channel error: cannot send/recv


###!!! [Parent][RunMessage] Error: Channel error: cannot send/recv


###!!! [Parent][RunMessage] Error: Channel error: cannot send/recv


###!!! [Parent][RunMessage] Error: Channel error: cannot send/recv


###!!! [Parent][RunMessage] Error: Channel error: cannot send/recv


###!!! [Parent][RunMessage] Error: Channel error: cannot send/recv


###!!! [Parent][RunMessage] Error: Channel error: cannot send/recv


###!!! [Parent][RunMessage] Error: Channel error: cannot send/recv


###!!! [Parent][RunMessage] Error: Channel error: cannot send/recv


###!!! [Parent][RunMessage] Error: Channel error: cannot send/recv


###!!! [Parent][RunMessage] Error: Channel error: cannot send/recv


###!!! [Parent][RunMessage] Error: Channel error: cannot send/recv


###!!! [Parent][RunMessage] Error: Channel error: cannot send/recv


###!!! [Parent][RunMessage] Error: Channel error: cannot send/recv


###!!! [Parent][RunMessage] Error: Channel error: cannot send/recv


###!!! [Parent][RunMessage] Error: Channel error: cannot send/recv


###!!! [Parent][RunMessage] Error: Channel error: cannot send/recv


###!!! [Parent][RunMessage] Error: Channel error: cannot send/recv


###!!! [Parent][RunMessage] Error: Channel error: cannot send/recv


###!!! [Parent][RunMessage] Error: Channel error: cannot send/recv


###!!! [Parent][RunMessage] Error: Channel error: cannot send/recv


###!!! [Parent][RunMessage] Error: Channel error: cannot send/recv


###!!! [Parent][RunMessage] Error: Channel error: cannot send/recv


###!!! [Parent][RunMessage] Error: Channel error: cannot send/recv


###!!! [Parent][RunMessage] Error: Channel error: cannot send/recv


###!!! [Parent][RunMessage] Error: Channel error: cannot send/recv


###!!! [Parent][RunMessage] Error: Channel error: cannot send/recv


###!!! [Parent][RunMessage] Error: Channel error: cannot send/recv


###!!! [Parent][RunMessage] Error: Channel error: cannot send/recv


###!!! [Parent][RunMessage] Error: Channel error: cannot send/recv


###!!! [Parent][RunMessage] Error: Channel error: cannot send/recv


###!!! [Parent][RunMessage] Error: Channel error: cannot send/recv


###!!! [Parent][RunMessage] Error: Channel error: cannot send/recv


###!!! [Parent][RunMessage] Error: Channel error: cannot send/recv


###!!! [Parent][MessageChannel] Error: (msgtype=0xD,name=PAPZ::Msg_Destroy) Channel error: cannot send/recv


###!!! [Parent][RunMessage] Error: Channel error: cannot send/recv


###!!! [Parent][RunMessage] Error: Channel error: cannot send/recv


###!!! [Parent][RunMessage] Error: Channel error: cannot send/recv


###!!! [Parent][RunMessage] Error: Channel error: cannot send/recv


###!!! [Parent][RunMessage] Error: Channel closing: too late to send/recv, messages will be lost

