1642091499460	geckodriver	INFO	Listening on 127.0.0.1:63682
1642091502524	mozrunner::runner	INFO	Running command: "C:\\Program Files\\Mozilla Firefox\\firefox.exe" "--marionette" "-headless" "-no-remote" "-profile" "C:\\Users\\hp\\AppData\\Local\\Temp\\rust_mozprofilesuEkPl"
*** You are running in headless mode.
1642091502930	Marionette	INFO	Marionette enabled
[GFX1-]: RenderCompositorSWGL failed mapping default framebuffer, no dt
console.warn: SearchSettings: "get: No settings file exists, new profile?" (new NotFoundError("Could not open the file at C:\\Users\\hp\\AppData\\Local\\Temp\\rust_mozprofileHWIxkU\\search.json.mozlz4", (void 0)))
1642091504750	Marionette	INFO	Listening on port 63720
1642091505194	RemoteAgent	WARN	TLS certificate errors will be ignored for this session
JavaScript error: https://medianews.az/, line 74: SecurityError: Permission denied to access property "document" on cross-origin object
JavaScript warning: https://qaynarinfo.az/theme/frontend/new/style/default/js/jquery.js?ve, line 2: Using //@ to indicate sourceMappingURL pragmas is deprecated. Use //# instead
JavaScript warning: https://cdn.ftd.agency/libs/e.js, line 47: WEBGL_debug_renderer_info is deprecated in Firefox and will be removed. Please use RENDERER.
JavaScript warning: https://cdn.ftd.agency/libs/e.js, line 47: WEBGL_debug_renderer_info is deprecated in Firefox and will be removed. Please use RENDERER.
JavaScript error: https://quantcast.mgr.consensu.org/choice/6Fv0cGNfc_bw8/www.themoneytizer.com/choice.js, line 18: TypeError: window.__tcfapi isJavaScript warning: https://mc.yandex.ru/metrika/watch.js, line 10: WEBGL_debug_renderer_info is deprecated in Firefox and will be removed. Please use RENDERER.
JavaScript warning: https://mc.yandex.ru/metrika/watch.js, line 10: WEBGL_debug_renderer_info is deprecated in Firefox and will be removed. Please use RENDERER.console.warn: LoginHelper(Content): "Couldn't parse origin for" "about:blank" ({})
JavaScript warning: https://mc.yandex.ru/metrika/watch.js, line 10: WEBGL_debug_renderer_info is deprecated in Firefox and will be removed. Please use RENDERER.
JavaScript warning: https://mc.yandex.ru/metrika/watch.js, line 10: WEBGL_debug_renderer_info is deprecated in Firefox and will be removed. Please use RENDERER.
JavaScript warning: https://pagead2.googlesyndication.com/bg/u1NYxsmA8ZVAu2sVzPZBh4qj2FMOPiJd8uWeqwBcPdE.js line 1 > eval line 2319 > eval line 1 > eval, line 1: WEBGL_debug_renderer_info is deprecated in Firefox and will be removed. Please use RENDERER.
JavaScript warning: https://cdn.ftd.agency/libs/e.js, line 47: WEBGL_debug_renderer_info is deprecated in Firefox and will be removed. Please use RENDERER.
JavaScript error: https://medianews.az/, line 74: SecurityError: Permission denied to access property "document" on cross-origin object
JavaScript error: https://quantcast.mgr.consensu.org/choice/6Fv0cGNfc_bw8/www.themoneytizer.com/choice.js, line 18: TypeError: window.__tcfapi is not a function
JavaScript error: https://quantcast.mgr.consensu.org/tcfv2/cmp2.js?referer=www.themoneytizer.com, line 1: TypeError: window.__tcfapi is not a function
JavaScript warning: https://qaynarinfo.az/theme/frontend/new/style/default/js/jquery.js?ve, line 2: Using //@ to indicate sourceMappingURL pragmas is deprecated. Use //# instead
JavaScript warning: https://cdnJavaScript warning: https://pagead2.googlesyndication.com/bg/u1NYxsmA8ZVAu2sVzPZBh4qj2FMOPiJd8uWeqwBcPdE.js line 1 > eval line 1947 > eval, line 1: WEBGL_debug_renderer_info is deprecated in Firefox and will be removed. Please use RENDERER.
JavaScript warning: https://cdn.ftd.agency/libs/e.js, line 47: WEBGL_debug_renderer_info is deprecated in Firefox and will be removed. Please use RENDERER.
JavaScript error: https://medianews.az/, line 74: SecurityError: Permission denied to access property "document" on cross-origin object
JavaScript error: https://quantcast.mgr.consensu.org/choice/6Fv0cGNfc_bw8/www.themoneytizer.com/choice.js, line 18: TypeError: window.__tcfapi is not a function
JavaScript warning: https://qaynarinfo.az/theme/frontend/new/style/default/js/jquery.js?ve, line 2: Using //@ to indicate sourceMappingURL pragmas is deprecated. Use //# instead
JavaScript error: https://quantcast.mgr.consensu.org/tcfv2/cmp2.js?referer=www.themoneytizer.com, line 1: TypeError: window.__tcfapi is not a function
JavaScript warning: https://www.myjscript.com/ajax/jquery.min.php, line 3: Using //@ to indicate sourceMappingURL pragmas is deprecated. Use //# instead
JavaScript warning: https://cdn.ftd.agency/libs/e.js, line 47: WEBGL_debug_renderer_info is deprecated in Firefox and will be removed. Please use RENDERER.
JavaScript warning: https://pagead2.googlesyndication.com/bg/u1NYxsmA8ZVAu2sVzPZBh4qj2FMOPiJd8uWeqwBcPdE.js line 1 > eval line 1235 > eval line 1 > eval, line 1: WEBGL_debug_renderer_info is deprecated in Firefox and will be removed. Please use RENDERER.
JavaScript warning: https://cdn.ftd.agency/libs/e.js, line 47: WEBGL_debug_renderer_info is deprecated in Firefox and will be removed. Please use RENDERER.
JavaScript warning: https://qaynarinfo.az/theme/frontend/new/style/default/js/jquery.js?ve, line 2: Using //@ to indicate sourceMappingURL pragmas is deprecated. Use //# instead
JavaScript JavaScript warning: https://cdn.ftd.agency/libs/e.js, line 47: WEBGL_debug_renderer_info is deprecated in Firefox and will be removed. Please use RENDERER.
JavaScript error: https://medianews.az/, line 74: SecurityError: Permission denied to access property "document" on cross-origin object
JavaScript error: https://quantcast.mgr.consensu.org/choice/6Fv0cGNfc_bw8/www.themoneytizer.com/choice.js, line 18: TypeError: window.__tcfapi is not a function
JavaScript error: https://quantcast.mgr.consensu.org/tcfv2/cmp2.js?referer=www.themoneytizer.com, line 1: TypeError: window.__tcfapi is not a function
JavaScript warning: https://qaynarinfo.az/theme/frontend/new/style/default/js/jquery.js?ve, line 2: Using //@ to indicate sourceMappingURL pragmas is deprecated. Use //# instead
JavaScript warning: https://www.myjscript.com/ajax/jquery.min.php, line 3: Using //@ to indicate sourceMappingURL pragmas is deprecated. Use //# instead
JavaScript warning: https://cdn.ftd.agency/libs/e.js, line 47: WEBGL_debug_renderer_info is deprecated in Firefox and will be removed. Please use RENDERER.
JavaScript warning: https://pagead2.googlesyndication.com/bg/u1NYxsmA8ZVAu2sVzPZBh4qj2FMOPiJd8uWeqwBcPdE.js line 1 > eval line 791 > eval, line 1: WEBGL_debug_renderer_info is deprecated in Firefox and will be removed. Please use RENDERER.
console.warn: LoginHelper(Content): "Couldn't parse origin for" "about:blank" ({})
JavaScript warning: https://cdn.ftd.agency/libs/e.js, line 47: WEBGL_debug_renderer_info is deprecated in Firefox and will be removed. Please use RENDERER.
JavaScript error: https://medianews.az/, line 74: SecurityError: Permission denied to access property "document" on cross-origin object
JavaScript error: https://quantcast.mgr.consensu.org/choice/6Fv0cGNfc_bw8/www.themoneytizer.com/choice.js, line 18: TypeError: window.__tcfapi is not a function
JavaScript warning: https://www.myjscript.com/ajax/jquery.min.php, line 3: Using //@ to indicate sourceMappingURL pragmas is deprecated. Use //# instead
JavaScript error: https://quantcast.mgr.consensu.org/tcfv2/cmp2.js?referer=www.themoneytizer.com, line 1: TypeError: window.__tcfapi is not a function
JavaScript warning: https://cdn.ftd.agency/libs/e.js, line 47: WEBGL_debug_renderer_info is deprecated in Firefox and will be removed. Please use RENDERER.
JavaScript warning: https://pagead2.googlesyndication.com/bg/u1NYxsmA8ZVAu2sVzPZBh4qj2FMOPiJd8uWeqwBcPdE.js line 1 > eval line 275 > eval line 1 > eval, line 1: WEBGL_debug_renderer_info is deprecated in Firefox and will be removed. Please use RENDERER.
JavaScript warning: https://cdn.ftd.agency/libs/e.js, line 47: WEBGL_debug_renderer_info is deprecated in Firefox and will be removed. Please use RENDERER.
JavaScript error: https://medianews.az/, line 74: SecurityError: Permission denied to access property "document" on cross-origin object
JavaScript error: https://quantcast.mgr.consensu.org/choice/6Fv0cGNfc_bw8/www.themoneytizer.com/choice.js, line 18: TypeError: window.__tcfapi is not a function
JavaScript error: https://quantcast.mgr.consensu.org/tcfv2/cmp2.js?referer=www.themoneytizer.com, line 1: TypeError: window.__tcfapi is not a function
JavaScript warning: https://cdn.ftd.agency/libs/e.js, line 47: WEBGL_debug_renderer_info is deprecated in Firefox and will be removed. Please use RENDERER.
JavaScript warning: https://www.myjscript.com/ajax/jquery.min.php, line 3: Using //@ to indicate sourceMappingURL pragmas is deprecated. Use //# instead
JavaScript warning: https://pagead2.googlesyndication.com/bg/u1NYxsmA8ZVAu2sVzPZBh4qj2FMOPiJd8uWeqwBcPdE.js line 1 > eval line 6938 > eval, line 1: WEBGL_debug_renderer_info is deprecated in Firefox and will be removed. Please use RENDERER.
JavaScript warning: https://cdn.ftd.agency/libs/e.js, line 47: WEBGL_debug_renderer_info is deprecated in Firefox and will be removed. Please use RENDERER.
JavaScript error: https://medianews.az/, line 74: SecurityError: Permission denied to access property "document" on cross-origin object
JavaScript error: https://quantcast.mgr.consensu.org/choice/6Fv0cGNfc_bw8/www.themoneytizer.com/choice.js, line 18: TypeError: window.__tcfapi is not a function
JavaScript error: https://quantcast.mgr.consensu.org/tcfv2/cmp2.js?referer=www.themoneytizer.com, line 1: TypeError: window.__tcfapi is not a function
JavaScript warning: https://www.myjscript.com/ajax/jquery.min.php, line 3: Using //@ to indicate sourceMappingURL pragmas is deprecated. Use //# instead
JavaScript warning: https://cdn.ftd.agency/libs/e.js, line 47: WEBGL_debug_renderer_info is deprecated in Firefox and will be removed. Please use RENDERER.
JavaScript warning: https://pagead2.googlesyndication.com/bg/u1NYxsmA8ZVAu2sVzPZBh4qj2FMOPiJd8uWeqwBcPdE.js line 1 > eval line 2963 > eval line 1 > eval, line 1: WEBGL_debug_renderer_info is deprecated in Firefox and will be removed. Please use RENDERER.
JavaScript warning: https://cdn.ftd.agency/libs/e.js, line 47: WEBGL_debug_renderer_info is deprecated in Firefox and will be removed. Please use RENDERER.
JavaScript error: https://medianews.az/, line 74: SecurityError: Permission denied to access property "document" on cross-origin object
JavaScript error: https://quantcast.mgr.consensu.org/choice/6Fv0cGNfc_bw8/www.themoneytizer.com/choice.js, line 18: TypeError: window.__tcfapi is not a function
JavaScript error: https://quantcast.mgr.consensu.org/tcfv2/cmp2.js?referer=www.themoneytizer.com, line 1: TypeError: window.__tcfapi is not a function
JavaScript warning: https://cdn.ftd.agency/libs/e.js, line 47: WEBGL_debug_JavaScript warning: https://pagead2.googlesyndication.com/bg/u1NYxsmA8ZVAu2sVzPZBhJavaScript warning: https://www.myjscript.com/ajax/jquery.min.php, line 3: Using //@ to indicate sourceMappingURL pragmas is deprecated. Use //# instead
JavaScript warning: https://pagead2.googlesyndication.com/bg/u1NYxsmA8ZVAu2sVzPZBh4qj2FMOPiJd8uWeqwBcPdE.js line 1 > eval line 7702 > eval, line 1: WEBGL_debug_renderer_info is deprecated in Firefox and will be removed. Please use RENDERER.
JavaScript warning: https://cdn.ftd.agency/libs/e.js, line 47: WEBGL_debug_renderer_info is deprecated in Firefox and will be removed. Please use RENDERER.
JavaScript error: https://medianews.az/, line 74: SecurityError: Permission denied to access property "document" on cross-origin object
JavaScript error: https://quantcast.mgr.consensu.org/choice/6Fv0cGNfc_bw8/www.themoneytizer.com/choice.js, line 18: TypeError: window.__tcfapi is not a function
JavaScript warning: https://www.myjscript.com/ajax/jquery.min.php, line 3: Using //@ to indicate sourceMappingURL pragmas is deprecated. Use //# instead
JavaScript warning: https://cdn.ftd.agency/libs/e.js, line 47: WEBGL_debug_renderer_info is deprecated in Firefox and will be removed. Please use RENDERER.JavaScript warning: https://pagead2.googlesyndication.com/bg/u1NYxsmA8ZVAu2sVzPZBh4qj2FMOPiJd8uWeqwBcPdE.js line 1 > eval line 1488 > eval, line 1: WEBGLJavaScript error: https://static.xx.fbcdn.net/rsrc.php/v3/ya/r/jUu3kdT5xDO.js?_nc_x=Ij3Wp8lg5Kz, line 201: Error: Request aborted.
JavaScript warning: https://cdn.ftd.agency/libs/e.js, line 47: WEBGL_debug_renderer_info is deprecated in Firefox and will be removed. Please use RENDERER.
JavaScript error: https://medianews.az/, line 74: SecurityError: Permission denied to access property "document" on cross-origin object
JavaScript warning: https://www.myjscript.com/ajax/jquery.min.php, line 3: Using //@ to indicate sourceMappingURL pragmas is deprecated. Use //# instead
JavaScript error: https://quantcast.mgr.consensu.org/choice/6Fv0cGNfc_bw8/www.themoneytizer.com/choice.js, line 18: TypeError: window.__tcfapi is not a function
JavaScript error: https://quantcast.mgr.consensu.org/tcfv2/cmp2.js?referer=www.themoneytizer.com, line 1: TypeError: window.__tcfapi is not a function
JavaScript warning: https://cdn.ftd.agency/libs/e.js, line 47: WEBGL_debug_renderer_info is deprecated in Firefox and will be removed. Please use RENDERER.
JavaScript warning: https://pagead2.googlesyndication.com/bg/u1NYxsmA8ZVAu2sVzPZBh4qj2FMOPiJd8uWeqwBcPdE.js line 1 > eval line 5679 > eval line 1 > eval, line 1: WEBGL_debug_renderer_info is deprecaJavaScript warning: https://cdn.ftd.agency/libs/e.js, lineJavaScript warning: https://cdn.ftd.agency/libs/e.js, line 47: WEBGL_debug_renderer_info is deprecated in Firefox and will be removed. Please use RENDERER.
JavaScript error: https://medianews.az/, line 74: SecurityError: Permission denied to access property "document" on cross-origin object
JavaScript error: https://quantcast.mgr.consensu.org/choice/6Fv0cGNfc_bw8/www.themoneytizer.com/choice.js, line 18: TypeError: window.__tcfapi is not a function
JavaScript error: https://quantcast.mgr.consensu.org/tcfv2/cmp2.js?referer=www.themoneytizer.comJavaScript error: https://quantcast.mgr.consensu.org/tcfJavaScript warning: https://cdn.ftd.agency/libs/e.js, line 47: WEBGL_debug_renderer_info is deprecated in Firefox and will be removed. Please use RENDERER.
JavaScript warning: https://www.myjscript.com/ajax/jquery.min.php, line 3: Using //@ to indicateJavaScript warning: https://pagead2.googlesyndication.com/JavaScript warning: https://pagead2.googlesyndication.com/bg/u1NYxsmA8ZVAu2sVzPZBh4qj2FMOPiJd8uWeqwBcPdE.js line 1 > eval line 3396 > eval line 1 > eval, line 1: WEBGL_debug_renderer_iconsole.warn: LoginHelper(Content): "Couldn't parse origin for" "about:blank" ({})
JavaScript warning: https://cdn.ftd.agency/libs/e.js, line 47: WEBGL_debug_renderer_info is deprecated in Firefox and will be removed. Please use RENDERER.
JavaScript warning: https://www.myjscript.com/ajax/jquery.min.php, line 3: Using //@ to indicate sourceMappingURL pragmas is deprecated. Use //# instead
JavaScript error: https://medianews.az/, line 74: SecurityError: Permission denied to access property "document" on cross-origin object
JavaScript error: https://quantcast.mgr.consensu.org/choice/6Fv0cGNfc_bw8/www.themoneytizer.com/choice.js, line 18: TypeError: window.__tcfapi is not a function
JavaScript warning: https://cdn.ftd.agency/libs/e.js, line 47: WEBGL_debug_renderer_info is deprecated in Firefox and will be removed. Please use RENDERER.
JavaScript error: https://quantcast.mgr.consensu.org/tcfv2/cmp2.js?referer=www.themoneytizer.com, line 1: TypeError: window.__tcfapi is not a function
JavaScript warning: https://pagead2.googlesyndication.com/bg/u1NYxsmA8ZVAu2sVzPZBh4qj2FMOPiJd8uWeqwBcPdE.js line 1 > eval line 5322 > eval line 1 > eval, line 1: WEBGL_debug_renderer_info is deprecated in Firefox and will be removed. Please use RENDERER.
JavaScript warning: https://cdn.ftd.agency/libs/e.js, line 47: WEBGL_debug_renderer_info is deprecated in Firefox and will be removed. Please use RENDERER.
JavaScript error: https://medianews.az/, line 74: SecurityError: Permission denied to access property "document" on cross-origin object
JavaScript error: https://quantcast.mgr.consensu.org/choice/6Fv0cGNfc_bw8/www.themoneytizer.com/choice.js, line 18: TypeError: window.__tcfapi is not a function
JavaScript error: https://quantcast.mgr.consensu.org/tcfv2/cmp2.js?referer=www.themoneytizer.com, line 1: TypeError: window.__tcfapi is not a function
JavaScript warning: https://www.myjscript.com/ajax/jquery.min.php, line 3: Using //@ to indicate sourceMappingURL pragmas is deprecated. Use //# instead
JavaScript warning: https://cdn.ftd.agency/libs/e.js, line 47: WEBGL_debug_renderer_info is deprecated in Firefox and will be removed. Please useJavaScript wJavaScript warning: https://pagead2.googlesyndication.com/bg/u1NYxsmA8ZVAu2sVzPZBh4qj2FMOPiJd8uWeqwBcPdE.js line 1 > eval line 6893 > eval, line 1: WEBGL_debug_renderer_info is deprecated in Firefox and will be removed. Please useJavaScript wJavaScript warning: https://cdn.ftd.agency/libs/e.js, line 47: WEBGL_debug_renderer_info is deprecated in Firefox and will be removed. Please use RENDERER.
JavaScript error: https://medianews.az/, line 74: SecurityError: Permission denied to access property "document" on cross-origin object
JavaScript warning: https://www.myjscript.com/ajax/jquery.min.php, line 3: Using //@ to indicate sourceMappingURL pragmas is deprecated. Use //# instead
JavaScript error: https://quantcast.mgr.consensu.org/choice/6Fv0cGNfc_bw8/www.themoneytizer.com/choice.js, line 18: TypeError: window.__tcfapi is not a function
JavaScript error: https://quantcast.mgr.consensu.org/tcfv2/cmp2.js?referer=www.themoneytizer.com, line 1: TypeError: window.__tcfapi is not a function
JavaScript warning: https://cdn.ftd.agency/libs/e.js, line 47: WEBGL_debug_renderer_info is deprecated in Firefox and willJavaScript warning: https://cdn.ftdJavaScript warning: https://pagead2.googlesyndication.com/bg/u1NYxsmA8ZVAu2sVzPZBh4qj2FMOPiJd8uWeqwBcPdE.js line 1 > eval line 5832 > eval line 1 > eval, line 1: WEBGL_debug_renderer_info is deprecated in Firefox and will be removed. Please useJavaScript wJavaScript warning: https://cdn.ftd.agency/libs/e.js, line 47: WEBGL_debug_renderer_info is deprecated in Firefox and will be removed. Please use RENDERER.
JavaScript error: https://medianews.az/, line 74: SecurityError: Permission denied to access property "document" on cross-origin object
JavaScript warning: https://www.myjscript.com/ajax/jquery.min.php, line 3: Using //@ to indicate sourceMappingURL pragmas is deprecated. Use //# instead
JavaScript error: https://quantcast.mgr.consensu.org/choice/6Fv0cGNfc_bw8/www.themoneytizer.com/choice.js, line 18: TypeError: window.__tcfapi is not a function
JavaScript error: https://quantcast.mgr.consensu.org/tcfv2/cmp2.js?referer=www.themoneytizer.com, line 1: TypeError: window.__tcfapi is not a function
JavaScript warning: https://cdn.ftd.agency/libs/e.js, line 47: WEBGL_debug_renderer_info is deprecated in Firefox and will be removed. Please use RENDERER.
JavaScript warning: https://pagead2.googlesyndication.com/bg/u1NYxsmA8ZVAu2sVzPZBh4qj2FMOPiJd8uWeqwBcPdE.js line 1 > eval line 3225 > eval line 1 > eval, line 1: WEBGL_debug_renderer_info is deprecated in Firefox and will be removed. Please use RENDERER.
JavaScript warning: https://cdn.ftd.agency/libs/e.js, line 47: WEBGL_debug_renderer_info is deprecated in Firefox and will be removed. Please use RENDERER.
JavaScript error: https://medianews.az/, line 74: SecurityError: Permission denied to access property "document" on cross-origin object
JavaScript error: https://quantcast.mgr.consensu.org/choice/6Fv0cGNfc_bw8/www.themoneytizer.com/choice.js, line 18: TypeError: window.__tcfapi is not a function
JavaScript error: https://quantcast.mgr.consensu.org/tcfv2/cmp2.js?referer=www.themoneytizer.com, line 1: TypeError: window.__tcfapi is not a function
JavaScript warning: https://www.myjscript.com/ajax/jquery.min.php, line 3: Using //@ to indicate sourceMappingURL pragmas is deprecated. Use //# instead
JavaScript warning: https://cdn.ftd.agency/libs/e.js, line 47: WEBGL_debug_renderer_info is deprecated in Firefox and will be removed. Please use RENDERER.
console.warn: LoginHelper(Content): "Couldn't parse origin for" "about:blank" ({})
JavaScript warning: https://pagead2.googlesyndication.com/bg/u1NYxsmA8ZVAu2sVzPZBh4qj2FMOPiJd8uWeqwBcPdE.js line 1 > eval line 4173 > eval line 1 > eval, line 1: WEBGL_debug_renderer_info is deprecated in Firefox and will be removed. Please use RENDERER.
JavaScript warning: https://cdn.ftd.agency/libs/e.js, line 47: WEBGL_debug_renderer_info is deprecated in Firefox and will be removed. Please use RENDERER.
JavaScript error: https://medianews.az/, line 74: SecurityError: Permission denied to access property "document" on cross-origin object
JavaScript error: https://quantcast.mgr.consensu.org/choice/6Fv0cGNfc_bw8/www.themoneytizer.com/choice.js, line 18: TypeError: window.__tcfapi is not a function
JavaScript warning: https://www.myjscript.com/ajax/jquery.min.php, line 3: Using //@ to indicate sourceMappingURL pragmas is deprecated. Use //# instead
JavaScript error: https://quantcast.mgr.consensu.org/tcfv2/cmp2.js?referer=www.themoneytizer.com, line 1: TypeError: window.__tcfapi is not a function
JavaScript warning: https://cdn.ftd.agency/libs/e.js, line 47: WEBGL_debug_renderer_info is deprecated in Firefox and will be removed. Please use RENDERER.
JavaScript warning: https://pagead2.googlesyndication.com/bg/u1NYxsmA8ZVAu2sVzPZBh4qj2FMOPiJd8uWeqwBcPdE.js line 1 > eval line 3438 > eval, line 1: WEBGL_debug_renderer_info is deprecated in Firefox and will be removed. Please use RENDERER.
JavaScript warning: https://cdn.ftd.agency/libs/e.js, line 47: WEBGL_debug_renderer_info is deprecated in Firefox and will be removed. Please use RENDERER.
JavaScript error: https://medianews.az/, line 74: SecurityError: Permission denied to access property "document" on cross-origin object
JavaScript error: https://quantcast.mgr.consensu.org/choice/6Fv0cGNfc_bw8/www.themoneytizer.com/choice.js, line 18: TypeError: window.__tcfapi is not a function
JavaScript error: https://quantcast.mgr.consensu.org/tcfv2/cmp2.js?referer=www.themoneytizer.com, line 1: TypeError: window.__tcfapi is not a function
JavaScript warning: https://www.myjscript.com/ajax/jquery.min.php, line 3: Using //@ to indicate sourceMappingURL pragmas is deprecated. Use //# instead
JavaScript warning: https://cdn.ftd.agency/libs/e.js, line 47: WEBGL_debug_renderer_info is deprecated in Firefox and will be removed. Please use RENDERER.
JavaScript warning: https://pagead2.googlesyndication.com/bg/u1NYxsmA8ZVAu2sVzPZBh4qj2FMOPiJd8uWeqwBcPdE.js line 1 > eval line 7600 > eval, line 1: WEBGL_debug_renderer_info is deprecated in Firefox and will be removed. Please use RENDERER.
JavaScript warning: https://cdn.ftd.agency/libs/e.js, line 47: WEBGL_debug_renderer_info is deprecated in Firefox and will be removed. Please use RENDERER.
JavaScript error: https://medianews.az/, line 74: SecurityError: Permission denied to access property "document" on cross-origin object
JavaScript error: https://quantcast.mgr.consensu.org/choice/6Fv0cGNfc_bw8/www.themoneytizer.com/choice.js, line 18: TypeError: window.__tcfapi is not a function
JavaScript error: https://quantcast.mgr.consensu.org/tcfv2/cmp2.js?referer=www.themoneytizer.com, line 1: TypeError: window.__tcfapi is not a function
JavaScript warning: https://www.myjscript.com/ajax/jquery.min.php, line 3: Using //@ to indicate sourceMappingURL pragmas is deprecated. Use //# instead
JavaScript warning: https://cdn.ftd.agency/libs/e.js, line 47: WEBGL_debug_renderer_info is deprecated in Firefox and will be removed. Please use RENDERER.
JavaScript warning: https://pagead2.googlesyndication.com/bg/u1NYxsmA8ZVAu2sVzPZBh4qj2FMOPiJd8uWeqwBcPdE.js line 1 > eval line 5534 > eval line 1 > eval, line 1: WEBGL_debug_renderer_info is deprecated in Firefox and will be removed. Please use RENDERER.
JavaScript warning: https://cdn.ftd.agency/libs/e.js, line 47: WEBGL_debug_renderer_info is deprecated in Firefox and will be removed. Please use RENDERER.
JavaScript warning: https://www.myjscript.com/ajax/jquery.min.php, line 3: Using //@ to indicate sourceMappingURL pragmas is deprecated. Use //# instead
JavaScript error: https://medianews.az/, line 74: SecurityError: Permission denied to access property "document" on cross-origin object
JavaScript error: https://quantcast.mgr.consensu.org/choice/6Fv0cGNfc_bw8/www.themoneytizer.com/choice.js, line 18: TypeError: window.__tcfapi is not a function
JavaScript error: https://quantcast.mgr.consensu.org/tcfv2/cmp2.js?referer=www.themoneytizer.com, line 1: TypeError: window.__tcfapi is not a function
JavaScript warning: https://cdn.ftd.agency/libs/e.js, line 47: WEBGL_debug_renderer_info is deprecated iJavaScript warning: https://cdn.ftd.agency/libs/e.js, line 47: WEBGL_debug_renderer_info is deprecated in Firefox and will be removed. Please use RENDERER.
JavaScript error: https://medianews.az/, line 74: SecurityError: Permission denied to access property "document" on cross-origin object
JavaScript error: https://quantcast.mgr.consensu.org/choice/6Fv0cGNfc_bw8/www.themoneytizer.com/choice.js, line 18: TypeError: window.__tcfapi is not a function
JavaScript error: https://quantcast.mgr.consensu.org/tcfv2/cmp2.js?referer=www.themoneytizer.com, line 1: TypeError: window.__tcfapi is not a function
JavaScript warning: https://www.myjscript.com/ajax/jquery.min.php, line 3: Using //@ to indicate sourceMappingURL pragmas is deprecated. Use //# instead
JavaScript warning: https://cdn.ftd.agency/libs/e.js, line 47: WEBGL_debug_renderer_info is deprecated in Firefox and will be removed. Please use RENDERER.
JavaScript warning: https://cdn.ftd.agency/libs/e.js, line 47: WEBGL_debug_renderer_info is deprecated in Firefox and will be removed. PleJavaScript warning:JavaScript error: https://medianews.az/, line 74: SecurityError: Permission denied to access property "document" on cross-origin object
JJavaScript warning: https://pagead2.googlesyndication.com/bg/u1NYxsmA8ZVAu2sVzPZBh4qj2FMOPiJd8uWeqwBcPdE.js line 1 > eval line 7774 > eval, line 1: WEBGL_debug_renderer_info is deprecated in Firefox and will be removed. Please use RENDERER.
JavaScript warning: https://cdn.ftd.agency/libs/e.js, line 47: WEBGL_debug_renderer_info is deprecated in Firefox and will be removed. Please use RENDERER.
JavaScript error: https://medianews.az/, line 74: SecurityError: Permission denied to access property "document" on cross-origin object
JavaScript warning: https://www.myjscript.com/ajax/jquery.min.php, line 3: Using //@ to JavaScript warning: https://pagead2.googlesyndication.com/bg/u1NYxsmA8ZVAu2sVzPZBh4qj2FMOPiJd8uWeqwBcPdE.js line 1 > eval line 5075 > eval line 1 > eval, line 1: WEBGL_debug_renderer_info is deprecated in Firefox and will be removed. Please use RENDERER.
JavaScript warning: https://cdn.ftd.agency/libs/e.js, line 47: WEBGL_debug_renderer_info is deprecated in Firefox and will be removed. Please use RENDERER.
JavaScript error: https://medianews.az/, line 74: SecurityError: Permission denied to access property "document" on cross-or1642091785581	Marionette	WARN	Ignoring event 'DOMContentLoaded' because document has an invalid readyState of 'complete'.
1642091785583	Marionette	WARN	Ignoring event 'DOMContentLoaded' because document has an invalid readyState of 'complete'.
JavaScript warning: https://pagead2.googlesyndication.com/bg/u1NYxsmA8ZVAu2sVzPZBh4qj2FMOPiJd8uWeqwBcPdE.js line 1 > eval line 7590 > eval line 1 > eval, line 1: WEBGL_debug_renderer_info is deprecated in Firefox and will be removed. Please use RENDERER.
JavaScript warning: https://cdn.ftd.agency/libs/e.js, line 47: WEBGL_debug_renderer_info is deprecated in Firefox aJavaScript warning: https://cdn.ftd.agency/libs/e.js, line 47: WEBGL_debug_renderer_info is deprecated in Firefox and will be removed. Please use RENDERER.
JavaScript error: https://medianews.az/, line 74: SecurityError: Permission denied to access property "document" on cross-origin object
JavaScript error: https://quantcast.mgr.consensu.org/choice/6Fv0cGNfc_bw8/www.themoneytizer.com/choice.js, line 18: TypeError: window.__tcfapi is not a function
JavaScript error: https://quantcast.mgr.consensu.org/tcfv2/cmp2.js?referer=www.themoneytizer.com, line 1: TypeError: window.__tcfapi is not a function
JavaScript warning: https://www.myjscript.com/ajax/jquery.min.php, line 3: Using //@ to indicate sourceMappingURL pragmas is deprecated. Use //# instead
JavaScript warning: https://cdn.ftd.agency/libs/e.js, line 47: WEBGL_debug_renderer_info is deprecated in Firefox and will be removed. Please use RENDERER.
JavaScript warning: https://pagead2.googlesyndication.com/bg/u1NYxsmA8ZVAu2sVzPZBh4qj2FMOPiJd8uWeqwBcPdE.js line 1 > eval line 6145 > eval line 1 > eval, line 1: WEBGL_debug_renderer_info is deprecated in Firefox and will be removed. Please use RENDERER.
JavaScript warning: https://cdn.ftd.agency/libs/e.js, line 47: WEBGL_debug_renderer_info is deprecated in Firefox and will be removed. Please use RENDERER.
JavaScript error: https://medianews.az/, line 74: SecurityError: Permission denied to access property "document" on cross-origin object
JavaScript error: https://quantcast.mgr.consensu.org/choice/6Fv0cGNfc_bw8/www.themoneytizer.com/choice.js, line 18: TypeError: window.__tcfapi is not a function
JavaScript error: https://quantcast.mgr.consensu.org/tcfv2/cmp2.js?referer=www.themoneytizer.com, line 1: TypeError: window.__tcfapi is not a function
JavaScript warning: https://cdn.ftd.agency/libs/e.js, line 47: WEBGL_debug_renderer_info is deprecated in Firefox and will be removed. Please use RENDERER.
JavaScript warning: https://www.myjscript.com/ajax/jquery.min.php, line 3: Using //@ to indicate sourceMappingURL pragmas is deprecated. Use //# instead
JavaScript warning: https://pagead2.googlesyndication.com/bg/u1NYxsmA8ZVAu2sVzPZBh4qj2FMOPiJd8uWeqwBcPdE.js line 1 > eval line 5876 > eval, line 1: WEBGL_debug_renderer_info is deprecated in Firefox and will be removed. Please use RENDERER.
JavaScript warning: https://cdn.ftd.agency/libs/e.js, line 47: WEBGL_debug_renderer_info is deprecated in Firefox and will be removed. Please use RENDERER.
JavaScript error: https://medianews.az/, line 74: SecurityError: Permission denied to access property "document" on cross-origin object
JavaScript error: https://quantcast.mgr.consensu.org/choice/6Fv0cGNconsole.warn: LoginHelper(Content): "Couldn't parse origin for" "about:blank" ({})
JavaScript warning: https://cdn.ftd.agency/libs/e.js, line 47: WEBGL_debug_renderer_info is deprecated in Firefox and will be removed. Please use RENDERER.
JavaScript error: https://medianews.az/, line 74: SecurityError: Permission denied to access property "document" on cross-origin object
JavaScript error: https://quantcast.mgr.consensu.org/choice/6Fv0cGNfc_bw8/www.themoneytizer.com/choice.js, line 18: TypeError: window.__tcfapi is not a function
JavaScript error: https://quantcast.mgr.consensu.org/tcfv2/cmp2.js?referer=www.themoneytizer.com, line 1: TypeError: window.__tcfapi is not a function
JavaScript warning: https://www.myjscript.com/ajax/jquery.min.php, line 3: Using //@ to indicate sourceMappingURL pragmas is deprecated. Use //# instead
JavaScript warning: https://cdn.ftd.agency/libs/e.js, line 47: WEBGL_debug_renderer_info is deprecated in Firefox and will be removed. Please use RENDERER.
JavaScript warning: https://pagead2.googlesyndication.com/bg/u1NYxsmA8ZVAu2sVzPZBh4qj2FMOPiJd8uWeqwBcPdE.js line 1 > eval line 5651 > eval line 1 > eval, line 1: WEBGL_debug_renderer_info is deprecated in Firefox and will be removed. Please use RENDERER.
JavaScript warning: https://cdn.ftd.agency/libs/e.js, line 47: WEBGL_debug_renderer_info is deprecated in Firefox and will be removed. Please use RENDERER.
JavaScript error: https://medianews.az/, line 74: SecurityError: Permission denied to access property "document" on cross-origin object
JavaScript error: https://quantcast.mgr.consensu.org/choice/6Fv0cGNfc_bw8/www.themoneytizer.com/choice.js, line 18: TypeError: window.__tcfapi is not a function
JavaScript error: https://quantcast.mgr.consensu.org/tcfv2/cmp2.js?referer=www.themoneytizer.com, line 1: TypeError: window.__tcfapi is not a function
JavaScript warning: https://www.myjscript.com/ajax/jquery.min.php, line 3: Using //@ to indicate sourceMappingURL pragmas is deprecated. Use //# instead
JavaScript warning: https://cdn.ftd.agency/libs/e.js, line 47: WEBGL_debug_renderer_info is deprecated in Firefox and will be removed. Please use RENDERER.
console.warn: LoginHelper(Content): "Couldn't parse origin for" "about:blank" ({})
JavaScript warning: https://pagead2.googlesyndication.com/bg/u1NYxsmA8ZVAu2sVzPZBh4qj2FMOPiJd8uWeqwBcPdE.js line 1 > eval line 833 > eval line 1 > eval, line 1: WEBGL_debug_renderer_info is deprecated in Firefox and will be removed. Please use RENDERER.
JavaScript warning: https://cdn.ftd.agency/libs/e.js, line 47: WEBGL_debug_renderer_info is deprecated in Firefox and will be removed. Please use RENDERER.
JavaScript error: https://medianews.az/, line 74: SecurityError: Permission denied to access property "document" on cross-origin object
JavaScript error: https://quantcast.mgr.consensu.org/choice/6Fv0cGNfc_bw8/www.themoneytizer.com/choice.js, line 18: TypeError: window.__tcfapi is not a function
JavaScript error: https://quantcast.mgr.consensu.org/tcfv2/cmp2.js?referer=www.themoneytizer.com, line 1: TypeError: window.__tcfapi is not a function
JavaScript warning: https://www.myjscript.com/ajax/jquery.min.php, line 3: Using //@ to indicate sourceMappingURL pragmas is deprecated. Use //# instead
JavaScript warning: https://cdn.ftd.agency/libs/e.js, line 47: WEBGL_debug_renderer_info is deprecated in Firefox and will be removed. Please use RENDERER.
JavaScript warning: https://pagead2.googlesyndication.com/bg/u1NYxsmA8ZVAu2sVzPZBh4qj2FMOPiJd8uWeqwBcPdE.js line 1 > eval line 1340 > eval line 1 > eval, line 1: WEBGL_debug_renderer_info is deprecated in Firefox and will be removed. Please use RENDERER.
JavaScript warning: https://cdn.ftd.agency/libs/e.js, line 47: WEBGL_debug_renderer_info is deprecated in Firefox and will be removed. Please use RENDERER.
JavaScript error: https://medianews.az/, line 74: SecurityError: Permission denied to access property "document" on cross-origin object
JavaScript error: https://quantcast.mgr.consensu.org/choice/6Fv0cGNfc_bw8/www.themoneytizer.com/choice.js, line 18: TypeError: window.__tcfapi is not a function
JavaScript error: https://quantcast.mgr.consensu.org/tcfv2/cmp2.js?referer=www.themoneytizer.com, line 1: TypeError: window.__tcfapi is not a function
JavaScript warning: https://www.myjscript.com/ajax/jquery.min.php, line 3: Using //@ to indicate sourceMappingURL pragmas is deprecated. Use //# instead
JavaScript warning: https://cdn.ftd.agency/libs/e.js, line 47: WEBGL_debug_renderer_info is deprecated in Firefox and will be removed. Please use RENDERER.
JavaScript warning: https://pagead2.googlesyndication.com/bg/u1NYxsmA8ZVAu2sVzPZBh4qj2FMOPiJd8uWeqwBcPdE.js line 1 > eval line 4917 > eval, line 1: WEBGL_debug_renderer_info is deprecated in Firefox and will be removed. Please use RENDERER.
JavaScript warning: https://cdn.ftd.agency/libs/e.js, line 47: WEBGL_debug_renderer_info is deprecated in Firefox and will be removed. Please use RENDERER.
JavaScript error: https://medianews.az/, line 74: SecurityError: Permission denied to access property "document" on cross-origin object
JavaScript error: https://quantcast.mgr.consensu.org/choice/6Fv0cGNfc_bw8/www.themoneytizer.com/choice.js, line 18: TypeError: window.__tcfapi is not a function
JavaScript warning: https://www.myjscript.com/ajax/jquery.min.php, line 3: Using //@ to indicate sourceMappingURL pragmas is deprecated. Use //# instead
JavaScript error: https://quantcast.mgr.consensu.org/tcfv2/cmp2.js?referer=www.themoneytizer.com, line 1: TypeError: window.__tcfapi is not a function
JavaScript warning: https://cdn.ftd.agency/libs/e.js, line 47: WEBGL_debug_renderer_info is deprecated in Firefox and will be removed. Please use RENDERER.
JavaScript warning: https://pagead2.googlesyndication.com/bg/u1NYxsmA8ZVAu2sVzPZBh4qj2FMOPiJd8uWeqwBcPdE.js line 1 > eval line 6361 > eval line 1 > eval, line 1: WEBGL_debug_renderer_info is deprecated in Firefox and will be removed. Please use RENDERER.
console.warn: LoginHelper(Content): "Couldn't parse origin for" "about:blank" ({})
JavaScript warning: https://cdn.ftd.agency/libs/e.js, line 47: WEBGL_debug_renderer_info is deprecated in Firefox and will be removed. Please use RENDERER.
JavaScript error: https://medianews.az/, line 74: SecurityError: Permission denied to access property "document" on cross-origin object
JavaScript error: https://quantcast.mgr.consensu.org/choice/6Fv0cGNfc_bw8/www.themoneytizer.com/choice.js, line 18: TypeError: window.__tcfapi is not a function
JavaScript error: https://quantcast.mgr.consensu.org/tcfv2/cmp2.js?referer=www.themoneytizer.com, line 1: TypeError: window.__tcfapi is not a function
JavaScript warning: https://cdn.ftd.agency/libs/e.js, line 47: WEBGL_debug_renderer_info is deprecated in Firefox and will be removed. Please use RENDERER.
JavaScript warning: https://www.myjscript.com/ajax/jquery.min.php, line 3: Using //@ to indicate sourceMappingURL pragmas is deprecated. Use //# instead
JavaScript warning: https://pagead2.googlesyndication.com/bg/u1NYxsmA8ZVAu2sVzPZBh4qj2FMOPiJd8uWeqwBcPdE.js line 1 > eval line 5035 > eval, line 1: WEBGL_debug_renderer_info is deprecated in Firefox and will be removed. Please use RENDERER.
JavaScript warning: https://cdn.ftd.agency/libs/e.js, line 47: WEBGL_debug_renderer_info is deprecated in Firefox and will be removed. Please use RENDERER.
JavaScript error: https://medianews.az/, line 74: SecurityError: Permission denied to access property "document" on cross-origin object
JavaScript error: https://quantcast.mgr.consensu.org/choice/6Fv0cGNfc_bw8/www.themoneytizer.com/choice.js, line 18: TypeError: window.__tcfapi is not a function
JavaScript warning: https://cdn.ftd.agency/libs/e.js, line 47: WEBGL_debug_renderer_info is deprecated in Firefox and will be removed. Please use RENDERER.
JavaScript error: https://quantcast.mgr.consensu.org/tcfv2/cmp2.js?referer=www.themoneytizer.com, line 1: TypeError: window.__tcfapi is not a function
JavaScript warning: https://www.myjscript.com/ajax/jquery.min.php, line 3: Using //@ to indicate sourceMappingURL pragmas is deprecated. Use //# instead
JavaScript warning: https://pagead2.googlesyndication.com/bg/u1NYxsmA8ZVAu2sVzPZBh4qj2FMOPiJd8uWeqwBcPdE.js line 1 > eval line 5369 > eval, line 1: WEBGL_debug_renderer_info is deprecated in Firefox and will be removed. Please use RENDERER.
JavaScript warning: https://cdn.ftd.agency/libs/e.js, line 47: WEBGL_debug_renderer_info is deprecated in Firefox and will be removed. Please use RENDERER.
JavaScript error: https://medianews.az/, line 74: SecurityError: Permission denied to access property "document" on cross-origin object
JavaScript error: https://quantcast.mgr.consensu.org/choice/6Fv0cGNfc_bw8/www.themoneytizer.com/choice.js, line 18: TypeError: window.__tcfapi is not a function
JavaScript error: https://quantcast.mgr.consensu.org/tcfv2/cmp2.js?referer=www.themoneytizer.com, line 1: TypeError: window.__tcfapi is not a function
JavaScript warning: https://cdn.ftd.agency/libs/e.js, line 47: WEBGL_debug_renderer_info is deprecated in Firefox and will be removed. Please use RENDERER.
JavaScript warning: https://www.myjscript.com/ajax/jquery.min.php, line 3: Using //@ to indicate sourceMappingURL pragmas is deprecated. Use //# instead
JavaScript warning: https://pagead2.googlesyndication.com/bg/u1NYxsmA8ZVAu2sVzPZBh4qj2FMOPiJd8uWeqwBcPdE.js line 1 > eval line 3892 > eval line 1 > eval, line 1: WEBGL_debug_renderer_info is deprecated in Firefox and will be removed. Please use RENDERER.
JavaScript warning: https://cdn.ftd.agency/libs/e.js, line 47: WEBGL_debug_renderer_info is deprecated in Firefox and will be removed. Please use RENDERER.
JavaScript error: https://medianews.az/, line 74: SecurityError: Permission denied to access property "document" on cross-origin object
JavaScript error: https://quantcast.mgr.consensu.org/choice/6Fv0cGNfc_bw8/www.themoneytizer.com/choice.js, line 18: TypeError: window.__tcfapi is not a function
JavaScript warning: https://cdn.ftd.agency/libs/e.js, line 47: WEBGL_debug_renderer_info is deprecated in Firefox and will be removed. Please use RENDERER.
JavaScript error: https://quantcast.mgr.consensu.org/tcfv2/cmp2.js?referer=www.themoneytizer.com, line 1: TypeError: window.__tcfapi is not a function
JavaScript warning: https://www.myjscript.com/ajax/jquery.min.php, line 3: Using //@ to indicate sourceMappingURL pragmas is deprecated. Use //# instead
JavaScript warning: https://pagead2.googlesyndication.com/bg/u1NYxsmA8ZVAu2sVzPZBh4qj2FMOPiJd8uWeqwBcPdE.js line 1 > eval line 5551 > eval line 1 > eval, line 1: WEBGL_debug_renderer_info is deprecated in Firefox and will be removed. Please use RENDERER.
JavaScript warning: https://cdn.ftd.agency/libs/e.js, line 47: WEBGL_debug_renderer_info is deprecated in Firefox and will be removed. Please use RENDERER.
JavaScript error: https://medianews.az/, line 74: SecurityError: Permission denied to access property "document" on cross-origin object
JavaScript error: https://quantcast.mgr.consensu.org/choice/6Fv0cGNfc_bw8/www.themoneytizer.com/choice.js, line 18: TypeError: window.__tcfapi is not a function
JavaScript error: https://quantcast.mgr.consensu.org/tcfv2/cmp2.js?referer=www.themoneytizer.com, line 1: TypeError: window.__tcfapi is not a function
JavaScript warning: https://www.myjscript.com/ajax/jquery.min.php, line 3: Using //@ to indicate sourceMappingURL pragmas is deprecated. Use //# instead
JavaScript warning: https://cdn.ftd.agency/libs/e.js, line 47: WEBGL_debug_renderer_info is deprecated in Firefox and will be removed. Please use RENDERER.
JavaScript warning: https://pagead2.googlesyndication.com/bg/u1NYxsmA8ZVAu2sVzPZBh4qj2FMOPiJd8uWeqwBcPdE.js line 1 > eval line 3204 > eval, line 1: WEBGL_debug_renderer_info is deprecated in Firefox and will be removed. Please use RENDERER.
JavaScript warning: https://cdn.ftd.agency/libs/e.js, line 47: WEBGL_debug_renderer_info is deprecated in Firefox and will be removed. Please use RENDERER.
JavaScript error: https://medianews.az/, line 74: SecurityError: Permission denied to access property "document" on cross-origin object
JavaScript error: https://quantcast.mgr.consensu.org/choice/6Fv0cGNfc_bw8/www.themoneytizer.com/choice.js, line 18: TypeError: window.__tcfapi is not a function
JavaScript warning: https://cdn.ftd.agency/libs/e.js, line 47: WEBGL_debug_renderer_info is deprecated in Firefox and will be removed. Please use RENDERER.
JavaScript error: https://quantcast.mgr.consensu.org/tcfv2/cmp2.js?referer=www.themoneytizer.com, line 1: TypeError: window.__tcfapi is not a function
JavaScript warning: https://www.myjscript.com/ajax/jquery.min.php, line 3: Using //@ to indicate sourceMappingURL pragmas is deprecated. Use //# instead
JavaScript warning: https://pagead2.googlesyndication.com/bg/u1NYxsmA8ZVAu2sVzPZBh4qj2FMOPiJd8uWeqwBcPdE.js line 1 > eval line 6273 > eval line 1 > eval, line 1: WEBGL_debug_renderer_info is deprecated in Firefox and will be removed. Please use RENDERER.
JavaScript warning: https://cdn.ftd.agency/libs/e.js, line 47: WEBGL_debug_renderer_info is deprecated in Firefox and will be removed. Please use RENDERER.
JavaScript error: https://medianews.az/, line 74: SecurityError: Permission denied to access property "document" on cross-origin object
JavaScript error: https://quantcast.mgr.consensu.org/choice/6Fv0cGNfc_bw8/www.themoneytizer.com/choice.js, line 18: TypeError: window.__tcfapi is not a function
JavaScript warning: https://www.myjscript.com/ajax/jquery.min.php, line 3: Using //@ to indicate sourceMappingURL pragmas is deprecated. Use //# instead
JavaScript error: https://quantcast.mgr.consensu.org/tcfv2/cmp2.js?referer=www.themoneytizer.com, line 1: TypeError: window.__tcfapi is not a function
JavaScript warning: https://cdn.ftd.agency/libs/e.js, line 47: WEBGL_debug_renderer_info is deprecated in Firefox and will be removed. Please use RENDERER.
JavaScript warning: https://cdn.ftd.agency/libs/e.js, line 47: WEBGL_debug_renderer_info is deprecated in Firefox and will be removed. Please use RENDERER.
JavaScript error: https://medianews.az/, line 74: SecurityError: Permission denied to access property "document" on cross-origin object
JavaScript error: https://quantcast.mgr.consensu.org/choice/6Fv0cGNfc_bw8/www.themoneytizer.com/choice.js, line 18: TypeError: window.__tcfapi is not a function
JavaScript error: https://quantcast.mgr.consensu.org/tcfv2/cmp2.js?referer=www.themoneytizer.com, line 1: TypeError: window.__tcfapi is not a function
JavaScript warning: https://cdn.ftd.agency/libs/e.js, line 47: WEBGL_debug_renderer_info is deprecated in Firefox and will be removed. Please use RENDERER.
JavaScript warning: https://www.myjscript.com/ajax/jquery.min.php, line 3: Using //@ to indicate sourceMappingURL pragmas is deprecated. Use //# instead
JavaScript warning: https://pagead2.googlesyndication.com/bg/u1NYxsmA8ZVAu2sVzPZBh4qj2FMOPiJd8uWeqwBcPdE.js line 1 > eval line 4621 > eval, line 1: WEBGL_debug_renderer_info is deprecated in Firefox and will be removed. Please use RENDERER.
JavaScript warning: https://cdn.ftd.agency/libs/e.js, line 47: WEBGL_debug_renderer_info is deprecated in Firefox and will be removed. Please use RENDERER.
JavaScript error: https://medianews.az/, line 74: SecurityError: Permission denied to access property "document" on cross-origin object
JavaScript error: https://quantcast.mgr.consensu.org/choice/6Fv0cGNfc_bw8/www.themoneytizer.com/choice.js, line 18: TypeError: window.__tcfapi is not a function
JavaScript warning: https://cdn.ftd.agency/libs/e.js, line 47: WEBGL_debug_renderer_info is deprecated in Firefox and will be removed. Please use RENDERER.
JavaScript error: https://quantcast.mgr.consensu.org/tcfv2/cmp2.js?referer=www.themoneytizer.com, line 1: TypeError: window.__tcfapi is not a function
JavaScript warning: https://www.myjscript.com/ajax/jquery.min.php, line 3: Using //@ to indicate sourceMappingURL pragmas is deprecated. Use //# instead
JavaScript warning: https://pagead2.googlesyndication.com/bg/u1NYxsmA8ZVAu2sVzPZBh4qj2FMOPiJd8uWeqwBcPdE.js line 1 > eval line 4901 > eval, line 1: WEBGL_debug_renderer_info is deprecated in Firefox and will be removed. Please use RENDERER.
JavaScript warning: https://cdn.ftd.agency/libs/e.js, line 47: WEBGL_debug_renderer_info is deprecated in Firefox and will be removed. Please use RENDERER.
JavaScript error: https://medianews.az/, line 74: SecurityError: Permission denied to access property "document" on cross-origin object
JavaScript error: https://quantcast.mgr.consensu.org/choice/6Fv0cGNfc_bw8/www.themoneytizer.com/choice.js, line 18: TypeError: window.__tcfapi is not a function
JavaScript error: https://quantcast.mgr.consensu.org/tcfv2/cmp2.js?referer=www.themoneytizer.com, line 1: TypeError: window.__tcfapi is not a function
JavaScript warning: https://www.myjscript.com/ajax/jquery.min.php, line 3: Using //@ to indicate sourceMappingURL pragmas is deprecated. Use //# instead
JavaScript warning: https://cdn.ftd.agency/libs/e.js, line 47: WEBGL_debug_renderer_info is deprecated in Firefox and will be removed. Please use RENDERER.
JavaScript warning: https://pagead2.googlesyndication.com/bg/u1NYxsmA8ZVAu2sVzPZBh4qj2FMOPiJd8uWeqwBcPdE.js line 1 > eval line 2516 > eval line 1 > eval, line 1: WEBGL_debug_renderer_info is deprecated in Firefox and will be removed. Please use RENDERER.
JavaScript warning: https://cdn.ftd.agency/libs/e.js, line 47: WEBGL_debug_renderer_info is deprecated in Firefox and will be removed. Please use RENDERER.
JavaScript error: https://medianews.az/, line 74: SecurityError: Permission denied to access property "document" on cross-origin object
JavaScript error: https://quantcast.mgr.consensu.org/choice/6Fv0cGNfc_bw8/www.themoneytizer.com/choice.js, line 18: TypeError: window.__tcfapi is not a function
JavaScript error: https://quantcast.mgr.consensu.org/tcfv2/cmp2.js?referer=www.themoneytizer.com, line 1: TypeError: window.__tcfapi is not a function
JavaScript warning: https://www.myjscript.com/ajax/jquery.min.php, line 3: Using //@ to indicate sourceMappingURL pragmas is deprecated. Use //# instead
JavaScript warning: https://cdn.ftd.agency/libs/e.js, line 47: WEBGL_debug_renderer_info is deprecated in Firefox and will be removed. Please use RENDERER.
JavaScript warning: https://pagead2.googlesyndication.com/bg/u1NYxsmA8ZVAu2sVzPZBh4qj2FMOPiJd8uWeqwBcPdE.js line 1 > eval line 3704 > eval line 1 > eval, line 1: WEBGL_debug_renderer_info is deprecated in Firefox and will be removed. Please use RENDERER.
console.warn: LoginHelper(Content): "Couldn't parse origin for" "about:blank" ({})
JavaScript warning: https://cdn.ftd.agency/libs/e.js, line 47: WEBGL_debug_renderer_info is deprecated in Firefox and will be removed. Please use RENDERER.
JavaScript error: https://medianews.az/, line 74: SecurityError: Permission denied to access property "document" on cross-origin object
JavaScript error: https://quantcast.mgr.consensu.org/choice/6Fv0cGNfc_bw8/www.themoneytizer.com/choice.js, line 18: TypeError: window.__tcfapi is not a function
JavaScript error: https://quantcast.mgr.consensu.org/tcfv2/cmp2.js?referer=www.themoneytizer.com, line 1: TypeError: window.__tcfapi is not a function
JavaScript warning: https://cdn.ftd.agency/libs/e.js, line 47: WEBGL_debug_renderer_info is deprecated in Firefox and will be removed. Please use RENDERER.
JavaScript warning: https://www.myjscript.com/ajax/jquery.min.php, line 3: Using //@ to indicate sourceMappingURL pragmas is deprecated. Use //# instead
JavaScript warning: https://pagead2.googlesyndication.com/bg/u1NYxsmA8ZVAu2sVzPZBh4qj2FMOPiJd8uWeqwBcPdE.js line 1 > eval line 6715 > eval, line 1: WEBGL_debug_renderer_info is deprecated in Firefox and will be removed. Please use RENDERER.
console.warn: LoginHelper(Content): "Couldn't parse origin for" "about:blank" ({})
1642092046200	Marionette	INFO	Stopped listening on port 63721

###!!! [Parent][MessageChannel] Error: (msgtype=0x3A014F,name=PContent::Reply_DiscardBrowsingContext) Closed channel: cannot send/recv


###!!! [Parent][MessageChannel] Error: (msgtype=0x3A014F,name=PContent::Reply_DiscardBrowsingContext) Closed channel: cannot send/recv


###!!! [Parent][MessageChannel] Error: (msgtype=0x3A014F,name=PContent::Reply_DiscardBrowsingContext) Closed channel: cannot send/recv


###!!! [Parent][MessageChannel] Error: (msgtype=0x3A014F,name=PContent::Reply_DiscardBrowsingContext) Closed channel: cannot send/recv


###!!! [Parent][MessageChannel] Error: (msgtype=0x3A014F,name=PContent::Reply_DiscardBrowsingContext) Closed channel: cannot send/recv


###!!! [Parent][MessageChannel] Error: (msgtype=0x3A014F,name=PContent::Reply_DiscardBrowsingContext) Closed channel: cannot send/recv


###!!! [Parent][MessageChannel] Error: (msgtype=0x3A014F,name=PContent::Reply_DiscardBrowsingContext) Closed channel: cannot send/recv


###!!! [Parent][MessageChannel] Error: (msgtype=0x3A014F,name=PContent::Reply_DiscardBrowsingContext) Closed channel: cannot send/recv


###!!! [Child][RunMessage] Error: Channel closing: too late to send/recv, messages will be lost


###!!! [Parent][MessageChannel] Error: (msgtype=0x3A014F,name=PContent::Reply_DiscardBrowsingContext) Closed channel: cannot send/recv


###!!! [Parent][MessageChannel] Error: (msgtype=0x3A014F,name=PContent::Reply_DiscardBrowsingContext) Closed channel: cannot send/recv


###!!! [Child][MessageChannel] Error: (msgtype=0x230030,name=PBrowser::Msg___delete__) Channel closing: too late to send/recv, messages will be lost


###!!! [Parent][MessageChannel] Error: (msgtype=0x3A014F,name=PContent::Reply_DiscardBrowsingContext) Closed channel: cannot send/recv


###!!! [Parent][MessageChannel] Error: (msgtype=0x3A014F,name=PContent::Reply_DiscardBrowsingContext) Closed channel: cannot send/recv


###!!! [Parent][MessageChannel] Error: (msgtype=0x3A014F,name=PContent::Reply_DiscardBrowsingContext) Closed channel: cannot send/recv


###!!! [Parent][MessageChannel] Error: (msgtype=0x3A014F,name=PContent::Reply_DiscardBrowsingContext) Closed channel: cannot send/recv


###!!! [Parent][MessageChannel] Error: (msgtype=0x3A014F,name=PContent::Reply_DiscardBrowsingContext) Closed channel: cannot send/recv


###!!! [Parent][MessageChannel] Error: (msgtype=0x3A014F,name=PContent::Reply_DiscardBrowsingContext) Closed channel: cannot send/recv


###!!! [Parent][MessageChannel] Error: (msgtype=0x3A014F,name=PContent::Reply_DiscardBrowsingContext) Closed channel: cannot send/recv


###!!! [Parent][MessageChannel] Error: (msgtype=0x3A014F,name=PContent::Reply_DiscardBrowsingContext) Closed channel: cannot send/recv


###!!! [Parent][MessageChannel] Error: (msgtype=0x3A014F,name=PContent::Reply_DiscardBrowsingContext) Closed channel: cannot send/recv


###!!! [Parent][MessageChannel] Error: (msgtype=0x3A014F,name=PContent::Reply_DiscardBrowsingContext) Closed channel: cannot send/recv


###!!! [Parent][MessageChannel] Error: (msgtype=0x3A014F,name=PContent::Reply_DiscardBrowsingContext) Closed channel: cannot send/recv


###!!! [Parent][MessageChannel] Error: (msgtype=0x3A014F,name=PContent::Reply_DiscardBrowsingContext) Closed channel: cannot send/recv


###!!! [Parent][MessageChannel] Error: (msgtype=0x3A014F,name=PContent::Reply_DiscardBrowsingContext) Closed channel: cannot send/recv


###!!! [Parent][MessageChannel] Error: (msgtype=0x3A014F,name=PContent::Reply_DiscardBrowsingContext) Closed channel: cannot send/recv


###!!! [Parent][MessageChannel] Error: (msgtype=0x3A014F,name=PContent::Reply_DiscardBrowsingContext) Closed channel: cannot send/recv


###!!! [Parent][MessageChannel] Error: (msgtype=0x3A014F,name=PContent::Reply_DiscardBrowsingContext) Closed channel: cannot send/recv


###!!! [Parent][MessageChannel] Error: (msgtype=0x3A014F,name=PContent::Reply_DiscardBrowsingContext) Closed channel: cannot send/recv


###!!! [Parent][MessageChannel] Error: (msgtype=0x3A014F,name=PContent::Reply_DiscardBrowsingContext) Closed channel: cannot send/recv


###!!! [Child][RunMessage] Error: Channel closing: too late to send/recv, messages will be lost


###!!! [Child][RunMessage] Error: Channel closing: too late to send/recv, messages will be lost


###!!! [Parent][MessageChannel] Error: (msgtype=0x3A007A,name=PContent::Msg_DestroyBrowsingContextGroup) Closed channel: cannot send/recv


###!!! [Parent][RunMessage] Error: Channel closing: too late to send/recv, messages will be lost

ing: too late to send/recv, messages will be lost


###!!! [Parent][MessageChannel] Error: (msgtype=0x3A014F,name=PContent::Reply_DiscardBrowsingContext) Closed channel: cannot send/recv


###!!! [Child][RunMessage] Error: Channel closing: too late to send/recv, messages will be lost


###!!! [Parent][MessageChannel] Error: (msgtype=0x3A014F,name=PContent::Reply_DiscardBrowsingContext) Closed channel: cannot send/recv


###!!! [Child][MessageChannel] Error: (msgtype=0x230030,name=PBrowser::Msg___delete__) Channel closing: too late to send/recv, messages will be lost


###!!! [Parent][MessageChannel] Error: (msgtype=0x3A007A,name=PContent::Msg_DestroyBrowsingContextGroup) Closed channel: cannot send/recv

