1642090339698	geckodriver	INFO	Listening on 127.0.0.1:57414
1642090342735	mozrunner::runner	INFO	Running command: "C:\\Program Files\\Mozilla Firefox\\firefox.exe" "--marionette" "-headless" "-no-remote" "-profile" "C:\\Users\\hp\\AppData\\Local\\Temp\\rust_mozprofileG7RbTq"
*** You are running in headless mode.
1642090343223	Marionette	INFO	Marionette enabled
[GFX1-]: RenderCompositorSWGL failed mapping default framebuffer, no dt
console.warn: SearchSettings: "get: No settings file exists, new profile?" (new NotFoundError("Could not open the file at C:\\Users\\hp\\AppData\\Local\\Temp\\rust_mozprofileoTnxed\\search.json.mozlz4", (void 0)))
1642090345306	Marionette	INFO	Listening on port 57453
1642090345432	RemoteAgent	WARN	TLS certificate errors will be ignored for this session
JavaScript error: https://medianews.az/, line 74: SecurityError: Permission denied to access property "document" on cross-origin object
JavaScript warning: https://cdn.ftd.agency/libs/e.js, line 47: WEBGL_debug_renderer_info is deprecated in Firefox and will be removed. Please use RENDERER.
JavaScript error: https://quantcast.mgr.consensu.org/choice/6Fv0cGNfc_bw8/www.themoneytizer.com/choice.js, line 18: TypeError: window.__tcfapi is not a function
JavaScript error: https://quantcast.mgr.consensu.org/tcfv2/cmp2.js?referer=www.themoneytizer.com, line 1: TypeError: window.__tcfapi is not a function
JavaScript warning: https://cdn.ftd.agency/libs/e.js, line 47: WEBGL_debug_renderer_info is deprecated in Firefox and will be removed. Please use RENDERER.
JavaScript warning: https://qaynarinfo.az/theme/frontend/new/style/default/js/jquery.js?ve, line 2: Using //@ to indicate sourceMappingURL pragmas is deprecated. Use //# instead
JavaScript warning: https://mc.yandex.ru/metrika/watch.js, line 10: WEBGL_debug_renderer_info is deprecated in Firefox and will be removed. Please use RENDERER.
JavaScript warning: https://mc.yandex.ru/metrika/watch.js, line 10: WEBGL_debug_renderer_info is deprecated in Firefox and will be removed. Please use RENDERER.
JavaScript warning: https://www.myjscript.com/ajax/jquery.min.php, line 3: Using //@ to indicate sourceMappingURL pragmas is deprecated. Use //# instead
console.warn: LoginHelper(Content): "Couldn't parse origin for" "about:blank" ({})
1642090407880	Marionette	WARN	Ignoring event 'pageshow' because document has an invalid readyState of 'uninitialized'.
JavaScript error: , line 0: uncaught exception: undefined
JavaScript warning: https://cdn.ftd.agency/libs/e.js, line 47: WEBGL_debug_renderer_info is deprecated in Firefox and will be removed. Please use RENDERER.
JavaScript warning: https://qaynarinfo.az/theme/frontend/new/style/default/js/jquery.js?ve, line 2: Using //@ to indicate sourceMappingURL pragmas is deprecated. Use //# instead
JavaScript error: https://medianews.az/, line 74: SecurityError: Permission denied to access property "document" on cross-origin object
JavaScript error: https://quantcast.mgr.consensu.org/choice/6Fv0cGNfc_bw8/www.themoneytizer.com/choice.js, line 18: TypeError: window.__tcfapi is not a function
JavaScript warning: https://www.myjscript.com/ajax/jquery.min.php, line 3: Using //@ to indicate sourceMappingURL pragmas is deprecated. Use //# instead
JavaScript warning: https://cdn.ftd.agency/libs/e.js, line 47: WEBGL_debug_renderer_info is deprecated in Firefox and will be removed. Please use RENDERER.
JavaScript error: https://quantcast.mgr.consensu.org/tcfv2/cmp2.js?referer=www.themoneytizer.com, line 1: TypeError: window.__tcfapi is not a function
JavaScript warning: https://pagead2.googlesyndication.com/bg/u1NYxsmA8ZVAu2sVzPZBh4qj2FMOPiJd8uWeqwBcPdE.js line 1 > eval line 1530 > eval line 1 > eval, line 1: WEBGL_debug_renderer_info is deprecated in Firefox and will be removed. Please use RENDERER.
JavaScript warning: https://cdn.ftd.agency/libs/e.js, line 47: WEBGL_debug_renderer_info is deprecated in Firefox and will be removed. Please use RENDERER.
JavaScript warning: https://qaynarinfo.az/theme/frontend/new/style/default/js/jquery.js?ve, line 2: Using //@ to indicate sourceMappingURL pragmas is deprecated. Use //# instead
JavaScript error: https://medianews.az/, line 74: SecurityError: Permission denied to access property "document" on cross-origin object
JavaScript error: https://quantcast.mgr.consensu.org/choice/6Fv0cGNfc_bw8/www.themoneytizer.com/choice.js, line 18: TypeError: window.__tcfapi is not a function
JavaScript warning: https://www.myjscript.com/ajax/jquery.min.php, line 3: Using //@ to indicate sourceMappingURL pragmas is deprecated. Use //# instead
JavaScript warning: https://cdn.ftd.agency/libs/e.js, line 47: WEBGL_debug_renderer_info is deprecated in Firefox and will be removed. Please use RENDERER.
JavaScript error: https://quantcast.mgr.consensu.org/tcfv2/cmp2.js?referer=www.themoneytizer.com, line 1: TypeError: window.__tcfapi is not a function
JavaScript warning: https://pagead2.googlesyndication.com/bg/u1NYxsmA8ZVAu2sVzPZBh4qj2FMOPiJd8uWeqwBcPdE.js line 1 > eval line 1953 > eval line 1 > eval, line 1: WEBGL_debug_renderer_info is deprecated in Firefox and will be removed. Please use RENDERER.
JavaScript warning: https://cdn.ftd.agency/libs/e.js, line 47: WEBGL_debug_renderer_info is deprecated in Firefox and will be removed. Please use RENDERER.
JavaScript warning: https://qaynarinfo.az/theme/frontend/new/style/default/js/jquery.js?ve, line 2: Using //@ to indicate sourceMappingURL pragmas is deprecated. Use //# instead
JavaScript warning: https://www.myjscript.com/ajax/jquery.min.php, line 3: Using //@ to indicate sourceMappingURL pragmas is deprecated. Use //# instead
JavaScript error: https://medianews.az/, line 74: SecurityError: Permission denied to access property "document" on cross-origin object
JavaScript error: https://quantcast.mgr.consensu.org/choice/6Fv0cGNfc_bw8/www.themoneytizer.com/choice.js, line 18: TypeError: window.__tcfapi is not a function
JavaScript error: https://quantcast.mgr.consensu.org/tcfv2/cmp2.js?referer=www.themoneytizer.com, line 1: TypeError: window.__tcfapi is not a function
JavaScript warning: https://cdn.ftd.agency/libs/e.js, line 47: WEBGL_debug_renderer_info is deprecated in Firefox and will be removed. Please use RENDERER.
console.warn: LoginHelper(Content): "Couldn't parse origin for" "about:blank" ({})
JavaScript warning: https://pagead2.googlesyndication.com/bg/u1NYxsmA8ZVAu2sVzPZBh4qj2FMOPiJd8uWeqwBcPdE.js line 1 > eval line 67 > eval, line 1: WEBGL_debug_renderer_info is deprecated in Firefox and will be removed. Please use RENDERER.
JavaScript warning: https://cdn.ftd.agency/libs/e.js, line 47: WEBGL_debug_renderer_info is deprecated in Firefox and will be removed. Please use RENDERER.
JavaScript warning: https://www.myjscript.com/ajax/jquery.min.php, line 3: Using //@ to indicate sourceMappingURL pragmas is deprecated. Use //# instead
JavaScript error: https://medianews.az/, line 74: SecurityError: Permission denied to access property "document" on cross-origin object
JavaScript error: https://quantcast.mgr.consensu.org/choice/6Fv0cGNfc_bw8/www.themoneytizer.com/choice.js, line 18: TypeError: window.__tcfapi is not a function
JavaScript error: https://quantcast.mgr.consensu.org/tcfv2/cmp2.js?referer=www.themoneytizer.com, line 1: TypeError: window.__tcfapi is not a function
JavaScript warning: https://cdn.ftd.agency/libs/e.js, line 47: WEBGL_debug_renderer_info is deprecated in Firefox and will be removed. Please use RENDERER.
JavaScript warning: https://pagead2.googlesyndication.com/bg/u1NYxsmA8ZVAu2sVzPZBh4qj2FMOPiJd8uWeqwBcPdE.js line 1 > eval line 7686 > eval, line 1: WEBGL_debug_renderer_info is deprecated in Firefox and will be removed. Please use RENDERER.
JavaScript warning: https://cdn.ftd.agency/libs/e.js, line 47: WEBGL_debug_renderer_info is deprecated in Firefox and will be removed. Please use RENDERER.
JavaScript warning: https://www.myjscript.com/ajax/jquery.min.php, line 3: Using //@ to indicate sourceMappingURL pragmas is deprecated. Use //# instead
JavaScript error: https://medianews.az/, line 74: SecurityError: Permission denied to access property "document" on cross-origin object
JavaScript error: https://quantcast.mgr.consensu.org/choice/6Fv0cGNfc_bw8/www.themoneytizer.com/choice.js, line 18: TypeError: window.__tcfapi is not a function
JavaScript error: https://quantcast.mgr.consensu.org/tcfv2/cmp2.js?referer=www.themoneytizer.com, line 1: TypeError: window.__tcfapi is not a function
JavaScript warning: https://cdn.ftd.agency/libs/e.js, line 47: WEBGL_debug_renderer_info is deprecated in Firefox and will be removed. Please use RENDERER.
JavaScript warning: https://pagead2.googlesyndication.com/bg/u1NYxsmA8ZVAu2sVzPZBh4qj2FMOPiJd8uWeqwBcPdE.js line 1 > eval line 3468 > eval, line 1: WEBGL_debug_renderer_info is deprecated in Firefox and will be removed. Please use RENDERER.
JavaScript warning: https://cdn.ftd.agency/libs/e.js, line 47: WEBGL_debug_renderer_info is deprecated in Firefox and will be removed. Please use RENDERER.
JavaScript warning: https://www.myjscript.com/ajax/jquery.min.php, line 3: Using //@ to indicate sourceMappingURL pragmas is deprecated. Use //# instead
JavaScript error: https://medianews.az/, line 74: SecurityError: Permission denied to access property "document" on cross-origin object
JavaScript error: https://quantcast.mgr.consensu.org/choice/6Fv0cGNfc_bw8/www.themoneytizer.com/choice.js, line 18: TypeError: window.__tcfapi is not a function
JavaScript error: https://quantcast.mgr.consensu.org/tcfv2/cmp2.js?referer=www.themoneytizer.com, line 1: TypeError: window.__tcfapi is not a function
JavaScript warning: https://cdn.ftd.agency/libs/e.js, line 47: WEBGL_debug_renderer_info is deprecated in Firefox and will be removed. Please use RENDERER.
JavaScript warning: https://pagead2.googlesyndication.com/bg/u1NYxsmA8ZVAu2sVzPZBh4qj2FMOPiJd8uWeqwBcPdE.js line 1 > eval line 2337 > eval, line 1: WEBGL_debug_renderer_info is deprecated in Firefox and will be removed. Please use RENDERER.
JavaScript warning: https://cdn.ftd.agency/libs/e.js, line 47: WEBGL_debug_renderer_info is deprecated in Firefox and will be removed. Please use RENDERER.
JavaScript error: https://medianews.az/, line 74: SecurityError: Permission denied to access property "document" on cross-origin object
JavaScript warning: https://www.myjscript.com/ajax/jquery.min.php, line 3: Using //@ to indicate sourceMappingURL pragmas is deprecated. Use //# instead
JavaScript error: https://quantcast.mgr.consensu.org/choice/6Fv0cGNfc_bw8/www.themoneytizer.com/choice.js, line 18: TypeError: window.__tcfapi is not a function
JavaScript error: https://quantcast.mgr.consensu.org/tcfv2/cmp2.js?referer=www.themoneytizer.com, line 1: TypeError: window.__tcfapi is not a function
JavaScript warning: https://cdn.ftd.agency/libs/e.js, line 47: WEBGL_debug_renderer_info is deprecated in Firefox and will be removed. Please use RENDERER.
JavaScript warning: https://pagead2.googlesyndication.com/bg/u1NYxsmA8ZVAu2sVzPZBh4qj2FMOPiJd8uWeqwBcPdE.js line 1 > eval line 4589 > eval line 1 > eval, line 1: WEBGL_debug_renderer_info is deprecated in Firefox and will be removed. Please use RENDERER.
JavaScript warning: https://cdn.ftd.agency/libs/e.js, line 47: WEBGL_debug_renderer_info is deprecated in Firefox and will be removed. Please use RENDERER.
JavaScript error: https://medianews.az/, line 74: SecurityError: Permission denied to access property "document" on cross-origin object
JavaScript warning: https://www.myjscript.com/ajax/jquery.min.php, line 3: Using //@ to indicate sourceMappingURL pragmas is deprecated. Use //# instead
JavaScript error: https://quantcast.mgr.consensu.org/choice/6Fv0cGNfc_bw8/www.themoneytizer.com/choice.js, line 18: TypeError: window.__tcfapi is not a function
JavaScript error: https://quantcast.mgr.consensu.org/tcfv2/cmp2.js?referer=www.themoneytizer.com, line 1: TypeError: window.__tcfapi is not a function
JavaScript warning: https://cdn.ftd.agency/libs/e.js, line 47: WEBGL_debug_renderer_info is deprecated in Firefox and will be removed. Please use RENDERER.
JavaScript error: , line 0: uncaught exception: undefined
JavaScript warning: https://cdn.ftd.agency/libs/e.js, line 47: WEBGL_debug_renderer_info is deprecated in Firefox and will be removed. Please use RENDERER.
JavaScript warning: https://www.myjscript.com/ajax/jquery.min.php, line 3: Using //@ to indicate sourceMappingURL pragmas is deprecated. Use //# instead
JavaScript error: https://medianews.az/, line 74: SecurityError: Permission denied to access property "document" on cross-origin object
JavaScript error: https://quantcast.mgr.consensu.org/choice/6Fv0cGNfc_bw8/www.themoneytizer.com/choice.js, line 18: TypeError: window.__tcfapi is not a function
JavaScript error: https://quantcast.mgr.consensu.org/tcfv2/cmp2.js?referer=www.themoneytizer.com, line 1: TypeError: window.__tcfapi is not a function
JavaScript warning: https://cdn.ftd.agency/libs/e.js, line 47: WEBGL_debug_renderer_info is deprecated in Firefox and will be removed. Please use RENDERER.
JavaScript warning: https://pagead2.googlesyndication.com/bg/u1NYxsmA8ZVAu2sVzPZBh4qj2FMOPiJd8uWeqwBcPdE.js line 1 > eval line 1682 > eval, line 1: WEBGL_debug_renderer_info is deprecated in Firefox and will be removed. Please use RENDERER.
JavaScript warning: https://cdn.ftd.agency/libs/e.js, line 47: WEBGL_debug_renderer_info is deprecated in Firefox and will be removed. Please use RENDERER.
JavaScript error: https://medianews.az/, line 74: SecurityError: Permission denied to access property "document" on cross-origin object
JavaScript error: https://quantcast.mgr.consensu.org/choice/6Fv0cGNfc_bw8/www.themoneytizer.com/choice.js, line 18: TypeError: window.__tcfapi is not a function
JavaScript error: https://quantcast.mgr.consensu.org/tcfv2/cmp2.js?referer=www.themoneytizer.com, line 1: TypeError: window.__tcfapi is not a function
JavaScript warning: https://www.myjscript.com/ajax/jquery.min.php, line 3: Using //@ to indicate sourceMappingURL pragmas is deprecated. Use //# instead
JavaScript warning: https://cdn.ftd.agency/libs/e.js, line 47: WEBGL_debug_renderer_info is deprecated in Firefox and will be removed. Please use RENDERER.
JavaScript warning: https://pagead2.googlesyndication.com/bg/u1NYxsmA8ZVAu2sVzPZBh4qj2FMOPiJd8uWeqwBcPdE.js line 1 > eval line 5064 > eval line 1 > eval, line 1: WEBGL_debug_renderer_info is deprecated in Firefox and will be removed. Please use RENDERER.
JavaScript warning: https://cdn.ftd.agency/libs/e.js, line 47: WEBGL_debug_renderer_info is deprecated in Firefox and will be removed. Please use RENDERER.
JavaScript warning: https://www.myjscript.com/ajax/jquery.min.php, line 3: Using //@ to indicate sourceMappingURL pragmas is deprecated. Use //# instead
JavaScript error: https://medianews.az/, line 74: SecurityError: Permission denied to access property "document" on cross-origin object
JavaScript error: https://quantcast.mgr.consensu.org/choice/6Fv0cGNfc_bw8/www.themoneytizer.com/choice.js, line 18: TypeError: window.__tcfapi is not a function
JavaScript warning: https://cdn.ftd.agency/libs/e.js, line 47: WEBGL_debug_renderer_info is deprecated in Firefox and will be removed. Please use RENDERER.
JavaScript error: https://quantcast.mgr.consensu.org/tcfv2/cmp2.js?referer=www.themoneytizer.com, line 1: TypeError: window.__tcfapi is not a function
JavaScript warning: https://pagead2.googlesyndication.com/bg/u1NYxsmA8ZVAu2sVzPZBh4qj2FMOPiJd8uWeqwBcPdE.js line 1 > eval line 4130 > eval, line 1: WEBGL_debug_renderer_info is deprecated in Firefox and will be removed. Please use RENDERER.
JavaScript warning: https://cdn.ftd.agency/libs/e.js, line 47: WEBGL_debug_renderer_info is deprecated in Firefox and will be removed. Please use RENDERER.
JavaScript warning: https://www.myjscript.com/ajax/jquery.min.php, line 3: Using //@ to indicate sourceMappingURL pragmas is deprecated. Use //# instead
JavaScript error: https://medianews.az/, line 74: SecurityError: Permission denied to access property "document" on cross-origin object
JavaScript error: https://quantcast.mgr.consensu.org/choice/6Fv0cGNfc_bw8/www.themoneytizer.com/choice.js, line 18: TypeError: window.__tcfapi is not a function
JavaScript warning: https://cdn.ftd.agency/libs/e.js, line 47: WEBGL_debug_renderer_info is deprecated in Firefox and will be removed. Please use RENDERER.
JavaScript error: https://quantcast.mgr.consensu.org/tcfv2/cmp2.js?referer=www.themoneytizer.com, line 1: TypeError: window.__tcfapi is not a function
JavaScript warning: https://pagead2.googlesyndication.com/bg/u1NYxsmA8ZVAu2sVzPZBh4qj2FMOPiJd8uWeqwBcPdE.js line 1 > eval line 3912 > eval line 1 > eval, line 1: WEBGL_debug_renderer_info is deprecated in Firefox and will be removed. Please use RENDERER.
console.warn: LoginHelper(Content): "Couldn't parse origin for" "about:blank" ({})
JavaScript warning: https://cdn.ftd.agency/libs/e.js, line 47: WEBGL_debug_renderer_info is deprecated in Firefox and will be removed. Please use RENDERER.
JavaScript warning: https://www.myjscript.com/ajax/jquery.min.php, line 3: Using //@ to indicate sourceMappingURL pragmas is deprecated. Use //# instead
JavaScript error: https://medianews.az/, line 74: SecurityError: Permission denied to access property "document" on cross-origin object
JavaScript error: https://quantcast.mgr.consensu.org/choice/6Fv0cGNfc_bw8/www.themoneytizer.com/choice.js, line 18: TypeError: window.__tcfapi is not a function
JavaScript error: https://quantcast.mgr.consensu.org/tcfv2/cmp2.js?referer=www.themoneytizer.com, line 1: TypeError: window.__tcfapi is not a function
JavaScript warning: https://cdn.ftd.agency/libs/e.js, line 47: WEBGL_debug_renderer_info is deprecated in Firefox and will be removed. Please use RENDERER.
JavaScript warning: https://pagead2.googlesyndication.com/bg/u1NYxsmA8ZVAu2sVzPZBh4qj2FMOPiJd8uWeqwBcPdE.js line 1 > eval line 3153 > eval, line 1: WEBGL_debug_renderer_info is deprecated in Firefox and will be removed. Please use RENDERER.
JavaScript warning: https://cdn.ftd.agency/libs/e.js, line 47: WEBGL_debug_renderer_info is deprecated in Firefox and will be removed. Please use RENDERER.
JavaScript error: https://medianews.az/, line 74: SecurityError: Permission denied to access property "document" on cross-origin object
JavaScript error: https://quantcast.mgr.consensu.org/choice/6Fv0cGNfc_bw8/www.themoneytizer.com/choice.js, line 18: TypeError: window.__tcfapi is not a function
JavaScript error: https://quantcast.mgr.consensu.org/tcfv2/cmp2.js?referer=www.themoneytizer.com, line 1: TypeError: window.__tcfapi is not a function
JavaScript warning: https://www.myjscript.com/ajax/jquery.min.php, line 3: Using //@ to indicate sourceMappingURL pragmas is deprecated. Use //# instead
JavaScript warning: https://cdn.ftd.agency/libs/e.js, line 47: WEBGL_debug_renderer_info is deprecated in Firefox and will be removed. Please use RENDERER.
JavaScript warning: https://pagead2.googlesyndication.com/bg/u1NYxsmA8ZVAu2sVzPZBh4qj2FMOPiJd8uWeqwBcPdE.js line 1 > eval line 6668 > eval, line 1: WEBGL_debug_renderer_info is deprecated in Firefox and will be removed. Please use RENDERER.
JavaScript warning: https://cdn.ftd.agency/libs/e.js, line 47: WEBGL_debug_renderer_info is deprecated in Firefox and will be removed. Please use RENDERER.
JavaScript error: https://medianews.az/, line 74: SecurityError: Permission denied to access property "document" on cross-origin object
JavaScript error: https://quantcast.mgr.consensu.org/choice/6Fv0cGNfc_bw8/www.themoneytizer.com/choice.js, line 18: TypeError: window.__tcfapi is not a function
JavaScript warning: https://www.myjscript.com/ajax/jquery.min.php, line 3: Using //@ to indicate sourceMappingURL pragmas is deprecated. Use //# instead
JavaScript error: https://quantcast.mgr.consensu.org/tcfv2/cmp2.js?referer=www.themoneytizer.com, line 1: TypeError: window.__tcfapi is not a function
JavaScript warning: https://cdn.ftd.agency/libs/e.js, line 47: WEBGL_debug_renderer_info is deprecated in Firefox and will be removed. Please use RENDERER.
JavaScript warning: https://pagead2.googlesyndication.com/bg/u1NYxsmA8ZVAu2sVzPZBh4qj2FMOPiJd8uWeqwBcPdE.js line 1 > eval line 4605 > eval line 1 > eval, line 1: WEBGL_debug_renderer_info is deprecated in Firefox and will be removed. Please use RENDERER.
JavaScript warning: https://cdn.ftd.agency/libs/e.js, line 47: WEBGL_debug_renderer_info is deprecated in Firefox and will be removed. Please use RENDERER.
JavaScript warning: https://www.myjscript.com/ajax/jquery.min.php, line 3: Using //@ to indicate sourceMappingURL pragmas is deprecated. Use //# instead
JavaScript error: https://medianews.az/, line 74: SecurityError: Permission denied to access property "document" on cross-origin object
JavaScript error: https://quantcast.mgr.consensu.org/choice/6Fv0cGNfc_bw8/www.themoneytizer.com/choice.js, line 18: TypeError: window.__tcfapi is not a function
JavaScript error: https://quantcast.mgr.consensu.org/tcfv2/cmp2.js?referer=www.themoneytizer.com, line 1: TypeError: window.__tcfapi is not a function
JavaScript warning: https://cdn.ftd.agency/libs/e.js, line 47: WEBGL_debug_renderer_info is deprecated in Firefox and will be removed. Please use RENDERER.
JavaScript warning: https://pagead2.googlesyndication.com/bg/u1NYxsmA8ZVAu2sVzPZBh4qj2FMOPiJd8uWeqwBcPdE.js line 1 > eval line 57 > eval line 1 > eval, line 1: WEBGL_debug_renderer_info is deprecated in Firefox and will be removed. Please use RENDERER.
JavaScript warning: https://cdn.ftd.agency/libs/e.js, line 47: WEBGL_debug_renderer_info is deprecated in Firefox and will be removed. Please use RENDERER.
JavaScript error: https://medianews.az/, line 74: SecurityError: Permission denied to access property "document" on cross-origin object
JavaScript warning: https://www.myjscript.com/ajax/jquery.min.php, line 3: Using //@ to indicate sourceMappingURL pragmas is deprecated. Use //# instead
JavaScript error: https://quantcast.mgr.consensu.org/choice/6Fv0cGNfc_bw8/www.themoneytizer.com/choice.js, line 18: TypeError: window.__tcfapi is not a function
JavaScript error: https://quantcast.mgr.consensu.org/tcfv2/cmp2.js?referer=www.themoneytizer.com, line 1: TypeError: window.__tcfapi is not a function
JavaScript warning: https://cdn.ftd.agency/libs/e.js, line 47: WEBGL_debug_renderer_info is deprecated in Firefox and will be removed. Please use RENDERER.
JavaScript warning: https://pagead2.googlesyndication.com/bg/u1NYxsmA8ZVAu2sVzPZBh4qj2FMOPiJd8uWeqwBcPdE.js line 1 > eval line 127 > eval, line 1: WEBGL_debug_renderer_info is deprecated in Firefox and will be removed. Please use RENDERER.
JavaScript warning: https://cdn.ftd.agency/libs/e.js, line 47: WEBGL_debug_renderer_info is deprecated in Firefox and will be removed. Please use RENDERER.
JavaScript error: https://medianews.az/, line 74: SecurityError: Permission denied to access property "document" on cross-origin object
JavaScript warning: https://www.myjscript.com/ajax/jquery.min.php, line 3: Using //@ to indicate sourceMappingURL pragmas is deprecated. Use //# instead
JavaScript error: https://quantcast.mgr.consensu.org/choice/6Fv0cGNfc_bw8/www.themoneytizer.com/choice.js, line 18: TypeError: window.__tcfapi is not a function
JavaScript error: https://quantcast.mgr.consensu.org/tcfv2/cmp2.js?referer=www.themoneytizer.com, line 1: TypeError: window.__tcfapi is not a function
JavaScript warning: https://cdn.ftd.agency/libs/e.js, line 47: WEBGL_debug_renderer_info is deprecated in Firefox and will be removed. Please use RENDERER.
JavaScript warning: https://pagead2.googlesyndication.com/bg/u1NYxsmA8ZVAu2sVzPZBh4qj2FMOPiJd8uWeqwBcPdE.js line 1 > eval line 6342 > eval line 1 > eval, line 1: WEBGL_debug_renderer_info is deprecated in Firefox and will be removed. Please use RENDERER.
JavaScript warning: https://cdn.ftd.agency/libs/e.js, line 47: WEBGL_debug_renderer_info is deprecated in Firefox and will be removed. Please use RENDERER.
JavaScript warning: https://www.myjscript.com/ajax/jquery.min.php, line 3: Using //@ to indicate sourceMappingURL pragmas is deprecated. Use //# instead
JavaScript error: https://medianews.az/, line 74: SecurityError: Permission denied to access property "document" on cross-origin object
JavaScript error: https://quantcast.mgr.consensu.org/choice/6Fv0cGNfc_bw8/www.themoneytizer.com/choice.js, line 18: TypeError: window.__tcfapi is not a function
JavaScript warning: https://cdn.ftd.agency/libs/e.js, line 47: WEBGL_debug_renderer_info is deprecated in Firefox and will be removed. Please use RENDERER.
JavaScript error: https://quantcast.mgr.consensu.org/tcfv2/cmp2.js?referer=www.themoneytizer.com, line 1: TypeError: window.__tcfapi is not a function
JavaScript warning: https://pagead2.googlesyndication.com/bg/u1NYxsmA8ZVAu2sVzPZBh4qj2FMOPiJd8uWeqwBcPdE.js line 1 > eval line 6888 > eval line 1 > eval, line 1: WEBGL_debug_renderer_info is deprecated in Firefox and will be removed. Please use RENDERER.
JavaScript warning: https://cdn.ftd.agency/libs/e.js, line 47: WEBGL_debug_renderer_info is deprecated in Firefox and will be removed. Please use RENDERER.
JavaScript error: https://medianews.az/, line 74: SecurityError: Permission denied to access property "document" on cross-origin object
JavaScript warning: https://www.myjscript.com/ajax/jquery.min.php, line 3: Using //@ to indicate sourceMappingURL pragmas is deprecated. Use //# instead
JavaScript error: https://quantcast.mgr.consensu.org/choice/6Fv0cGNfc_bw8/www.themoneytizer.com/choice.js, line 18: TypeError: window.__tcfapi is not a function
JavaScript warning: https://cdn.ftd.agency/libs/e.js, line 47: WEBGL_debug_renderer_info is deprecated in Firefox and will be removed. Please use RENDERER.
JavaScript error: https://quantcast.mgr.consensu.org/tcfv2/cmp2.js?referer=www.themoneytizer.com, line 1: TypeError: window.__tcfapi is not a function
JavaScript warning: https://pagead2.googlesyndication.com/bg/u1NYxsmA8ZVAu2sVzPZBh4qj2FMOPiJd8uWeqwBcPdE.js line 1 > eval line 1107 > eval line 1 > eval, line 1: WEBGL_debug_renderer_info is deprecated in Firefox and will be removed. Please use RENDERER.
JavaScript warning: https://cdn.ftd.agency/libs/e.js, line 47: WEBGL_debug_renderer_info is deprecated in Firefox and will be removed. Please use RENDERER.
JavaScript error: https://medianews.az/, line 74: SecurityError: Permission denied to access property "document" on cross-origin object
JavaScript warning: https://www.myjscript.com/ajax/jquery.min.php, line 3: Using //@ to indicate sourceMappingURL pragmas is deprecated. Use //# instead
JavaScript error: https://quantcast.mgr.consensu.org/choice/6Fv0cGNfc_bw8/www.themoneytizer.com/choice.js, line 18: TypeError: window.__tcfapi is not a function
JavaScript error: https://quantcast.mgr.consensu.org/tcfv2/cmp2.js?referer=www.themoneytizer.com, line 1: TypeError: window.__tcfapi is not a function
JavaScript warning: https://cdn.ftd.agency/libs/e.js, line 47: WEBGL_debug_renderer_info is deprecated in Firefox and will be removed. Please use RENDERER.
JavaScript warning: https://pagead2.googlesyndication.com/bg/u1NYxsmA8ZVAu2sVzPZBh4qj2FMOPiJd8uWeqwBcPdE.js line 1 > eval line 1083 > eval, line 1: WEBGL_debug_renderer_info is deprecated in Firefox and will be removed. Please use RENDERER.
JavaScript warning: https://cdn.ftd.agency/libs/e.js, line 47: WEBGL_debug_renderer_info is deprecated in Firefox and will be removed. Please use RENDERER.
JavaScript error: https://medianews.az/, line 74: SecurityError: Permission denied to access property "document" on cross-origin object
JavaScript warning: https://www.myjscript.com/ajax/jquery.min.php, line 3: Using //@ to indicate sourceMappingURL pragmas is deprecated. Use //# instead
JavaScript error: https://quantcast.mgr.consensu.org/choice/6Fv0cGNfc_bw8/www.themoneytizer.com/choice.js, line 18: TypeError: window.__tcfapi is not a function
JavaScript error: https://quantcast.mgr.consensu.org/tcfv2/cmp2.js?referer=www.themoneytizer.com, line 1: TypeError: window.__tcfapi is not a function
JavaScript warning: https://cdn.ftd.agency/libs/e.js, line 47: WEBGL_debug_renderer_info is deprecated in Firefox and will be removed. Please use RENDERER.
JavaScript warning: https://pagead2.googlesyndication.cJavaScript warning: https://pagead2.googlesyndication.com/bg/u1NYxsmA8ZVAu2sVzPZBh4qj2FMOPiJd8uWeqwBcPdE.js line 1 > eval line 2344 > eval line 1 > eval, line 1: WEBGL_debug_renderer_info is deprecated in Firefox and will be removed. Please use RENDERER.
JavaScript warning: https://cdn.ftd.agency/libs/e.js, line 47: WEBGL_debug_renderer_info is deprecated in Firefox and will be removed. Please use RENDERER.
JavaScript error: https://medianews.az/, line 74: SecurityError: Permission denied to access property "document" on cross-origin object
JavaScript error: https://quantcast.mgr.consensu.org/choice/6Fv0cGNfc_bw8/www.themoneytizer.com/choice.js, line 18: TypeError: window.__tcfapi is not a function
JavaScript error: https://quantcast.mgr.consensu.org/tcfv2/cmp2.js?referer=www.themoneytizer.com, line 1: TypeError: window.__tcfapi is not a function
JavaScript warning: https://www.myjscript.com/ajax/jquery.min.php, line 3: Using //@ to indicate sourceMappingURL pragmas is deprecated. Use //# instead
JavaScript warning: https://cdn.ftd.agency/libs/e.js, line 47: WEBGL_debug_renderer_info is deprecatedJavaScript warning: https://pagead2.googlesyndication.cJavaScript warning: https://pagead2.googlesyndication.com/bg/u1NYxsmA8ZVAu2sVzPZBh4qj2FMOPiJd8uWeqwBcPdE.js line 1 > eval line 6460 > eval, line 1: WEBGL_debug_renderer_info is deprecated in Firefox and will be removed. Please use RENDERER.
JavaScript warning: https://cdn.ftd.agency/libs/e.js, line 47: WEBGL_debug_renderer_info is deprecated in Firefox and will be removed. Please use RENDERER.
JavaScript error: https://medianews.az/, line 74: SecurityError: Permission denied to access property "document" on cross-origin object
JavaScript warning: https://www.myjscript.com/ajax/jquery.min.php, line 3: Using //@ to indicate sourceMappingURL pragmas is deprecated. Use //# instead
JavaScript error: https://quantcast.mgr.consensu.org/choice/6Fv0cGNfc_bw8/www.themoneytizer.com/choice.js, line 18: TypeError: window.__tcfapi is not a function
JavaScript warning: https://cdn.ftd.agency/libs/e.js, line 47: WEBGL_debug_renderer_info is deprecated in Firefox and will be removed. Please use RENDERER.
JavaScript error: https://quantcast.mgr.consensu.org/tcfv2/cmp2.js?referer=www.themoneytizer.com, line 1: TypeError: window.__tcfapi is not a function
JavaScript warning: https://pagead2.googlesyndication.com/bg/u1NYxsmA8ZVAu2sVzPZBh4qj2FMOPiJd8uWeqwBcPdE.js line 1 > eval line 4849 > eval, line 1: WEBGL_debug_renderer_info is deprecated in Firefox and will be removed. Please use RENDERER.
JavaScript warning: https://cdn.ftd.agency/libs/e.js, line 47: WEBGL_debug_renderer_info is deprecated in Firefox and will be removed. Please use RENDERER.
JavaScript error: https://medianews.az/, line 74: SecurityError: Permission denied to access property "document" on cross-origin object
JavaScript error: https://quantcast.mgr.consensu.org/choice/6Fv0cGNfc_bw8/www.themoneytizer.com/choice.js, line 18: TypeError: window.__tcfapi is not a function
JavaScript error: https://quantcast.mgr.consensu.org/tcfv2/cmp2.js?referer=www.themoneytizer.com, line 1: TypeError: window.__tcfapi is not a function
JavaScript warning: https://www.myjscript.com/ajax/jquery.min.php, line 3: Using //@ to indicate sourceMappingURL pragmas is deprecated. Use //# instead
JavaScript warning: https://cdn.ftd.agency/libs/e.js, line 47: WEBGL_debug_renderer_info is deprecated in Firefox and will be removed. Please use RENDERER.
JavaScript warning: https://pagead2.googlesyndication.com/bg/u1NYxsmA8ZVAu2sVzPZBh4qj2FMOPiJd8uWeqwBcPdE.js line 1 > eval line 1994 > eval line 1 > eval, line 1: WEBGL_debug_renderer_info is deprecated in Firefox and will be removed. Please use RENDERER.
JavaScript warning: https://cdn.ftd.agency/libs/e.js, line 47: WEBGL_debug_renderer_info is deprecated in Firefox and will be removed. Please use RENDERER.
JavaScript error: https://medianews.az/, line 74: SecurityError: Permission denied to access property "document" on cross-origin object
JavaScript error: https://quantcast.mgr.consensu.org/choice/6Fv0cGNfc_bw8/www.themoneytizer.com/choice.js, line 18: TypeError: window.__tcfapi is not a function
JavaScript warning: https://www.myjscript.com/ajax/jquery.min.php, line 3: Using //@ to indicate sourceMappingURL pragmas is deprecated. Use //# instead
JavaScript error: https://quantcast.mgr.consensu.org/tcfv2/cmp2.js?referer=www.themoneytizer.com, line 1: TypeError: window.__tcfapi is not a function
JavaScript warning: https://cdn.ftd.agency/libs/e.js, line 47: WEBGL_debug_renderer_info is deprecated in Firefox and will be removed. Please use RENDERER.
JavaScript warning: https://pagead2.googlesyndication.com/bg/u1NYxsmA8ZVAu2sVzPZBh4qj2FMOPiJd8uWeqwBcPdE.js line 1 > eval line 4309 > eval line 1 > eval, line 1: WEBGL_debug_renderer_info is deprecated in Firefox and will be removed. Please use RENDERER.
JavaScript warning: https://cdn.ftd.agency/libs/e.js, line 47: WEBGL_debug_renderer_info is deprecated in Firefox and will be removed. Please use RENDERER.
JavaScript error: https://medianews.az/, line 74: SecurityError: Permission denied to access property "document" on cross-origin object
JavaScript error: https://quantcast.mgr.consensu.org/choice/6Fv0cGNfc_bw8/www.themoneytizer.com/choice.js, line 18: TypeError: window.__tcfapi is not a function
JavaScript error: https://quantcast.mgr.consensu.org/tcfv2/cmp2.js?referer=www.themoneytizer.com, line 1: TypeError: window.__tcfapi is not a function
JavaScript warning: https://www.myjscript.com/ajax/jquery.min.php, line 3: Using //@ to indicate sourceMappingURL pragmas is deprecated. Use //# instead
JavaScript warning: https://cdn.ftd.agency/libs/e.js, line 47: WEBGL_debug_renderer_info is deprecated in Firefox and will be removed. Please use RENDERER.
1642090685463	Marionette	WARN	Ignoring event 'DOMContentLoaded' because document has an invalid readyState of 'complete'.
JavaScript warning: https://pagead2.googlesyndication.com/bg/u1NYxsmA8ZVAu2sVzPZBh4qj2FMOPiJd8uWeqwBcPdE.js line 1 > eval line 458 > eval, line 1: WEBGL_debug_renderer_info is deprecated in Firefox and will be removed. Please use RENDERER.
JavaScript warning: https://cdn.ftd.agency/libs/e.js, line 47: WEBGL_debug_renderer_info is deprecated in Firefox and will be removed. Please use RENDERER.
JavaScript error: https://medianews.az/, line 74: SecurityError: Permission denied to access property "document" on cross-origin object
JavaScript error: https://quantcast.mgr.consensu.org/choice/6Fv0cGNfc_bw8/www.themoneytizer.com/choice.js, line 18: TypeError: window.__tcfapi is not a function
JavaScript error: https://quantcast.mgr.consensu.org/tcfv2/cmp2.js?referer=www.themoneytizer.com, line 1: TypeError: window.__tcfapi is not a function
JavaScript warning: https://www.myjscript.com/ajax/jquery.min.php, line 3: Using //@ to indicate sourceMappingURL pragmas is deprecated. Use //# instead
JavaScript warning: https://cdn.ftd.agency/libs/e.js, line 47: WEBGL_debug_renderer_info is deprecated in Firefox and will be removed. Please use RENDERER.
JavaScript warning: https://mc.yandex.ru/metrika/tag.js, line 10: WEBGL_debug_renderer_info is deprecated in Firefox and will be removed. Please use RENDERER.
JavaScript warning: https://pagead2.googlesyndication.com/bg/u1NYxsmA8ZVAu2sVzPZBh4qj2FMOPiJd8uWeqwBcPdE.js line 1 > eval line 4888 > eval line 1 > eval, line 1: WEBGL_debug_renderer_info is deprecated in Firefox and will be removed. Please use RENDERER.
JavaScript warning: https://cdn.ftd.agency/libs/e.js, line 47: WEBGL_debug_renderer_info is deprecated in Firefox and will be removed. Please use RENDERER.
JavaScript error: https://medianews.az/, line 74: SecurityError: Permission denied to access property "document" on cross-origin object
JavaScript error: https://quantcast.mgr.consensu.org/choice/6Fv0cGNfc_bw8/www.themoneytizer.com/choice.js, line 18: TypeError: window.__tcfapi is not a function
JavaScript error: https://quantcast.mgr.consensu.org/tcfv2/cmp2.js?referer=www.themoneytizer.com, line 1: TypeError: window.__tcfapi is not a function
JavaScript warning: https://www.myjscript.com/ajax/jquery.min.php, line 3: Using //@ to indicate sourceMappingURL pragmas is deprecated. Use //# instead
JavaScript warning: https://cdn.ftd.agency/libs/e.js, line 47: WEBGL_debug_renderer_info is deprecated in Firefox and will be removed. Please use RENDERER.
JavaScript warning: https://pagead2.googlesyndication.com/bg/u1NYxsmA8ZVAu2sVzPZBh4qj2FMOPiJd8uWeqwBcPdE.js line 1 > eval line 4449 > eval, line 1: WEBGL_debug_renderer_info is deprecated in Firefox and will be removed. Please use RENDERER.
JavaScript warning: https://cdn.ftd.agency/libs/e.js, line 47: WEBGL_debug_renderer_info is deprecated in Firefox and will be removed. Please use RENDERER.
JavaScript error: https://medianews.az/, line 74: SecurityError: Permission denied to access property "document" on cross-origin object
JavaScript warning: https://www.myjscript.com/ajax/jquery.min.php, line 3: Using //@ to indicate sourceMappingURL pragmas is deprecated. Use //# instead
JavaScript error: https://quantcast.mgr.consensu.org/choice/6Fv0cGNfc_bw8/www.themoneytizer.com/choice.js, line 18: TypeError: window.__tcfapi is not a function
JavaScript warning: https://cdn.ftd.agency/libs/e.js, line 47: WEBGL_debug_renderer_info is deprecated in Firefox and will be removed. Please use RENDERER.
JavaScript error: https://quantcast.mgr.consensu.org/tcfv2/cmp2.js?referer=www.themoneytizer.com, line 1: TypeError: window.__tcfapi is JavaScript warniJavaScript warning: https://pagead2.googlesyndication.com/bg/u1NYxsmA8ZVAu2sVzPZBh4qj2FMOPiJd8uWeqwBcPdE.js line 1 > eval line 6166 > eval line 1 > eval, line 1: WEBGL_debug_renderer_info is deprecated in Firefox and will be removed. Please use RENDERER.
JavaScript warning: https://cdn.ftd.agency/libs/e.js, line 47: WEBGL_debug_renderer_info is deprecated in Firefox and will be removed. Please use RENDERER.
JavaScript error: https://medianews.az/, line 74: SecurityError: Permission denied to access property "document" on cross-origin object
JavaScript error: https://quantcast.mgr.consensu.org/choice/6Fv0cGNfc_bw8/www.themoneytizer.com/choice.js, line 18: TypeError: window.__tcfapi is not a function
JavaScript error: https://quantcast.mgr.consensu.org/tcfv2/cmp2.js?referer=www.themoneytizer.com, line 1: TypeError: window.__tcfapi is not a function
JavaScript warning: https://www.myjscript.com/ajax/jquery.min.php, line 3: Using //@ to indicate sourceMappingURL pragmas is deprecated. Use //# instead
JavaScript warning: https://cdn.ftd.agency/libs/e.js, line 47: WEBGL_debug_renderer_info is deprecated in Firefox and will be removed. Please use RENDERER.
JavaScript warning: https://pagead2.googlesyndication.com/bg/u1NYxsmA8ZVAu2sVzPZBh4qj2FMOPiJd8uWeqwBcPdE.js line 1 > eval line 6157 > eval line 1 > eval, line 1: WEBGL_debug_renderer_info is deprecated in Firefox and will be removed. Please use RENDERER.
1642090726731	Marionette	INFO	Stopped listening on port 57454

###!!! [Parent][MessageChannel] Error: (msgtype=0x3A014F,name=PContent::Reply_DiscardBrowsingContext) Closed channel: cannot send/recv


###!!! [Parent][MessageChannel] Error: (msgtype=0x3A014F,name=PContent::Reply_DiscardBrowsingContext) Closed channel: cannot send/recv


###!!! [Parent][MessageChannel] Error: (msgtype=0x3A014F,name=PContent::Reply_DiscardBrowsingContext) Closed channel: cannot send/recv


###!!! [Parent][MessageChannel] Error: (msgtype=0x3A014F,name=PContent::Reply_DiscardBrowsingContext) Closed channel: cannot send/recv


###!!! [Parent][MessageChannel] Error: (msgtype=0x3A014F,name=PContent::Reply_DiscardBrowsingContext) Closed channel: cannot send/recv


###!!! [Parent][MessageChannel] Error: (msgtype=0x3A014F,name=PContent::Reply_DiscardBrowsingContext) Closed channel: cannot send/recv


###!!! [Parent][MessageChannel] Error: (msgtype=0x3A014F,name=PContent::Reply_DiscardBrowsingContext) Closed channel: cannot send/recv


###!!! [Parent][MessageChannel] Error: (msgtype=0x3A014F,name=PContent::Reply_DiscardBrowsingContext) Closed channel: cannot send/recv


###!!! [Parent][MessageChannel] Error: (msgtype=0x3A014F,name=PContent::Reply_DiscardBrowsingContext) Closed channel: cannot send/recv


###!!! [Parent][MessageChannel] Error: (msgtype=0x3A014F,name=PContent::Reply_DiscardBrowsingContext) Closed channel: cannot send/recv


###!!! [Parent][MessageChannel] Error: (msgtype=0x3A014F,name=PContent::Reply_DiscardBrowsingContext) Closed channel: cannot send/recv


###!!! [Parent][MessageChannel] Error: (msgtype=0x3A014F,name=PContent::Reply_DiscardBrowsingContext) Closed channel: cannot send/recv


###!!! [Parent][MessageChannel] Error: (msgtype=0x3A014F,name=PContent::Reply_DiscardBrowsingContext) Closed channel: cannot send/recv


###!!! [Parent][MessageChannel] Error: (msgtype=0x3A014F,name=PContent::Reply_DiscardBrowsingContext) Closed channel: cannot send/recv


###!!! [Parent][MessageChannel] Error: (msgtype=0x3A014F,name=PContent::Reply_DiscardBrowsingContext) Closed channel: cannot send/recv


###!!! [Parent][MessageChannel] Error: (msgtype=0x3A014F,name=PContent::Reply_DiscardBrowsingContext) Closed channel: cannot send/recv


###!!! [Parent][MessageChannel] Error: (msgtype=0x3A014F,name=PContent::Reply_DiscardBrowsingContext) Closed channel: cannot send/recv


###!!! [Parent][MessageChannel] Error: (msgtype=0x3A014F,name=PContent::Reply_DiscardBrowsingContext) Closed channel: cannot send/recv


###!!! [Parent][MessageChannel] Error: (msgtype=0x3A014F,name=PContent::Reply_DiscardBrowsingContext) Closed channel: cannot send/recv


###!!! [Parent][MessageChannel] Error: (msgtype=0x3A014F,name=PContent::Reply_DiscardBrowsingContext) Closed channel: cannot send/recv


###!!! [Parent][MessageChannel] Error: (msgtype=0x3A014F,name=PContent::Reply_DiscardBrowsingContext) Closed channel: cannot send/recv


###!!! [Parent][MessageChannel] Error: (msgtype=0x3A014F,name=PContent::Reply_DiscardBrowsingContext) Closed channel: cannot send/recv


###!!! [Parent][MessageChannel] Error: (msgtype=0x3A014F,name=PContent::Reply_DiscardBrowsingContext) Closed channel: cannot send/recv


###!!! [Parent][MessageChannel] Error: (msgtype=0x3A014F,name=PContent::Reply_DiscardBrowsingContext) Closed channel: cannot send/recv


###!!! [Parent][MessageChannel] Error: (msgtype=0x3A014F,name=PContent::Reply_DiscardBrowsingContext) Closed channel: cannot send/recv


###!!! [Parent][MessageChannel] Error: (msgtype=0x3A014F,name=PContent::Reply_DiscardBrowsingContext) Closed channel: cannot send/recv


###!!! [Parent][MessageChannel] Error: (msgtype=0x3A014F,name=PContent::Reply_DiscardBrowsingContext) Closed channel: cannot send/recv


###!!! [Parent][MessageChannel] Error: (msgtype=0x3A014F,name=PContent::Reply_DiscardBrowsingContext) Closed channel: cannot send/recv


###!!! [Parent][MessageChannel] Error: (msgtype=0x3A014F,name=PContent::Reply_DiscardBrowsingContext) Closed channel: cannot send/recv


###!!! [Parent][MessageChannel] Error: (msgtype=0x3A014F,name=PContent::Reply_DiscardBrowsingContext) Closed channel: cannot send/recv


###!!! [Parent][MessageChannel] Error: (msgtype=0x3A014F,name=PContent::Reply_DiscardBrowsingContext) Closed channel: cannot send/recv


###!!! [Parent][MessageChannel] Error: (msgtype=0x3A014F,name=PContent::Reply_DiscardBrowsingContext) Closed channel: cannot send/recv


###!!! [Parent][MessageChannel] Error: (msgtype=0x3A007A,name=PContent::Msg_DestroyBrowsingContextGroup) Closed channel: cannot send/recv


###!!! [Child][RunMessage] Error: Channel closing: too late to send/recv, messages will be lost


###!!! [Child][RunMessage] Error: Channel closing: too late to send/recv, messages will be lost


###!!! [Child][RunMessage] Error: Channel closing: too late to send/recv, messages will be lost


###!!! [Child][RunMessage] Error: Channel closing: too late to send/recv, messages will be lost


###!!! [Child][RunMessage] Error: Channel closing: too late to send/recv, messages will be lost


###!!! [Child][RunMessage] Error: Channel closing: too late to send/recv, messages will be lost


###!!! [Child][RunMessage] Error: Channel closing: too late to send/recv, messages will be lost


###!!! [Child][RunMessage] Error: Channel closing: too late to send/recv, messages will be lost


###!!! [Child][RunMessage] Error: Channel closing: too late to send/recv, messages will be lost


###!!! [Child][RunMessage] Error: Channel closing: too late to send/recv, messages will be lost


###!!! [Child][RunMessage] Error: Channel closing: too late to send/recv, messages will be lost


###!!! [Child][RunMessage] Error: Channel closing: too late to send/recv, messages will be lost


###!!! [Child][RunMessage] Error: Channel closing: too late to send/recv, messages will be lost


###!!! [Child][RunMessage] Error: Channel closing: too late to send/recv, messages will be lost


###!!! [Child][RunMessage] Error: Channel closing: too late to send/recv, messages will be lost


###!!! [Child][RunMessage] Error: Channel closing: too late to send/recv, messages will be lost


###!!! [Child][RunMessage] Error: Channel closing: too late to send/recv, messages will be lost


###!!! [Child][RunMessage] Error: Channel closing: too late to send/recv, messages will be lost


###!!! [Child][RunMessage] Error: Channel closing: too late to send/recv, messages will be lost


###!!! [Child][RunMessage] Error: Channel closing: too late to send/recv, messages will be lost


###!!! [Child][RunMessage] Error: Channel closing: too late to send/recv, messages will be lost


###!!! [Child][RunMessage] Error: Channel closing: too late to send/recv, messages will be lost


###!!! [Child][RunMessage] Error: Channel closing: too late to send/recv, messages will be lost


###!!! [Child][RunMessage] Error: Channel closing: too late to send/recv, messages will be lost


###!!! [Child][RunMessage] Error: Channel closing: too late to send/recv, messages will be lost


###!!! [Child][RunMessage] Error: Channel closing: too late to send/recv, messages will be lost


###!!! [Child][RunMessage] Error: Channel closing: too late to send/recv, messages will be lost


###!!! [Child][RunMessage] Error: Channel closing: too late to send/recv, messages will be lost


###!!! [Child][RunMessage] Error: Channel closing: too late to send/recv, messages will be lost


###!!! [Child][RunMessage] Error: Channel closing: too late to send/recv, messages will be lost


###!!! [Child][RunMessage] Error: Channel closing: too late to send/recv, messages will be lost


###!!! [Child][RunMessage] Error: Channel closing: too late to send/recv, messages will be lost


###!!! [Child][RunMessage] Error: Channel closing: too late to send/recv, messages will be lost


###!!! [Child][RunMessage] Error: Channel closing: too late to send/recv, messages will be lost


###!!! [Child][RunMessage] Error: Channel closing: too late to send/recv, messages will be lost


###!!! [Child][RunMessage] Error: Channel closing: too late to send/recv, messages will be lost


###!!! [Child][RunMessage] Error: Channel closing: too late to send/recv, messages will be lost


###!!! [Child][RunMessage] Error: Channel closing: too late to send/recv, messages will be lost


###!!! [Child][RunMessage] Error: Channel closing: too late to send/recv, messages will be lost


###!!! [Child][MessageChannel] Error: (msgtype=0x3A0147,name=PContent::Msg_ScriptError) Channel closing: too late to send/recv, messages will be lost


###!!! [Child][RunMessage] Error: Channel closing: too late to send/recv, messages will be lost


###!!! [Child][RunMessage] Error: Channel closing: too late to send/recv, messages will be lost


###!!! [Child][RunMessage] Error: Channel closing: too late to send/recv, messages will be lost

